2020-05-19T12:57:36: ********************************************************************************
2020-05-19T12:57:36: *                                    cssens                                    *
2020-05-19T12:57:36: * ---------------------------------------------------------------------------- *
2020-05-19T12:57:36: * Version: 1.6.3                                                               *
2020-05-19T12:57:36: ********************************************************************************
2020-05-19T12:57:37: +============+
2020-05-19T12:57:37: | Parameters |
2020-05-19T12:57:37: +============+
2020-05-19T12:57:37:  inobs .....................: NONE
2020-05-19T12:57:37:  inmodel ...................: grb.xml
2020-05-19T12:57:37:  srcname ...................: GRB
2020-05-19T12:57:37:  caldb .....................: prod2
2020-05-19T12:57:37:  irf .......................: North_0.5h
2020-05-19T12:57:37:  edisp .....................: no
2020-05-19T12:57:37:  deadc .....................: 0.98
2020-05-19T12:57:37:  outfile ...................: ./outputs/sensi-5.0sigma_obstime-1.0_irf-North_0.5h.txt
2020-05-19T12:57:37:  offset ....................: 0
2020-05-19T12:57:37:  duration ..................: 1
2020-05-19T12:57:37:  rad .......................: 2.25
2020-05-19T12:57:37:  emin ......................: 0.03
2020-05-19T12:57:37:  emax ......................: 10
2020-05-19T12:57:37:  bins ......................: 1
2020-05-19T12:57:37:  enumbins ..................: 0
2020-05-19T12:57:37:  npix ......................: 200
2020-05-19T12:57:37:  binsz .....................: 0.2
2020-05-19T12:57:37:  type ......................: Integral
2020-05-19T12:57:37:  sigma .....................: 5
2020-05-19T12:57:37:  max_iter ..................: 50
2020-05-19T12:57:37:  statistic .................: DEFAULT
2020-05-19T12:57:37:  nthreads ..................: 0
2020-05-19T12:57:37:  chatter ...................: 2
2020-05-19T12:57:37:  clobber ...................: yes
2020-05-19T12:57:37:  debug .....................: no
2020-05-19T12:57:37:  mode ......................: ql
2020-05-19T12:57:37:  logfile ...................: cssens.log
2020-05-19T12:57:37: 
2020-05-19T12:57:37: WARNING: Energy dispersion will *NOT* be considered for the computation. To consider
2020-05-19T12:57:37:          energy dispersion, please set the "edisp" parameter to "yes". Be aware that
2020-05-19T12:57:37:          using energy dispersion will considerably slow down the computations.
2020-05-19T12:57:37: 
2020-05-19T12:57:37: +=================+
2020-05-19T12:57:37: | Multiprocessing |
2020-05-19T12:57:37: +=================+
2020-05-19T12:57:37:  Multiprocessing ...........: available
2020-05-19T12:57:37:  Processes available .......: 64
2020-05-19T12:57:37: 
2020-05-19T12:57:37: +===================+
2020-05-19T12:57:37: | Input observation |
2020-05-19T12:57:37: +===================+
2020-05-19T12:57:37: === GObservations ===
2020-05-19T12:57:37:  Number of observations ....: 1
2020-05-19T12:57:37:  Number of models ..........: 2
2020-05-19T12:57:37:  Number of observed events .: 0
2020-05-19T12:57:37:  Number of predicted events : 0
2020-05-19T12:57:37: 
2020-05-19T12:57:37: +==============+
2020-05-19T12:57:37: | Input models |
2020-05-19T12:57:37: +==============+
2020-05-19T12:57:37: === GModels ===
2020-05-19T12:57:37:  Number of models ..........: 2
2020-05-19T12:57:37:  Number of parameters ......: 10
2020-05-19T12:57:37: === GModelSky ===
2020-05-19T12:57:37:  Name ......................: GRB
2020-05-19T12:57:37:  Instruments ...............: all
2020-05-19T12:57:37:  Test Statistic ............: Computation requested
2020-05-19T12:57:37:  Observation identifiers ...: all
2020-05-19T12:57:37:  Model type ................: PointSource
2020-05-19T12:57:37:  Model components ..........: "PointSource" * "PowerLaw" * "Constant"
2020-05-19T12:57:37:  Number of parameters ......: 6
2020-05-19T12:57:37:  Number of spatial par's ...: 2
2020-05-19T12:57:37:   RA .......................: 266.404994802193 [-360,360] deg (fixed,scale=1)
2020-05-19T12:57:37:   DEC ......................: -28.9361739597975 [-90,90] deg (fixed,scale=1)
2020-05-19T12:57:37:  Number of spectral par's ..: 3
2020-05-19T12:57:37:   Prefactor ................: 5.7e-07 +/- 0 [1e-17,1000] ph/cm2/s/MeV (free,scale=1e-07,gradient)
2020-05-19T12:57:37:   Index ....................: -2.1 [-0,-5]  (fixed,scale=-1,gradient)
2020-05-19T12:57:37:   PivotEnergy ..............: 1000 [10,1000000] MeV (fixed,scale=1000,gradient)
2020-05-19T12:57:37:  Number of temporal par's ..: 1
2020-05-19T12:57:37:   Normalization ............: 1 (relative value) (fixed,scale=1,gradient)
2020-05-19T12:57:37:  Number of scale par's .....: 0
2020-05-19T12:57:37: === GCTAModelIrfBackground ===
2020-05-19T12:57:37:  Name ......................: CTABackgroundModel
2020-05-19T12:57:37:  Instruments ...............: CTA
2020-05-19T12:57:37:  Observation identifiers ...: all
2020-05-19T12:57:37:  Model type ................: "PowerLaw" * "Constant"
2020-05-19T12:57:37:  Number of parameters ......: 4
2020-05-19T12:57:37:  Number of spectral par's ..: 3
2020-05-19T12:57:37:   Prefactor ................: 1 +/- 0 [0.001,1000] ph/cm2/s/MeV (free,scale=1,gradient)
2020-05-19T12:57:37:   Index ....................: 0 +/- 0 [-5,5]  (free,scale=1,gradient)
2020-05-19T12:57:37:   PivotEnergy ..............: 1000000 [10000,1000000000000] MeV (fixed,scale=1000000,gradient)
2020-05-19T12:57:37:  Number of temporal par's ..: 1
2020-05-19T12:57:37:   Normalization ............: 1 (relative value) (fixed,scale=1,gradient)
2020-05-19T12:57:37: 
2020-05-19T12:57:37: +===========================+
2020-05-19T12:57:37: | Sensitivity determination |
2020-05-19T12:57:37: +===========================+
2020-05-19T12:57:37:  Type ......................: Integral
2020-05-19T12:57:37: 
2020-05-19T12:57:37: +---------------------------+
2020-05-19T12:57:37: | Energies: 30 GeV - 10 TeV |
2020-05-19T12:57:37: +---------------------------+
2020-05-19T12:57:37: === Initial parameters ===
2020-05-19T12:57:37:  Crab flux .................: 3.4886245596327748e-09 ph/cm2/s
2020-05-19T12:57:37:  Source model flux .........: 1.2272113477562559e-05 ph/cm2/s
2020-05-19T12:57:37:  Crab unit factor ..........: 0.0002842725147555979
2020-05-19T12:57:37: === Iterations ===
2020-05-19T12:57:55:  Iteration 1 ...............: TS=   -0.0000  Sim= 100.0000 mCrab  Fit=   0.0001 mCrab  Sens=8.528139e-18 erg/cm2/s
2020-05-19T12:58:14:  Iteration 2 ...............: TS=   -0.0010  Sim= 300.0000 mCrab  Fit=   0.0001 mCrab  Sens=8.528139e-18 erg/cm2/s
2020-05-19T12:58:33:  Iteration 3 ...............: TS=   -4.0444  Sim= 900.0000 mCrab  Fit= 900.0000 mCrab  Sens=1.243674e-10 erg/cm2/s
2020-05-19T12:58:52:  Iteration 4 ...............: TS=   10.2905  Sim=2700.0000 mCrab  Fit= 967.1849 mCrab  Sens=1.336514e-10 erg/cm2/s
2020-05-19T12:59:10:  Iteration 5 ...............: TS=    9.9115  Sim=1507.5126 mCrab  Fit= 859.0730 mCrab  Sens=1.187119e-10 erg/cm2/s
2020-05-19T12:59:29:  Iteration 6 ...............: TS=  227.7596  Sim=15967.8474 mCrab  Fit=13573.0379 mCrab  Sens=1.875604e-09 erg/cm2/s
2020-05-19T12:59:48:  Iteration 7 ...............: TS=    9.0864  Sim=1999.6868 mCrab  Fit= 994.7557 mCrab  Sens=1.374613e-10 erg/cm2/s
2020-05-19T12:59:48:  Converged result ..........: TS=    9.0864  Sim=2084.7097 mCrab                       Sens=2.880777e-10 erg/cm2/s
2020-05-19T12:59:48:  Converged flux ratio ......: 1.0425180795498372
2020-05-19T12:59:48:  Regression coefficient ....: 0.9954104444075325
2020-05-19T12:59:48: === Fit results ===
2020-05-19T12:59:48:  Photon flux ...............: 7.2727692957918254e-09 ph/cm2/s
2020-05-19T12:59:48:  Energy flux ...............: 1.6971145330675464e-09 erg/cm2/s
2020-05-19T12:59:48:  Crab flux .................: 2084.7096531813054 mCrab
2020-05-19T12:59:48:  Differential sensitivity ..: 2.8807765426918417e-10 erg/cm2/s
2020-05-19T12:59:48:  Number of simulated events : 23.0
2020-05-19T12:59:48: === Test source model fitting ===
2020-05-19T12:59:48:  log likelihood ............: 79.38582075396285
2020-05-19T12:59:48:  Number of predicted events : 22.979055857330625