2020-05-26T16:26:20: ********************************************************************************
2020-05-26T16:26:20: *                                    cssens                                    *
2020-05-26T16:26:20: * ---------------------------------------------------------------------------- *
2020-05-26T16:26:20: * Version: 1.6.3                                                               *
2020-05-26T16:26:20: ********************************************************************************
2020-05-26T16:26:20: +============+
2020-05-26T16:26:20: | Parameters |
2020-05-26T16:26:20: +============+
2020-05-26T16:26:20:  inobs .....................: NONE
2020-05-26T16:26:20:  inmodel ...................: /astri01/data1/gershon/ctools_patricelli/notebooks/grb.xml
2020-05-26T16:26:20:  srcname ...................: GRB
2020-05-26T16:26:20:  caldb .....................: prod2
2020-05-26T16:26:20:  irf .......................: North_0.5h
2020-05-26T16:26:20:  edisp .....................: no
2020-05-26T16:26:20:  deadc .....................: 0.98
2020-05-26T16:26:20:  outfile ...................: /astri01/data1/gershon/ctools_patricelli/notebooks/outputs/sensi-5.0sigma_obstime-1000.0_irf-North_0.5h.txt
2020-05-26T16:26:20:  offset ....................: 0
2020-05-26T16:26:20:  duration ..................: 1000
2020-05-26T16:26:20:  rad .......................: 2.25
2020-05-26T16:26:20:  emin ......................: 0.03
2020-05-26T16:26:20:  emax ......................: 10
2020-05-26T16:26:20:  bins ......................: 1
2020-05-26T16:26:20:  enumbins ..................: 0
2020-05-26T16:26:20:  npix ......................: 200
2020-05-26T16:26:20:  binsz .....................: 0.2
2020-05-26T16:26:20:  type ......................: Integral
2020-05-26T16:26:20:  sigma .....................: 5
2020-05-26T16:26:20:  max_iter ..................: 50
2020-05-26T16:26:20:  statistic .................: DEFAULT
2020-05-26T16:26:20:  nthreads ..................: 0
2020-05-26T16:26:20:  chatter ...................: 2
2020-05-26T16:26:20:  clobber ...................: yes
2020-05-26T16:26:20:  debug .....................: no
2020-05-26T16:26:20:  mode ......................: ql
2020-05-26T16:26:20:  logfile ...................: /astri01/data1/gershon/ctools_patricelli/notebooks/logs/sensi-5.0sigma_obstime-1000.0_irf-North_0.5h.log
2020-05-26T16:26:20: 
2020-05-26T16:26:20: WARNING: Energy dispersion will *NOT* be considered for the computation. To consider
2020-05-26T16:26:20:          energy dispersion, please set the "edisp" parameter to "yes". Be aware that
2020-05-26T16:26:20:          using energy dispersion will considerably slow down the computations.
2020-05-26T16:26:20: 
2020-05-26T16:26:20: +=================+
2020-05-26T16:26:20: | Multiprocessing |
2020-05-26T16:26:20: +=================+
2020-05-26T16:26:20:  Multiprocessing ...........: available
2020-05-26T16:26:20:  Processes available .......: 64
2020-05-26T16:26:20: 
2020-05-26T16:26:20: +===================+
2020-05-26T16:26:20: | Input observation |
2020-05-26T16:26:20: +===================+
2020-05-26T16:26:20: === GObservations ===
2020-05-26T16:26:20:  Number of observations ....: 1
2020-05-26T16:26:20:  Number of models ..........: 2
2020-05-26T16:26:20:  Number of observed events .: 0
2020-05-26T16:26:20:  Number of predicted events : 0
2020-05-26T16:26:20: 
2020-05-26T16:26:20: +==============+
2020-05-26T16:26:20: | Input models |
2020-05-26T16:26:20: +==============+
2020-05-26T16:26:20: === GModels ===
2020-05-26T16:26:20:  Number of models ..........: 2
2020-05-26T16:26:20:  Number of parameters ......: 10
2020-05-26T16:26:20: === GModelSky ===
2020-05-26T16:26:20:  Name ......................: GRB
2020-05-26T16:26:20:  Instruments ...............: all
2020-05-26T16:26:20:  Test Statistic ............: Computation requested
2020-05-26T16:26:20:  Observation identifiers ...: all
2020-05-26T16:26:20:  Model type ................: PointSource
2020-05-26T16:26:20:  Model components ..........: "PointSource" * "PowerLaw" * "Constant"
2020-05-26T16:26:20:  Number of parameters ......: 6
2020-05-26T16:26:20:  Number of spatial par's ...: 2
2020-05-26T16:26:20:   RA .......................: 266.404994802193 [-360,360] deg (fixed,scale=1)
2020-05-26T16:26:20:   DEC ......................: -28.9361739597975 [-90,90] deg (fixed,scale=1)
2020-05-26T16:26:20:  Number of spectral par's ..: 3
2020-05-26T16:26:20:   Prefactor ................: 5.7e-07 +/- 0 [1e-17,1000] ph/cm2/s/MeV (free,scale=1e-07,gradient)
2020-05-26T16:26:20:   Index ....................: -2.1 [-0,-5]  (fixed,scale=-1,gradient)
2020-05-26T16:26:20:   PivotEnergy ..............: 1000 [10,1000000] MeV (fixed,scale=1000,gradient)
2020-05-26T16:26:20:  Number of temporal par's ..: 1
2020-05-26T16:26:20:   Normalization ............: 1 (relative value) (fixed,scale=1,gradient)
2020-05-26T16:26:20:  Number of scale par's .....: 0
2020-05-26T16:26:20: === GCTAModelIrfBackground ===
2020-05-26T16:26:20:  Name ......................: CTABackgroundModel
2020-05-26T16:26:20:  Instruments ...............: CTA
2020-05-26T16:26:20:  Observation identifiers ...: all
2020-05-26T16:26:20:  Model type ................: "PowerLaw" * "Constant"
2020-05-26T16:26:20:  Number of parameters ......: 4
2020-05-26T16:26:20:  Number of spectral par's ..: 3
2020-05-26T16:26:20:   Prefactor ................: 1 +/- 0 [0.001,1000] ph/cm2/s/MeV (free,scale=1,gradient)
2020-05-26T16:26:20:   Index ....................: 0 +/- 0 [-5,5]  (free,scale=1,gradient)
2020-05-26T16:26:20:   PivotEnergy ..............: 1000000 [10000,1000000000000] MeV (fixed,scale=1000000,gradient)
2020-05-26T16:26:20:  Number of temporal par's ..: 1
2020-05-26T16:26:20:   Normalization ............: 1 (relative value) (fixed,scale=1,gradient)
2020-05-26T16:26:20: 
2020-05-26T16:26:20: +===========================+
2020-05-26T16:26:20: | Sensitivity determination |
2020-05-26T16:26:20: +===========================+
2020-05-26T16:26:20:  Type ......................: Integral
2020-05-26T16:26:20: 
2020-05-26T16:26:20: +---------------------------+
2020-05-26T16:26:20: | Energies: 30 GeV - 10 TeV |
2020-05-26T16:26:20: +---------------------------+
2020-05-26T16:26:20: === Initial parameters ===
2020-05-26T16:26:20:  Crab flux .................: 3.4886245596327748e-09 ph/cm2/s
2020-05-26T16:26:20:  Source model flux .........: 1.2272113477562559e-05 ph/cm2/s
2020-05-26T16:26:20:  Crab unit factor ..........: 0.0002842725147555979
2020-05-26T16:26:20: === Iterations ===
2020-05-26T16:26:39:  Iteration 1 ...............: TS=  791.3994  Sim= 100.0000 mCrab  Fit= 102.0851 mCrab  Sens=1.410674e-11 erg/cm2/s
2020-05-26T16:26:58:  Iteration 2 ...............: TS=   87.9224  Sim=  18.1441 mCrab  Fit=  19.5540 mCrab  Sens=2.702091e-12 erg/cm2/s
2020-05-26T16:27:18:  Iteration 3 ...............: TS=    7.1617  Sim=   7.5940 mCrab  Fit=   4.3771 mCrab  Sens=6.048542e-13 erg/cm2/s
2020-05-26T16:27:37:  Iteration 4 ...............: TS=   25.9277  Sim=   9.5310 mCrab  Fit=   7.2639 mCrab  Sens=1.003774e-12 erg/cm2/s
2020-05-26T16:27:56:  Iteration 5 ...............: TS=   46.9450  Sim=   8.6929 mCrab  Fit=  13.2383 mCrab  Sens=1.829345e-12 erg/cm2/s
2020-05-26T16:27:56:  Converged result ..........: TS=   46.9450  Sim=   8.6686 mCrab                       Sens=1.197884e-12 erg/cm2/s
2020-05-26T16:27:56:  Converged flux ratio ......: 0.9972091077855405
2020-05-26T16:27:56:  Regression coefficient ....: 0.9857511154676649
2020-05-26T16:27:56: === Fit results ===
2020-05-26T16:27:56:  Photon flux ...............: 3.024161174311747e-11 ph/cm2/s
2020-05-26T16:27:56:  Energy flux ...............: 7.05693755779214e-12 erg/cm2/s
2020-05-26T16:27:56:  Crab flux .................: 8.668634651331127 mCrab
2020-05-26T16:27:56:  Differential sensitivity ..: 1.1978838071101195e-12 erg/cm2/s
2020-05-26T16:27:56:  Number of simulated events : 17252.0
2020-05-26T16:27:56: === Test source model fitting ===
2020-05-26T16:27:56:  log likelihood ............: 73338.98441147277
2020-05-26T16:27:56:  Number of predicted events : 17251.99597090319
2020-05-26T16:27:56:  Model .....................: GRB
2020-05-26T16:27:56:   RA .......................: 266.404994802193 [-360,360] deg (fixed,scale=1)
2020-05-26T16:27:56:   DEC ......................: -28.9361739597975 [-90,90] deg (fixed,scale=1)
2020-05-26T16:27:56:   Prefactor ................: 2.14506984832432e-12 +/- 5.88978274124134e-13 [1e-17,1000] ph/cm2/s/MeV (free,scale=1e-07,gradient)
2020-05-26T16:27:56:   Index ....................: -2.1 [-0,-5]  (fixed,scale=-1,gradient)
2020-05-26T16:27:56:   PivotEnergy ..............: 1000 [10,1000000] MeV (fixed,scale=1000,gradient)
2020-05-26T16:27:56:   Normalization ............: 1 (relative value) (fixed,scale=1,gradient)
2020-05-26T16:27:56:  Model .....................: CTABackgroundModel
2020-05-26T16:27:56:   Prefactor ................: 0.970250275783425 +/- 0.0270002907898215 [0.001,1000] ph/cm2/s/MeV (free,scale=1,gradient)
2020-05-26T16:27:56:   Index ....................: -0.011282546548277 +/- 0.00968210687270036 [-5,5]  (free,scale=1,gradient)
2020-05-26T16:27:56:   PivotEnergy ..............: 1000000 [10000,1000000000000] MeV (fixed,scale=1000000,gradient)
2020-05-26T16:27:56:   Normalization ............: 1 (relative value) (fixed,scale=1,gradient)
2020-05-26T16:27:56: 
2020-05-26T16:27:56: Application "cssens" terminated after 96 wall clock seconds, consuming 95.8946 seconds of CPU time.
