2020-05-29T09:26:39: ********************************************************************************
2020-05-29T09:26:39: *                                    cssens                                    *
2020-05-29T09:26:39: * ---------------------------------------------------------------------------- *
2020-05-29T09:26:39: * Version: 1.6.3                                                               *
2020-05-29T09:26:39: ********************************************************************************
2020-05-29T09:26:40: +============+
2020-05-29T09:26:40: | Parameters |
2020-05-29T09:26:40: +============+
2020-05-29T09:26:40:  inobs .....................: NONE
2020-05-29T09:26:40:  inmodel ...................: /astri01/data1/gershon/ctools_patricelli/notebooks/grb.xml
2020-05-29T09:26:40:  srcname ...................: GRB
2020-05-29T09:26:40:  caldb .....................: prod2
2020-05-29T09:26:40:  irf .......................: North_0.5h
2020-05-29T09:26:40:  edisp .....................: no
2020-05-29T09:26:40:  deadc .....................: 0.98
2020-05-29T09:26:40:  outfile ...................: /astri01/data1/gershon/ctools_patricelli/notebooks/outputs/sensi-5.0sigma_obstime-1.0_irf-North_0.5h.txt
2020-05-29T09:26:40:  offset ....................: 0
2020-05-29T09:26:40:  duration ..................: 1
2020-05-29T09:26:40:  rad .......................: 2.25
2020-05-29T09:26:40:  emin ......................: 0.03
2020-05-29T09:26:40:  emax ......................: 10
2020-05-29T09:26:40:  bins ......................: 1
2020-05-29T09:26:40:  enumbins ..................: 0
2020-05-29T09:26:40:  npix ......................: 200
2020-05-29T09:26:40:  binsz .....................: 0.2
2020-05-29T09:26:40:  type ......................: Integral
2020-05-29T09:26:40:  sigma .....................: 5
2020-05-29T09:26:40:  max_iter ..................: 50
2020-05-29T09:26:40:  statistic .................: DEFAULT
2020-05-29T09:26:40:  nthreads ..................: 0
2020-05-29T09:26:40:  chatter ...................: 4
2020-05-29T09:26:40:  clobber ...................: yes
2020-05-29T09:26:40:  debug .....................: no
2020-05-29T09:26:40:  mode ......................: ql
2020-05-29T09:26:40:  logfile ...................: /astri01/data1/gershon/ctools_patricelli/notebooks/logs/sensi-5.0sigma_obstime-1.0_irf-North_0.5h.log
2020-05-29T09:26:40: 
2020-05-29T09:26:40: WARNING: Energy dispersion will *NOT* be considered for the computation. To consider
2020-05-29T09:26:40:          energy dispersion, please set the "edisp" parameter to "yes". Be aware that
2020-05-29T09:26:40:          using energy dispersion will considerably slow down the computations.
2020-05-29T09:26:40: 
2020-05-29T09:26:40: +=================+
2020-05-29T09:26:40: | Multiprocessing |
2020-05-29T09:26:40: +=================+
2020-05-29T09:26:40:  Multiprocessing ...........: available
2020-05-29T09:26:40:  CPUs available ............: 64
2020-05-29T09:26:40:  Processes available .......: 64
2020-05-29T09:26:40: 
2020-05-29T09:26:40: +===================+
2020-05-29T09:26:40: | Input observation |
2020-05-29T09:26:40: +===================+
2020-05-29T09:26:40: === GObservations ===
2020-05-29T09:26:40:  Number of observations ....: 1
2020-05-29T09:26:40:  Number of models ..........: 2
2020-05-29T09:26:40:  Number of observed events .: 0
2020-05-29T09:26:40:  Number of predicted events : 0
2020-05-29T09:26:40: === GCTAObservation ===
2020-05-29T09:26:40:  Name ......................: 
2020-05-29T09:26:40:  Identifier ................: 000000
2020-05-29T09:26:40:  Instrument ................: CTA
2020-05-29T09:26:40:  Event file ................: 
2020-05-29T09:26:40:  Event type ................: EventList
2020-05-29T09:26:40:  Statistic .................: cstat
2020-05-29T09:26:40:  Ontime ....................: 1 s
2020-05-29T09:26:40:  Livetime ..................: 0.98 s
2020-05-29T09:26:40:  Deadtime correction .......: 0.98
2020-05-29T09:26:40:  User energy range .........: undefined
2020-05-29T09:26:40: === GCTAPointing ===
2020-05-29T09:26:40:  Pointing direction ........: (l,b)=(0,0)
2020-05-29T09:26:40: === GCTAResponseIrf ===
2020-05-29T09:26:40:  Caldb mission .............: cta
2020-05-29T09:26:40:  Caldb instrument ..........: prod2
2020-05-29T09:26:40:  Response name .............: North_0.5h
2020-05-29T09:26:40:  Energy dispersion .........: Not used
2020-05-29T09:26:40:  Safe energy range .........: undefined
2020-05-29T09:26:40: === GCaldb ===
2020-05-29T09:26:40:  Database root .............: /astri01/data1/gershon/anaconda3/envs/ctools/share/caldb
2020-05-29T09:26:40:  Selected Mission ..........: CTA
2020-05-29T09:26:40:  Selected Instrument .......: PROD2
2020-05-29T09:26:40:  Calibration Index File ....: /astri01/data1/gershon/anaconda3/envs/ctools/share/caldb/data/cta/prod2/caldb.indx
2020-05-29T09:26:40:  Number of entries .........: 24
2020-05-29T09:26:40: === GCTAAeff2D ===
2020-05-29T09:26:40:  Filename ..................: /astri01/data1/gershon/anaconda3/envs/ctools/share/caldb/data/cta/prod2/bcf/North_0.5h/irf_file.fits
2020-05-29T09:26:40:  Number of energy bins .....: 500
2020-05-29T09:26:40:  Number of offset bins .....: 45
2020-05-29T09:26:40:  Log10(Energy) range .......: 0.00501187238842249 - 501.187225341797 TeV
2020-05-29T09:26:40:  Offset angle range ........: 0 - 4.5 deg
2020-05-29T09:26:40:  Lower energy threshold ....: not specified
2020-05-29T09:26:40:  Upper energy threshold ....: not specified
2020-05-29T09:26:40:  Radius cut ................: none
2020-05-29T09:26:40: === GCTAPsf2D ===
2020-05-29T09:26:40:  Filename ..................: /astri01/data1/gershon/anaconda3/envs/ctools/share/caldb/data/cta/prod2/bcf/North_0.5h/irf_file.fits
2020-05-29T09:26:40:  Number of energy bins .....: 21
2020-05-29T09:26:40:  Number of offset bins .....: 2
2020-05-29T09:26:40:  Log10(Energy) range .......: 0.0125892544165254 - 199.526214599609 TeV
2020-05-29T09:26:40:  Offset angle range ........: 0 - 9 deg
2020-05-29T09:26:40: === GCTAEdisp2D ===
2020-05-29T09:26:40:  Filename ..................: /astri01/data1/gershon/anaconda3/envs/ctools/share/caldb/data/cta/prod2/bcf/North_0.5h/irf_file.fits
2020-05-29T09:26:40:  Number of energy bins .....: 500
2020-05-29T09:26:40:  Number of migration bins ..: 300
2020-05-29T09:26:40:  Number of offset bins .....: 2
2020-05-29T09:26:40:  Log10(Energy) range .......: 0.00501187238842249 - 501.187225341797 TeV
2020-05-29T09:26:40:  Migration range ...........: 0 - 3
2020-05-29T09:26:40:  Offset angle range ........: 0 - 9 deg
2020-05-29T09:26:40: === GCTABackground3D ===
2020-05-29T09:26:40:  Filename ..................: /astri01/data1/gershon/anaconda3/envs/ctools/share/caldb/data/cta/prod2/bcf/North_0.5h/irf_file.fits
2020-05-29T09:26:40:  Number of DETX bins .......: 90
2020-05-29T09:26:40:  Number of DETY bins .......: 90
2020-05-29T09:26:40:  Number of energy bins .....: 21
2020-05-29T09:26:40:  DETX range ................: -4.5 - 4.5 deg
2020-05-29T09:26:40:  DETX range ................: -4.5 - 4.5 deg
2020-05-29T09:26:40:  Energy range ..............: 0.0125892544165254 - 199.526214599609 TeV
2020-05-29T09:26:40: === GCTAResponseCache ===
2020-05-29T09:26:40:  Number of cached values ...: 0
2020-05-29T09:26:40: === GCTAResponseCache ===
2020-05-29T09:26:40:  Number of cached values ...: 0
2020-05-29T09:26:40: === GCTAEventList ===
2020-05-29T09:26:40:  Number of events ..........: 0 (disposed without possibility to recover)
2020-05-29T09:26:40:  Time interval .............: 51544.5 - 51544.5000115741 days
2020-05-29T09:26:40: === GEbounds ===
2020-05-29T09:26:40:  Number of intervals .......: 1
2020-05-29T09:26:40:  Energy range ..............: 30 GeV - 10 TeV
2020-05-29T09:26:40: === GCTARoi ===
2020-05-29T09:26:40:  RoI centre ................: RA=266.404994802193, DEC=-28.9361739597975 [0,0]
2020-05-29T09:26:40:  RoI radius ................: 2.25 deg
2020-05-29T09:26:40: === GSkyRegions ===
2020-05-29T09:26:40:  Number of regions .........: 0
2020-05-29T09:26:40: === GModels ===
2020-05-29T09:26:40:  Number of models ..........: 2
2020-05-29T09:26:40:  Number of parameters ......: 10
2020-05-29T09:26:40: === GModelSky ===
2020-05-29T09:26:40:  Name ......................: GRB
2020-05-29T09:26:40:  Instruments ...............: all
2020-05-29T09:26:40:  Observation identifiers ...: all
2020-05-29T09:26:40:  Model type ................: PointSource
2020-05-29T09:26:40:  Model components ..........: "PointSource" * "PowerLaw" * "Constant"
2020-05-29T09:26:40:  Number of parameters ......: 6
2020-05-29T09:26:40:  Number of spatial par's ...: 2
2020-05-29T09:26:40:   RA .......................: 83.6331 [-360,360] deg (fixed,scale=1)
2020-05-29T09:26:40:   DEC ......................: 22.0145 [-90,90] deg (fixed,scale=1)
2020-05-29T09:26:40:  Number of spectral par's ..: 3
2020-05-29T09:26:40:   Prefactor ................: 5.7e-07 +/- 0 [1e-17,1000] ph/cm2/s/MeV (free,scale=1e-07,gradient)
2020-05-29T09:26:40:   Index ....................: -2.1 +/- 0 [-0,-5]  (free,scale=-1,gradient)
2020-05-29T09:26:40:   PivotEnergy ..............: 1000 [10,1000000] MeV (fixed,scale=1000,gradient)
2020-05-29T09:26:40:  Number of temporal par's ..: 1
2020-05-29T09:26:40:   Normalization ............: 1 (relative value) (fixed,scale=1,gradient)
2020-05-29T09:26:40:  Number of scale par's .....: 0
2020-05-29T09:26:40: === GCTAModelIrfBackground ===
2020-05-29T09:26:40:  Name ......................: CTABackgroundModel
2020-05-29T09:26:40:  Instruments ...............: CTA
2020-05-29T09:26:40:  Observation identifiers ...: all
2020-05-29T09:26:40:  Model type ................: "PowerLaw" * "Constant"
2020-05-29T09:26:40:  Number of parameters ......: 4
2020-05-29T09:26:40:  Number of spectral par's ..: 3
2020-05-29T09:26:40:   Prefactor ................: 1 +/- 0 [0.001,1000] ph/cm2/s/MeV (free,scale=1,gradient)
2020-05-29T09:26:40:   Index ....................: 0 +/- 0 [-5,5]  (free,scale=1,gradient)
2020-05-29T09:26:40:   PivotEnergy ..............: 1000000 [10000,1000000000000] MeV (fixed,scale=1000000,gradient)
2020-05-29T09:26:40:  Number of temporal par's ..: 1
2020-05-29T09:26:40:   Normalization ............: 1 (relative value) (fixed,scale=1,gradient)
2020-05-29T09:26:40: 
2020-05-29T09:26:40: +==============+
2020-05-29T09:26:40: | Input models |
2020-05-29T09:26:40: +==============+
2020-05-29T09:26:40: === GModels ===
2020-05-29T09:26:40:  Number of models ..........: 2
2020-05-29T09:26:40:  Number of parameters ......: 10
2020-05-29T09:26:40: === GModelSky ===
2020-05-29T09:26:40:  Name ......................: GRB
2020-05-29T09:26:40:  Instruments ...............: all
2020-05-29T09:26:40:  Test Statistic ............: Computation requested
2020-05-29T09:26:40:  Observation identifiers ...: all
2020-05-29T09:26:40:  Model type ................: PointSource
2020-05-29T09:26:40:  Model components ..........: "PointSource" * "PowerLaw" * "Constant"
2020-05-29T09:26:40:  Number of parameters ......: 6
2020-05-29T09:26:40:  Number of spatial par's ...: 2
2020-05-29T09:26:40:   RA .......................: 266.404994802193 [-360,360] deg (fixed,scale=1)
2020-05-29T09:26:40:   DEC ......................: -28.9361739597975 [-90,90] deg (fixed,scale=1)
2020-05-29T09:26:40:  Number of spectral par's ..: 3
2020-05-29T09:26:40:   Prefactor ................: 5.7e-07 +/- 0 [1e-17,1000] ph/cm2/s/MeV (free,scale=1e-07,gradient)
2020-05-29T09:26:40:   Index ....................: -2.1 [-0,-5]  (fixed,scale=-1,gradient)
2020-05-29T09:26:40:   PivotEnergy ..............: 1000 [10,1000000] MeV (fixed,scale=1000,gradient)
2020-05-29T09:26:40:  Number of temporal par's ..: 1
2020-05-29T09:26:40:   Normalization ............: 1 (relative value) (fixed,scale=1,gradient)
2020-05-29T09:26:40:  Number of scale par's .....: 0
2020-05-29T09:26:40: === GCTAModelIrfBackground ===
2020-05-29T09:26:40:  Name ......................: CTABackgroundModel
2020-05-29T09:26:40:  Instruments ...............: CTA
2020-05-29T09:26:40:  Observation identifiers ...: all
2020-05-29T09:26:40:  Model type ................: "PowerLaw" * "Constant"
2020-05-29T09:26:40:  Number of parameters ......: 4
2020-05-29T09:26:40:  Number of spectral par's ..: 3
2020-05-29T09:26:40:   Prefactor ................: 1 +/- 0 [0.001,1000] ph/cm2/s/MeV (free,scale=1,gradient)
2020-05-29T09:26:40:   Index ....................: 0 +/- 0 [-5,5]  (free,scale=1,gradient)
2020-05-29T09:26:40:   PivotEnergy ..............: 1000000 [10000,1000000000000] MeV (fixed,scale=1000000,gradient)
2020-05-29T09:26:40:  Number of temporal par's ..: 1
2020-05-29T09:26:40:   Normalization ............: 1 (relative value) (fixed,scale=1,gradient)
2020-05-29T09:26:40: 
2020-05-29T09:26:40: +===========================+
2020-05-29T09:26:40: | Sensitivity determination |
2020-05-29T09:26:40: +===========================+
2020-05-29T09:26:40:  Type ......................: Integral
2020-05-29T09:26:40: 
2020-05-29T09:26:40: +---------------------------+
2020-05-29T09:26:40: | Energies: 30 GeV - 10 TeV |
2020-05-29T09:26:40: +---------------------------+
2020-05-29T09:26:40: === Initial parameters ===
2020-05-29T09:26:40:  Crab flux .................: 3.4886245596327748e-09 ph/cm2/s
2020-05-29T09:26:40:  Source model flux .........: 1.2272113477562559e-05 ph/cm2/s
2020-05-29T09:26:40:  Crab unit factor ..........: 0.0002842725147555979
2020-05-29T09:26:40: === Iterations ===
2020-05-29T09:26:40: +-------------+
2020-05-29T09:26:40: | Iteration 1 |
2020-05-29T09:26:40: +-------------+
2020-05-29T09:26:57: === Simulation ===
2020-05-29T09:26:57:  Number of simulated events : 17.0
2020-05-29T09:26:58:  Iteration 1 ...............: TS=   -0.0000  Sim= 100.0000 mCrab  Fit=   0.0001 mCrab  Sens=8.528139e-18 erg/cm2/s
2020-05-29T09:26:58: Non positive TS, increase test flux and start over.
2020-05-29T09:26:58: +-------------+
2020-05-29T09:26:58: | Iteration 2 |
2020-05-29T09:26:58: +-------------+
2020-05-29T09:27:15: === Simulation ===
2020-05-29T09:27:15:  Number of simulated events : 15.0
2020-05-29T09:27:18:  Iteration 2 ...............: TS=   -0.0010  Sim= 300.0000 mCrab  Fit=   0.0001 mCrab  Sens=8.528139e-18 erg/cm2/s
2020-05-29T09:27:18: Non positive TS, increase test flux and start over.
2020-05-29T09:27:18: +-------------+
2020-05-29T09:27:18: | Iteration 3 |
2020-05-29T09:27:18: +-------------+
2020-05-29T09:27:35: === Simulation ===
2020-05-29T09:27:35:  Number of simulated events : 15.0
2020-05-29T09:27:36:  Iteration 3 ...............: TS=   -4.0444  Sim= 900.0000 mCrab  Fit= 900.0000 mCrab  Sens=1.243674e-10 erg/cm2/s
2020-05-29T09:27:36: Non positive TS, increase test flux and start over.
2020-05-29T09:27:36: +-------------+
2020-05-29T09:27:36: | Iteration 4 |
2020-05-29T09:27:36: +-------------+
2020-05-29T09:27:55: === Simulation ===
2020-05-29T09:27:55:  Number of simulated events : 22.0
2020-05-29T09:27:56:  Iteration 4 ...............: TS=   10.2905  Sim=2700.0000 mCrab  Fit= 967.1849 mCrab  Sens=1.336514e-10 erg/cm2/s
2020-05-29T09:27:56: +-------------+
2020-05-29T09:27:56: | Iteration 5 |
2020-05-29T09:27:56: +-------------+
2020-05-29T09:28:14: === Simulation ===
2020-05-29T09:28:14:  Number of simulated events : 15.0
2020-05-29T09:28:15:  Iteration 5 ...............: TS=    9.9115  Sim=1507.5126 mCrab  Fit= 859.0730 mCrab  Sens=1.187119e-10 erg/cm2/s
2020-05-29T09:28:15: +-------------+
2020-05-29T09:28:15: | Iteration 6 |
2020-05-29T09:28:15: +-------------+
2020-05-29T09:28:32: === Simulation ===
2020-05-29T09:28:32:  Number of simulated events : 47.0
2020-05-29T09:28:34:  Iteration 6 ...............: TS=  227.7596  Sim=15967.8474 mCrab  Fit=13573.0379 mCrab  Sens=1.875604e-09 erg/cm2/s
2020-05-29T09:28:34: +-------------+
2020-05-29T09:28:34: | Iteration 7 |
2020-05-29T09:28:34: +-------------+
2020-05-29T09:28:51: === Simulation ===
2020-05-29T09:28:51:  Number of simulated events : 23.0
2020-05-29T09:28:53:  Iteration 7 ...............: TS=    9.0864  Sim=1999.6868 mCrab  Fit= 994.7557 mCrab  Sens=1.374613e-10 erg/cm2/s
2020-05-29T09:28:53:  Converged result ..........: TS=    9.0864  Sim=2084.7097 mCrab                       Sens=2.880777e-10 erg/cm2/s
2020-05-29T09:28:53:  Converged flux ratio ......: 1.0425180795498372
2020-05-29T09:28:53:  Regression coefficient ....: 0.9954104444075325
2020-05-29T09:28:53: === Fit results ===
2020-05-29T09:28:53:  Photon flux ...............: 7.2727692957918254e-09 ph/cm2/s
2020-05-29T09:28:53:  Energy flux ...............: 1.6971145330675464e-09 erg/cm2/s
2020-05-29T09:28:53:  Crab flux .................: 2084.7096531813054 mCrab
2020-05-29T09:28:53:  Differential sensitivity ..: 2.8807765426918417e-10 erg/cm2/s
2020-05-29T09:28:53:  Number of simulated events : 23.0
2020-05-29T09:28:53: === Test source model fitting ===
2020-05-29T09:28:53:  log likelihood ............: 79.38582075396285
2020-05-29T09:28:53:  Number of predicted events : 22.979055857330625
2020-05-29T09:28:53:  Model .....................: GRB
2020-05-29T09:28:53:   RA .......................: 266.404994802193 [-360,360] deg (fixed,scale=1)
2020-05-29T09:28:53:   DEC ......................: -28.9361739597975 [-90,90] deg (fixed,scale=1)
2020-05-29T09:28:53:   Prefactor ................: 1.61185572416698e-10 +/- 1.15623346432322e-10 [1e-17,1000] ph/cm2/s/MeV (free,scale=1e-07,gradient)
2020-05-29T09:28:53:   Index ....................: -2.1 [-0,-5]  (fixed,scale=-1,gradient)
2020-05-29T09:28:53:   PivotEnergy ..............: 1000 [10,1000000] MeV (fixed,scale=1000,gradient)
2020-05-29T09:28:53:   Normalization ............: 1 (relative value) (fixed,scale=1,gradient)
2020-05-29T09:28:53:  Model .....................: CTABackgroundModel
2020-05-29T09:28:53:   Prefactor ................: 0.377581702988588 +/- 0.493818379202992 [0.001,1000] ph/cm2/s/MeV (free,scale=1,gradient)
2020-05-29T09:28:53:   Index ....................: -0.405194301883964 +/- 0.437237994438584 [-5,5]  (free,scale=1,gradient)
2020-05-29T09:28:53:   PivotEnergy ..............: 1000000 [10000,1000000000000] MeV (fixed,scale=1000000,gradient)
2020-05-29T09:28:53:   Normalization ............: 1 (relative value) (fixed,scale=1,gradient)
2020-05-29T09:28:53: 
2020-05-29T09:28:53: Application "cssens" terminated after 134 wall clock seconds, consuming 134.044 seconds of CPU time.
