2020-05-27T09:52:26: ********************************************************************************
2020-05-27T09:52:26: *                                    cssens                                    *
2020-05-27T09:52:26: * ---------------------------------------------------------------------------- *
2020-05-27T09:52:26: * Version: 1.6.3                                                               *
2020-05-27T09:52:26: ********************************************************************************
2020-05-27T09:52:27: +============+
2020-05-27T09:52:27: | Parameters |
2020-05-27T09:52:27: +============+
2020-05-27T09:52:27:  inobs .....................: NONE
2020-05-27T09:52:27:  inmodel ...................: /astri01/data1/gershon/ctools_patricelli/notebooks/grb.xml
2020-05-27T09:52:27:  srcname ...................: GRB
2020-05-27T09:52:27:  caldb .....................: prod2
2020-05-27T09:52:27:  irf .......................: North_0.5h
2020-05-27T09:52:27:  edisp .....................: no
2020-05-27T09:52:27:  deadc .....................: 0.98
2020-05-27T09:52:27:  outfile ...................: /astri01/data1/gershon/ctools_patricelli/notebooks/outputs/sensi-5.0sigma_obstime-14.0_irf-North_0.5h.txt
2020-05-27T09:52:27:  offset ....................: 0
2020-05-27T09:52:27:  duration ..................: 14
2020-05-27T09:52:27:  rad .......................: 2.25
2020-05-27T09:52:27:  emin ......................: 0.03
2020-05-27T09:52:27:  emax ......................: 10
2020-05-27T09:52:27:  bins ......................: 1
2020-05-27T09:52:27:  enumbins ..................: 0
2020-05-27T09:52:27:  npix ......................: 200
2020-05-27T09:52:27:  binsz .....................: 0.2
2020-05-27T09:52:27:  type ......................: Integral
2020-05-27T09:52:27:  sigma .....................: 5
2020-05-27T09:52:27:  max_iter ..................: 50
2020-05-27T09:52:27:  statistic .................: DEFAULT
2020-05-27T09:52:27:  nthreads ..................: 0
2020-05-27T09:52:27:  chatter ...................: 4
2020-05-27T09:52:27:  clobber ...................: yes
2020-05-27T09:52:27:  debug .....................: no
2020-05-27T09:52:27:  mode ......................: ql
2020-05-27T09:52:27:  logfile ...................: /astri01/data1/gershon/ctools_patricelli/notebooks/logs/sensi-5.0sigma_obstime-14.0_irf-North_0.5h.log
2020-05-27T09:52:27: 
2020-05-27T09:52:27: WARNING: Energy dispersion will *NOT* be considered for the computation. To consider
2020-05-27T09:52:27:          energy dispersion, please set the "edisp" parameter to "yes". Be aware that
2020-05-27T09:52:27:          using energy dispersion will considerably slow down the computations.
2020-05-27T09:52:27: 
2020-05-27T09:52:27: +=================+
2020-05-27T09:52:27: | Multiprocessing |
2020-05-27T09:52:27: +=================+
2020-05-27T09:52:27:  Multiprocessing ...........: available
2020-05-27T09:52:27:  CPUs available ............: 64
2020-05-27T09:52:27:  Processes available .......: 64
2020-05-27T09:52:27: 
2020-05-27T09:52:27: +===================+
2020-05-27T09:52:27: | Input observation |
2020-05-27T09:52:27: +===================+
2020-05-27T09:52:27: === GObservations ===
2020-05-27T09:52:27:  Number of observations ....: 1
2020-05-27T09:52:27:  Number of models ..........: 2
2020-05-27T09:52:27:  Number of observed events .: 0
2020-05-27T09:52:27:  Number of predicted events : 0
2020-05-27T09:52:27: === GCTAObservation ===
2020-05-27T09:52:27:  Name ......................: 
2020-05-27T09:52:27:  Identifier ................: 000000
2020-05-27T09:52:27:  Instrument ................: CTA
2020-05-27T09:52:27:  Event file ................: 
2020-05-27T09:52:27:  Event type ................: EventList
2020-05-27T09:52:27:  Statistic .................: cstat
2020-05-27T09:52:27:  Ontime ....................: 14 s
2020-05-27T09:52:27:  Livetime ..................: 13.72 s
2020-05-27T09:52:27:  Deadtime correction .......: 0.98
2020-05-27T09:52:27:  User energy range .........: undefined
2020-05-27T09:52:27: === GCTAPointing ===
2020-05-27T09:52:27:  Pointing direction ........: (l,b)=(0,0)
2020-05-27T09:52:27: === GCTAResponseIrf ===
2020-05-27T09:52:27:  Caldb mission .............: cta
2020-05-27T09:52:27:  Caldb instrument ..........: prod2
2020-05-27T09:52:27:  Response name .............: North_0.5h
2020-05-27T09:52:27:  Energy dispersion .........: Not used
2020-05-27T09:52:27:  Safe energy range .........: undefined
2020-05-27T09:52:27: === GCaldb ===
2020-05-27T09:52:27:  Database root .............: /astri01/data1/gershon/anaconda3/envs/ctools/share/caldb
2020-05-27T09:52:27:  Selected Mission ..........: CTA
2020-05-27T09:52:27:  Selected Instrument .......: PROD2
2020-05-27T09:52:27:  Calibration Index File ....: /astri01/data1/gershon/anaconda3/envs/ctools/share/caldb/data/cta/prod2/caldb.indx
2020-05-27T09:52:27:  Number of entries .........: 24
2020-05-27T09:52:27: === GCTAAeff2D ===
2020-05-27T09:52:27:  Filename ..................: /astri01/data1/gershon/anaconda3/envs/ctools/share/caldb/data/cta/prod2/bcf/North_0.5h/irf_file.fits
2020-05-27T09:52:27:  Number of energy bins .....: 500
2020-05-27T09:52:27:  Number of offset bins .....: 45
2020-05-27T09:52:27:  Log10(Energy) range .......: 0.00501187238842249 - 501.187225341797 TeV
2020-05-27T09:52:27:  Offset angle range ........: 0 - 4.5 deg
2020-05-27T09:52:27:  Lower energy threshold ....: not specified
2020-05-27T09:52:27:  Upper energy threshold ....: not specified
2020-05-27T09:52:27:  Radius cut ................: none
2020-05-27T09:52:27: === GCTAPsf2D ===
2020-05-27T09:52:27:  Filename ..................: /astri01/data1/gershon/anaconda3/envs/ctools/share/caldb/data/cta/prod2/bcf/North_0.5h/irf_file.fits
2020-05-27T09:52:27:  Number of energy bins .....: 21
2020-05-27T09:52:27:  Number of offset bins .....: 2
2020-05-27T09:52:27:  Log10(Energy) range .......: 0.0125892544165254 - 199.526214599609 TeV
2020-05-27T09:52:27:  Offset angle range ........: 0 - 9 deg
2020-05-27T09:52:27: === GCTAEdisp2D ===
2020-05-27T09:52:27:  Filename ..................: /astri01/data1/gershon/anaconda3/envs/ctools/share/caldb/data/cta/prod2/bcf/North_0.5h/irf_file.fits
2020-05-27T09:52:27:  Number of energy bins .....: 500
2020-05-27T09:52:27:  Number of migration bins ..: 300
2020-05-27T09:52:27:  Number of offset bins .....: 2
2020-05-27T09:52:27:  Log10(Energy) range .......: 0.00501187238842249 - 501.187225341797 TeV
2020-05-27T09:52:27:  Migration range ...........: 0 - 3
2020-05-27T09:52:27:  Offset angle range ........: 0 - 9 deg
2020-05-27T09:52:27: === GCTABackground3D ===
2020-05-27T09:52:27:  Filename ..................: /astri01/data1/gershon/anaconda3/envs/ctools/share/caldb/data/cta/prod2/bcf/North_0.5h/irf_file.fits
2020-05-27T09:52:27:  Number of DETX bins .......: 90
2020-05-27T09:52:27:  Number of DETY bins .......: 90
2020-05-27T09:52:27:  Number of energy bins .....: 21
2020-05-27T09:52:27:  DETX range ................: -4.5 - 4.5 deg
2020-05-27T09:52:27:  DETX range ................: -4.5 - 4.5 deg
2020-05-27T09:52:27:  Energy range ..............: 0.0125892544165254 - 199.526214599609 TeV
2020-05-27T09:52:27: === GCTAResponseCache ===
2020-05-27T09:52:27:  Number of cached values ...: 0
2020-05-27T09:52:27: === GCTAResponseCache ===
2020-05-27T09:52:27:  Number of cached values ...: 0
2020-05-27T09:52:27: === GCTAEventList ===
2020-05-27T09:52:27:  Number of events ..........: 0 (disposed without possibility to recover)
2020-05-27T09:52:27:  Time interval .............: 51544.5 - 51544.500162037 days
2020-05-27T09:52:27: === GEbounds ===
2020-05-27T09:52:27:  Number of intervals .......: 1
2020-05-27T09:52:27:  Energy range ..............: 30 GeV - 10 TeV
2020-05-27T09:52:27: === GCTARoi ===
2020-05-27T09:52:27:  RoI centre ................: RA=266.404994802193, DEC=-28.9361739597975 [0,0]
2020-05-27T09:52:27:  RoI radius ................: 2.25 deg
2020-05-27T09:52:27: === GSkyRegions ===
2020-05-27T09:52:27:  Number of regions .........: 0
2020-05-27T09:52:27: === GModels ===
2020-05-27T09:52:27:  Number of models ..........: 2
2020-05-27T09:52:27:  Number of parameters ......: 10
2020-05-27T09:52:27: === GModelSky ===
2020-05-27T09:52:27:  Name ......................: GRB
2020-05-27T09:52:27:  Instruments ...............: all
2020-05-27T09:52:27:  Observation identifiers ...: all
2020-05-27T09:52:27:  Model type ................: PointSource
2020-05-27T09:52:27:  Model components ..........: "PointSource" * "PowerLaw" * "Constant"
2020-05-27T09:52:27:  Number of parameters ......: 6
2020-05-27T09:52:27:  Number of spatial par's ...: 2
2020-05-27T09:52:27:   RA .......................: 83.6331 [-360,360] deg (fixed,scale=1)
2020-05-27T09:52:27:   DEC ......................: 22.0145 [-90,90] deg (fixed,scale=1)
2020-05-27T09:52:27:  Number of spectral par's ..: 3
2020-05-27T09:52:27:   Prefactor ................: 5.7e-07 +/- 0 [1e-17,1000] ph/cm2/s/MeV (free,scale=1e-07,gradient)
2020-05-27T09:52:27:   Index ....................: -2.1 +/- 0 [-0,-5]  (free,scale=-1,gradient)
2020-05-27T09:52:27:   PivotEnergy ..............: 1000 [10,1000000] MeV (fixed,scale=1000,gradient)
2020-05-27T09:52:27:  Number of temporal par's ..: 1
2020-05-27T09:52:27:   Normalization ............: 1 (relative value) (fixed,scale=1,gradient)
2020-05-27T09:52:27:  Number of scale par's .....: 0
2020-05-27T09:52:27: === GCTAModelIrfBackground ===
2020-05-27T09:52:27:  Name ......................: CTABackgroundModel
2020-05-27T09:52:27:  Instruments ...............: CTA
2020-05-27T09:52:27:  Observation identifiers ...: all
2020-05-27T09:52:27:  Model type ................: "PowerLaw" * "Constant"
2020-05-27T09:52:27:  Number of parameters ......: 4
2020-05-27T09:52:27:  Number of spectral par's ..: 3
2020-05-27T09:52:27:   Prefactor ................: 1 +/- 0 [0.001,1000] ph/cm2/s/MeV (free,scale=1,gradient)
2020-05-27T09:52:27:   Index ....................: 0 +/- 0 [-5,5]  (free,scale=1,gradient)
2020-05-27T09:52:27:   PivotEnergy ..............: 1000000 [10000,1000000000000] MeV (fixed,scale=1000000,gradient)
2020-05-27T09:52:27:  Number of temporal par's ..: 1
2020-05-27T09:52:27:   Normalization ............: 1 (relative value) (fixed,scale=1,gradient)
2020-05-27T09:52:27: 
2020-05-27T09:52:27: +==============+
2020-05-27T09:52:27: | Input models |
2020-05-27T09:52:27: +==============+
2020-05-27T09:52:27: === GModels ===
2020-05-27T09:52:27:  Number of models ..........: 2
2020-05-27T09:52:27:  Number of parameters ......: 10
2020-05-27T09:52:27: === GModelSky ===
2020-05-27T09:52:27:  Name ......................: GRB
2020-05-27T09:52:27:  Instruments ...............: all
2020-05-27T09:52:27:  Test Statistic ............: Computation requested
2020-05-27T09:52:27:  Observation identifiers ...: all
2020-05-27T09:52:27:  Model type ................: PointSource
2020-05-27T09:52:27:  Model components ..........: "PointSource" * "PowerLaw" * "Constant"
2020-05-27T09:52:27:  Number of parameters ......: 6
2020-05-27T09:52:27:  Number of spatial par's ...: 2
2020-05-27T09:52:27:   RA .......................: 266.404994802193 [-360,360] deg (fixed,scale=1)
2020-05-27T09:52:27:   DEC ......................: -28.9361739597975 [-90,90] deg (fixed,scale=1)
2020-05-27T09:52:27:  Number of spectral par's ..: 3
2020-05-27T09:52:27:   Prefactor ................: 5.7e-07 +/- 0 [1e-17,1000] ph/cm2/s/MeV (free,scale=1e-07,gradient)
2020-05-27T09:52:27:   Index ....................: -2.1 [-0,-5]  (fixed,scale=-1,gradient)
2020-05-27T09:52:27:   PivotEnergy ..............: 1000 [10,1000000] MeV (fixed,scale=1000,gradient)
2020-05-27T09:52:27:  Number of temporal par's ..: 1
2020-05-27T09:52:27:   Normalization ............: 1 (relative value) (fixed,scale=1,gradient)
2020-05-27T09:52:27:  Number of scale par's .....: 0
2020-05-27T09:52:27: === GCTAModelIrfBackground ===
2020-05-27T09:52:27:  Name ......................: CTABackgroundModel
2020-05-27T09:52:27:  Instruments ...............: CTA
2020-05-27T09:52:27:  Observation identifiers ...: all
2020-05-27T09:52:27:  Model type ................: "PowerLaw" * "Constant"
2020-05-27T09:52:27:  Number of parameters ......: 4
2020-05-27T09:52:27:  Number of spectral par's ..: 3
2020-05-27T09:52:27:   Prefactor ................: 1 +/- 0 [0.001,1000] ph/cm2/s/MeV (free,scale=1,gradient)
2020-05-27T09:52:27:   Index ....................: 0 +/- 0 [-5,5]  (free,scale=1,gradient)
2020-05-27T09:52:27:   PivotEnergy ..............: 1000000 [10000,1000000000000] MeV (fixed,scale=1000000,gradient)
2020-05-27T09:52:27:  Number of temporal par's ..: 1
2020-05-27T09:52:27:   Normalization ............: 1 (relative value) (fixed,scale=1,gradient)
2020-05-27T09:52:27: 
2020-05-27T09:52:27: +===========================+
2020-05-27T09:52:27: | Sensitivity determination |
2020-05-27T09:52:27: +===========================+
2020-05-27T09:52:27:  Type ......................: Integral
2020-05-27T09:52:27: 
2020-05-27T09:52:27: +---------------------------+
2020-05-27T09:52:27: | Energies: 30 GeV - 10 TeV |
2020-05-27T09:52:27: +---------------------------+
2020-05-27T09:52:27: === Initial parameters ===
2020-05-27T09:52:27:  Crab flux .................: 3.4886245596327748e-09 ph/cm2/s
2020-05-27T09:52:27:  Source model flux .........: 1.2272113477562559e-05 ph/cm2/s
2020-05-27T09:52:27:  Crab unit factor ..........: 0.0002842725147555979
2020-05-27T09:52:27: === Iterations ===
2020-05-27T09:52:27: +-------------+
2020-05-27T09:52:27: | Iteration 1 |
2020-05-27T09:52:27: +-------------+
2020-05-27T09:52:44: === Simulation ===
2020-05-27T09:52:44:  Number of simulated events : 260.0
2020-05-27T09:52:45:  Iteration 1 ...............: TS=   15.9925  Sim= 100.0000 mCrab  Fit= 144.7961 mCrab  Sens=2.000879e-11 erg/cm2/s
2020-05-27T09:52:45: +-------------+
2020-05-27T09:52:45: | Iteration 2 |
2020-05-27T09:52:45: +-------------+
2020-05-27T09:53:02: === Simulation ===
2020-05-27T09:53:02:  Number of simulated events : 246.0
2020-05-27T09:53:03:  Iteration 2 ...............: TS=   26.7353  Sim= 181.0376 mCrab  Fit= 213.8103 mCrab  Sens=2.954558e-11 erg/cm2/s
2020-05-27T09:53:03: +-------------+
2020-05-27T09:53:03: | Iteration 3 |
2020-05-27T09:53:03: +-------------+
2020-05-27T09:53:20: === Simulation ===
2020-05-27T09:53:20:  Number of simulated events : 239.0
2020-05-27T09:53:22:  Iteration 3 ...............: TS=   16.5273  Sim= 203.1996 mCrab  Fit=  96.3802 mCrab  Sens=1.331839e-11 erg/cm2/s
2020-05-27T09:53:22: +-------------+
2020-05-27T09:53:22: | Iteration 4 |
2020-05-27T09:53:22: +-------------+
2020-05-27T09:53:39: === Simulation ===
2020-05-27T09:53:39:  Number of simulated events : 250.0
2020-05-27T09:53:40:  Iteration 4 ...............: TS=    3.9415  Sim= 195.0624 mCrab  Fit=  51.5022 mCrab  Sens=7.116883e-12 erg/cm2/s
2020-05-27T09:53:40: +-------------+
2020-05-27T09:53:40: | Iteration 5 |
2020-05-27T09:53:40: +-------------+
2020-05-27T09:53:57: === Simulation ===
2020-05-27T09:53:57:  Number of simulated events : 254.0
2020-05-27T09:53:58:  Iteration 5 ...............: TS=    2.1366  Sim= 175.5663 mCrab  Fit=  34.6627 mCrab  Sens=4.789897e-12 erg/cm2/s
2020-05-27T09:53:58:  Converged result ..........: TS=    2.1366  Sim= 174.0467 mCrab                       Sens=2.405082e-11 erg/cm2/s
2020-05-27T09:53:58:  Converged flux ratio ......: 0.9913447064879982
2020-05-27T09:53:58:  Regression coefficient ....: 0.9367728196262496
2020-05-27T09:53:58: === Fit results ===
2020-05-27T09:53:58:  Photon flux ...............: 6.071837536743342e-10 ph/cm2/s
2020-05-27T09:53:58:  Energy flux ...............: 1.4168748253838654e-10 erg/cm2/s
2020-05-27T09:53:58:  Crab flux .................: 174.0467463022873 mCrab
2020-05-27T09:53:58:  Differential sensitivity ..: 2.4050820857203652e-11 erg/cm2/s
2020-05-27T09:53:58:  Number of simulated events : 254.0
2020-05-27T09:53:58: === Test source model fitting ===
2020-05-27T09:53:58:  log likelihood ............: 1065.1703922212519
2020-05-27T09:53:58:  Number of predicted events : 253.99981185714736
2020-05-27T09:53:58:  Model .....................: GRB
2020-05-27T09:53:58:   RA .......................: 266.404994802193 [-360,360] deg (fixed,scale=1)
2020-05-27T09:53:58:   DEC ......................: -28.9361739597975 [-90,90] deg (fixed,scale=1)
2020-05-27T09:53:58:   Prefactor ................: 5.61658002340623e-12 +/- 6.50593798274762e-12 [1e-17,1000] ph/cm2/s/MeV (free,scale=1e-07,gradient)
2020-05-27T09:53:58:   Index ....................: -2.1 [-0,-5]  (fixed,scale=-1,gradient)
2020-05-27T09:53:58:   PivotEnergy ..............: 1000 [10,1000000] MeV (fixed,scale=1000,gradient)
2020-05-27T09:53:58:   Normalization ............: 1 (relative value) (fixed,scale=1,gradient)
2020-05-27T09:53:58:  Model .....................: CTABackgroundModel
2020-05-27T09:53:58:   Prefactor ................: 1.00010444327392 +/- 0.236119762342219 [0.001,1000] ph/cm2/s/MeV (free,scale=1,gradient)
2020-05-27T09:53:58:   Index ....................: -0.0175923162776854 +/- 0.0822109356304747 [-5,5]  (free,scale=1,gradient)
2020-05-27T09:53:58:   PivotEnergy ..............: 1000000 [10000,1000000000000] MeV (fixed,scale=1000000,gradient)
2020-05-27T09:53:58:   Normalization ............: 1 (relative value) (fixed,scale=1,gradient)
2020-05-27T09:53:58: 
2020-05-27T09:53:58: Application "cssens" terminated after 92 wall clock seconds, consuming 92.0236 seconds of CPU time.
