2020-05-26T16:12:20: ********************************************************************************
2020-05-26T16:12:20: *                                    cssens                                    *
2020-05-26T16:12:20: * ---------------------------------------------------------------------------- *
2020-05-26T16:12:20: * Version: 1.6.3                                                               *
2020-05-26T16:12:20: ********************************************************************************
2020-05-26T16:12:20: +============+
2020-05-26T16:12:20: | Parameters |
2020-05-26T16:12:20: +============+
2020-05-26T16:12:20:  inobs .....................: NONE
2020-05-26T16:12:20:  inmodel ...................: /astri01/data1/gershon/ctools_patricelli/notebooks/grb.xml
2020-05-26T16:12:20:  srcname ...................: GRB
2020-05-26T16:12:20:  caldb .....................: prod2
2020-05-26T16:12:20:  irf .......................: North_0.5h
2020-05-26T16:12:20:  edisp .....................: no
2020-05-26T16:12:20:  deadc .....................: 0.98
2020-05-26T16:12:20:  outfile ...................: /astri01/data1/gershon/ctools_patricelli/notebooks/outputs/sensi-5.0sigma_obstime-100.0_irf-North_0.5h.txt
2020-05-26T16:12:20:  offset ....................: 0
2020-05-26T16:12:20:  duration ..................: 100
2020-05-26T16:12:20:  rad .......................: 2.25
2020-05-26T16:12:20:  emin ......................: 0.03
2020-05-26T16:12:20:  emax ......................: 10
2020-05-26T16:12:20:  bins ......................: 1
2020-05-26T16:12:20:  enumbins ..................: 0
2020-05-26T16:12:20:  npix ......................: 200
2020-05-26T16:12:20:  binsz .....................: 0.2
2020-05-26T16:12:20:  type ......................: Integral
2020-05-26T16:12:20:  sigma .....................: 5
2020-05-26T16:12:20:  max_iter ..................: 50
2020-05-26T16:12:20:  statistic .................: DEFAULT
2020-05-26T16:12:20:  nthreads ..................: 0
2020-05-26T16:12:20:  chatter ...................: 2
2020-05-26T16:12:20:  clobber ...................: yes
2020-05-26T16:12:20:  debug .....................: no
2020-05-26T16:12:20:  mode ......................: ql
2020-05-26T16:12:20:  logfile ...................: /astri01/data1/gershon/ctools_patricelli/notebooks/logs/sensi-5.0sigma_obstime-100.0_irf-North_0.5h.log
2020-05-26T16:12:20: 
2020-05-26T16:12:20: WARNING: Energy dispersion will *NOT* be considered for the computation. To consider
2020-05-26T16:12:20:          energy dispersion, please set the "edisp" parameter to "yes". Be aware that
2020-05-26T16:12:20:          using energy dispersion will considerably slow down the computations.
2020-05-26T16:12:20: 
2020-05-26T16:12:20: +=================+
2020-05-26T16:12:20: | Multiprocessing |
2020-05-26T16:12:20: +=================+
2020-05-26T16:12:20:  Multiprocessing ...........: available
2020-05-26T16:12:20:  Processes available .......: 64
2020-05-26T16:12:20: 
2020-05-26T16:12:20: +===================+
2020-05-26T16:12:20: | Input observation |
2020-05-26T16:12:20: +===================+
2020-05-26T16:12:20: === GObservations ===
2020-05-26T16:12:20:  Number of observations ....: 1
2020-05-26T16:12:20:  Number of models ..........: 2
2020-05-26T16:12:20:  Number of observed events .: 0
2020-05-26T16:12:20:  Number of predicted events : 0
2020-05-26T16:12:20: 
2020-05-26T16:12:20: +==============+
2020-05-26T16:12:20: | Input models |
2020-05-26T16:12:20: +==============+
2020-05-26T16:12:20: === GModels ===
2020-05-26T16:12:20:  Number of models ..........: 2
2020-05-26T16:12:20:  Number of parameters ......: 10
2020-05-26T16:12:20: === GModelSky ===
2020-05-26T16:12:20:  Name ......................: GRB
2020-05-26T16:12:20:  Instruments ...............: all
2020-05-26T16:12:20:  Test Statistic ............: Computation requested
2020-05-26T16:12:20:  Observation identifiers ...: all
2020-05-26T16:12:20:  Model type ................: PointSource
2020-05-26T16:12:20:  Model components ..........: "PointSource" * "PowerLaw" * "Constant"
2020-05-26T16:12:20:  Number of parameters ......: 6
2020-05-26T16:12:20:  Number of spatial par's ...: 2
2020-05-26T16:12:20:   RA .......................: 266.404994802193 [-360,360] deg (fixed,scale=1)
2020-05-26T16:12:20:   DEC ......................: -28.9361739597975 [-90,90] deg (fixed,scale=1)
2020-05-26T16:12:20:  Number of spectral par's ..: 3
2020-05-26T16:12:20:   Prefactor ................: 5.7e-07 +/- 0 [1e-17,1000] ph/cm2/s/MeV (free,scale=1e-07,gradient)
2020-05-26T16:12:20:   Index ....................: -2.1 [-0,-5]  (fixed,scale=-1,gradient)
2020-05-26T16:12:20:   PivotEnergy ..............: 1000 [10,1000000] MeV (fixed,scale=1000,gradient)
2020-05-26T16:12:20:  Number of temporal par's ..: 1
2020-05-26T16:12:20:   Normalization ............: 1 (relative value) (fixed,scale=1,gradient)
2020-05-26T16:12:20:  Number of scale par's .....: 0
2020-05-26T16:12:20: === GCTAModelIrfBackground ===
2020-05-26T16:12:20:  Name ......................: CTABackgroundModel
2020-05-26T16:12:20:  Instruments ...............: CTA
2020-05-26T16:12:20:  Observation identifiers ...: all
2020-05-26T16:12:20:  Model type ................: "PowerLaw" * "Constant"
2020-05-26T16:12:20:  Number of parameters ......: 4
2020-05-26T16:12:20:  Number of spectral par's ..: 3
2020-05-26T16:12:20:   Prefactor ................: 1 +/- 0 [0.001,1000] ph/cm2/s/MeV (free,scale=1,gradient)
2020-05-26T16:12:20:   Index ....................: 0 +/- 0 [-5,5]  (free,scale=1,gradient)
2020-05-26T16:12:20:   PivotEnergy ..............: 1000000 [10000,1000000000000] MeV (fixed,scale=1000000,gradient)
2020-05-26T16:12:20:  Number of temporal par's ..: 1
2020-05-26T16:12:20:   Normalization ............: 1 (relative value) (fixed,scale=1,gradient)
2020-05-26T16:12:20: 
2020-05-26T16:12:20: +===========================+
2020-05-26T16:12:20: | Sensitivity determination |
2020-05-26T16:12:20: +===========================+
2020-05-26T16:12:20:  Type ......................: Integral
2020-05-26T16:12:20: 
2020-05-26T16:12:20: +---------------------------+
2020-05-26T16:12:20: | Energies: 30 GeV - 10 TeV |
2020-05-26T16:12:20: +---------------------------+
2020-05-26T16:12:20: === Initial parameters ===
2020-05-26T16:12:20:  Crab flux .................: 3.4886245596327748e-09 ph/cm2/s
2020-05-26T16:12:20:  Source model flux .........: 1.2272113477562559e-05 ph/cm2/s
2020-05-26T16:12:20:  Crab unit factor ..........: 0.0002842725147555979
2020-05-26T16:12:20: === Iterations ===
2020-05-26T16:12:39:  Iteration 1 ...............: TS=  102.3888  Sim= 100.0000 mCrab  Fit= 137.9854 mCrab  Sens=1.906765e-11 erg/cm2/s
2020-05-26T16:12:57:  Iteration 2 ...............: TS=   31.3347  Sim=  68.1831 mCrab  Fit=  70.4136 mCrab  Sens=9.730178e-12 erg/cm2/s
2020-05-26T16:13:15:  Iteration 3 ...............: TS=   39.8754  Sim=  61.9335 mCrab  Fit=  45.3971 mCrab  Sens=6.273246e-12 erg/cm2/s
2020-05-26T16:13:33:  Iteration 4 ...............: TS=   28.7139  Sim=  45.3085 mCrab  Fit=  50.9280 mCrab  Sens=7.037541e-12 erg/cm2/s
2020-05-26T16:13:33:  Converged result ..........: TS=   28.7139  Sim=  45.6236 mCrab                       Sens=6.304541e-12 erg/cm2/s
2020-05-26T16:13:33:  Converged flux ratio ......: 1.0069543610548828
2020-05-26T16:13:33:  Regression coefficient ....: 0.7353241051424615
2020-05-26T16:13:33: === Fit results ===
2020-05-26T16:13:33:  Photon flux ...............: 1.5916359096574157e-10 ph/cm2/s
2020-05-26T16:13:33:  Energy flux ...............: 3.714112635464386e-11 erg/cm2/s
2020-05-26T16:13:33:  Crab flux .................: 45.623594125730655 mCrab
2020-05-26T16:13:33:  Differential sensitivity ..: 6.304541236720015e-12 erg/cm2/s
2020-05-26T16:13:33:  Number of simulated events : 1803.0
2020-05-26T16:13:33: === Test source model fitting ===
2020-05-26T16:13:33:  log likelihood ............: 7596.359436505349
2020-05-26T16:13:33:  Number of predicted events : 1802.9853678406535
2020-05-26T16:13:33:  Model .....................: GRB
2020-05-26T16:13:33:   RA .......................: 266.404994802193 [-360,360] deg (fixed,scale=1)
2020-05-26T16:13:33:   DEC ......................: -28.9361739597975 [-90,90] deg (fixed,scale=1)
2020-05-26T16:13:33:   Prefactor ................: 8.25214167453896e-12 +/- 2.93509187427833e-12 [1e-17,1000] ph/cm2/s/MeV (free,scale=1e-07,gradient)
2020-05-26T16:13:33:   Index ....................: -2.1 [-0,-5]  (fixed,scale=-1,gradient)
2020-05-26T16:13:33:   PivotEnergy ..............: 1000 [10,1000000] MeV (fixed,scale=1000,gradient)
2020-05-26T16:13:33:   Normalization ............: 1 (relative value) (fixed,scale=1,gradient)
2020-05-26T16:13:33:  Model .....................: CTABackgroundModel
2020-05-26T16:13:33:   Prefactor ................: 0.991374576990399 +/- 0.0857544219939178 [0.001,1000] ph/cm2/s/MeV (free,scale=1,gradient)
2020-05-26T16:13:33:   Index ....................: -0.0177680765578323 +/- 0.0300591809256885 [-5,5]  (free,scale=1,gradient)
2020-05-26T16:13:33:   PivotEnergy ..............: 1000000 [10000,1000000000000] MeV (fixed,scale=1000000,gradient)
2020-05-26T16:13:33:   Normalization ............: 1 (relative value) (fixed,scale=1,gradient)
2020-05-26T16:13:33: 
2020-05-26T16:13:33: Application "cssens" terminated after 73 wall clock seconds, consuming 72.8859 seconds of CPU time.
