2020-05-27T11:14:18: ********************************************************************************
2020-05-27T11:14:18: *                                    cssens                                    *
2020-05-27T11:14:18: * ---------------------------------------------------------------------------- *
2020-05-27T11:14:18: * Version: 1.6.3                                                               *
2020-05-27T11:14:18: ********************************************************************************
2020-05-27T11:14:18: +============+
2020-05-27T11:14:18: | Parameters |
2020-05-27T11:14:18: +============+
2020-05-27T11:14:18:  inobs .....................: NONE
2020-05-27T11:14:18:  inmodel ...................: /astri01/data1/gershon/ctools_patricelli/notebooks/grb.xml
2020-05-27T11:14:18:  srcname ...................: GRB
2020-05-27T11:14:18:  caldb .....................: prod2
2020-05-27T11:14:18:  irf .......................: North_0.5h
2020-05-27T11:14:18:  edisp .....................: no
2020-05-27T11:14:18:  deadc .....................: 0.98
2020-05-27T11:14:18:  outfile ...................: /astri01/data1/gershon/ctools_patricelli/notebooks/outputs/sensi-5.0sigma_obstime-9.0_irf-North_0.5h.txt
2020-05-27T11:14:18:  offset ....................: 0
2020-05-27T11:14:18:  duration ..................: 9
2020-05-27T11:14:18:  rad .......................: 2.25
2020-05-27T11:14:18:  emin ......................: 0.03
2020-05-27T11:14:18:  emax ......................: 10
2020-05-27T11:14:18:  bins ......................: 1
2020-05-27T11:14:18:  enumbins ..................: 0
2020-05-27T11:14:18:  npix ......................: 200
2020-05-27T11:14:18:  binsz .....................: 0.2
2020-05-27T11:14:18:  type ......................: Integral
2020-05-27T11:14:18:  sigma .....................: 5
2020-05-27T11:14:18:  max_iter ..................: 50
2020-05-27T11:14:18:  statistic .................: DEFAULT
2020-05-27T11:14:18:  nthreads ..................: 0
2020-05-27T11:14:18:  chatter ...................: 4
2020-05-27T11:14:18:  clobber ...................: yes
2020-05-27T11:14:18:  debug .....................: no
2020-05-27T11:14:18:  mode ......................: ql
2020-05-27T11:14:18:  logfile ...................: /astri01/data1/gershon/ctools_patricelli/notebooks/logs/sensi-5.0sigma_obstime-9.0_irf-North_0.5h.log
2020-05-27T11:14:18: 
2020-05-27T11:14:18: WARNING: Energy dispersion will *NOT* be considered for the computation. To consider
2020-05-27T11:14:18:          energy dispersion, please set the "edisp" parameter to "yes". Be aware that
2020-05-27T11:14:18:          using energy dispersion will considerably slow down the computations.
2020-05-27T11:14:18: 
2020-05-27T11:14:18: +=================+
2020-05-27T11:14:18: | Multiprocessing |
2020-05-27T11:14:18: +=================+
2020-05-27T11:14:18:  Multiprocessing ...........: available
2020-05-27T11:14:18:  CPUs available ............: 64
2020-05-27T11:14:18:  Processes available .......: 64
2020-05-27T11:14:18: 
2020-05-27T11:14:18: +===================+
2020-05-27T11:14:18: | Input observation |
2020-05-27T11:14:18: +===================+
2020-05-27T11:14:18: === GObservations ===
2020-05-27T11:14:18:  Number of observations ....: 1
2020-05-27T11:14:18:  Number of models ..........: 2
2020-05-27T11:14:18:  Number of observed events .: 0
2020-05-27T11:14:18:  Number of predicted events : 0
2020-05-27T11:14:18: === GCTAObservation ===
2020-05-27T11:14:18:  Name ......................: 
2020-05-27T11:14:18:  Identifier ................: 000000
2020-05-27T11:14:18:  Instrument ................: CTA
2020-05-27T11:14:18:  Event file ................: 
2020-05-27T11:14:18:  Event type ................: EventList
2020-05-27T11:14:18:  Statistic .................: cstat
2020-05-27T11:14:18:  Ontime ....................: 9 s
2020-05-27T11:14:18:  Livetime ..................: 8.82 s
2020-05-27T11:14:18:  Deadtime correction .......: 0.98
2020-05-27T11:14:18:  User energy range .........: undefined
2020-05-27T11:14:18: === GCTAPointing ===
2020-05-27T11:14:18:  Pointing direction ........: (l,b)=(0,0)
2020-05-27T11:14:18: === GCTAResponseIrf ===
2020-05-27T11:14:18:  Caldb mission .............: cta
2020-05-27T11:14:18:  Caldb instrument ..........: prod2
2020-05-27T11:14:18:  Response name .............: North_0.5h
2020-05-27T11:14:18:  Energy dispersion .........: Not used
2020-05-27T11:14:18:  Safe energy range .........: undefined
2020-05-27T11:14:18: === GCaldb ===
2020-05-27T11:14:18:  Database root .............: /astri01/data1/gershon/anaconda3/envs/ctools/share/caldb
2020-05-27T11:14:18:  Selected Mission ..........: CTA
2020-05-27T11:14:18:  Selected Instrument .......: PROD2
2020-05-27T11:14:18:  Calibration Index File ....: /astri01/data1/gershon/anaconda3/envs/ctools/share/caldb/data/cta/prod2/caldb.indx
2020-05-27T11:14:18:  Number of entries .........: 24
2020-05-27T11:14:18: === GCTAAeff2D ===
2020-05-27T11:14:18:  Filename ..................: /astri01/data1/gershon/anaconda3/envs/ctools/share/caldb/data/cta/prod2/bcf/North_0.5h/irf_file.fits
2020-05-27T11:14:18:  Number of energy bins .....: 500
2020-05-27T11:14:18:  Number of offset bins .....: 45
2020-05-27T11:14:18:  Log10(Energy) range .......: 0.00501187238842249 - 501.187225341797 TeV
2020-05-27T11:14:18:  Offset angle range ........: 0 - 4.5 deg
2020-05-27T11:14:18:  Lower energy threshold ....: not specified
2020-05-27T11:14:18:  Upper energy threshold ....: not specified
2020-05-27T11:14:18:  Radius cut ................: none
2020-05-27T11:14:18: === GCTAPsf2D ===
2020-05-27T11:14:18:  Filename ..................: /astri01/data1/gershon/anaconda3/envs/ctools/share/caldb/data/cta/prod2/bcf/North_0.5h/irf_file.fits
2020-05-27T11:14:18:  Number of energy bins .....: 21
2020-05-27T11:14:18:  Number of offset bins .....: 2
2020-05-27T11:14:18:  Log10(Energy) range .......: 0.0125892544165254 - 199.526214599609 TeV
2020-05-27T11:14:18:  Offset angle range ........: 0 - 9 deg
2020-05-27T11:14:18: === GCTAEdisp2D ===
2020-05-27T11:14:18:  Filename ..................: /astri01/data1/gershon/anaconda3/envs/ctools/share/caldb/data/cta/prod2/bcf/North_0.5h/irf_file.fits
2020-05-27T11:14:18:  Number of energy bins .....: 500
2020-05-27T11:14:18:  Number of migration bins ..: 300
2020-05-27T11:14:18:  Number of offset bins .....: 2
2020-05-27T11:14:18:  Log10(Energy) range .......: 0.00501187238842249 - 501.187225341797 TeV
2020-05-27T11:14:18:  Migration range ...........: 0 - 3
2020-05-27T11:14:18:  Offset angle range ........: 0 - 9 deg
2020-05-27T11:14:18: === GCTABackground3D ===
2020-05-27T11:14:18:  Filename ..................: /astri01/data1/gershon/anaconda3/envs/ctools/share/caldb/data/cta/prod2/bcf/North_0.5h/irf_file.fits
2020-05-27T11:14:18:  Number of DETX bins .......: 90
2020-05-27T11:14:18:  Number of DETY bins .......: 90
2020-05-27T11:14:18:  Number of energy bins .....: 21
2020-05-27T11:14:18:  DETX range ................: -4.5 - 4.5 deg
2020-05-27T11:14:18:  DETX range ................: -4.5 - 4.5 deg
2020-05-27T11:14:18:  Energy range ..............: 0.0125892544165254 - 199.526214599609 TeV
2020-05-27T11:14:18: === GCTAResponseCache ===
2020-05-27T11:14:18:  Number of cached values ...: 0
2020-05-27T11:14:18: === GCTAResponseCache ===
2020-05-27T11:14:18:  Number of cached values ...: 0
2020-05-27T11:14:18: === GCTAEventList ===
2020-05-27T11:14:18:  Number of events ..........: 0 (disposed without possibility to recover)
2020-05-27T11:14:18:  Time interval .............: 51544.5 - 51544.5001041667 days
2020-05-27T11:14:18: === GEbounds ===
2020-05-27T11:14:18:  Number of intervals .......: 1
2020-05-27T11:14:18:  Energy range ..............: 30 GeV - 10 TeV
2020-05-27T11:14:18: === GCTARoi ===
2020-05-27T11:14:18:  RoI centre ................: RA=266.404994802193, DEC=-28.9361739597975 [0,0]
2020-05-27T11:14:18:  RoI radius ................: 2.25 deg
2020-05-27T11:14:18: === GSkyRegions ===
2020-05-27T11:14:18:  Number of regions .........: 0
2020-05-27T11:14:18: === GModels ===
2020-05-27T11:14:18:  Number of models ..........: 2
2020-05-27T11:14:18:  Number of parameters ......: 10
2020-05-27T11:14:18: === GModelSky ===
2020-05-27T11:14:18:  Name ......................: GRB
2020-05-27T11:14:18:  Instruments ...............: all
2020-05-27T11:14:18:  Observation identifiers ...: all
2020-05-27T11:14:18:  Model type ................: PointSource
2020-05-27T11:14:18:  Model components ..........: "PointSource" * "PowerLaw" * "Constant"
2020-05-27T11:14:18:  Number of parameters ......: 6
2020-05-27T11:14:18:  Number of spatial par's ...: 2
2020-05-27T11:14:18:   RA .......................: 83.6331 [-360,360] deg (fixed,scale=1)
2020-05-27T11:14:18:   DEC ......................: 22.0145 [-90,90] deg (fixed,scale=1)
2020-05-27T11:14:18:  Number of spectral par's ..: 3
2020-05-27T11:14:18:   Prefactor ................: 5.7e-07 +/- 0 [1e-17,1000] ph/cm2/s/MeV (free,scale=1e-07,gradient)
2020-05-27T11:14:18:   Index ....................: -2.1 +/- 0 [-0,-5]  (free,scale=-1,gradient)
2020-05-27T11:14:18:   PivotEnergy ..............: 1000 [10,1000000] MeV (fixed,scale=1000,gradient)
2020-05-27T11:14:18:  Number of temporal par's ..: 1
2020-05-27T11:14:18:   Normalization ............: 1 (relative value) (fixed,scale=1,gradient)
2020-05-27T11:14:18:  Number of scale par's .....: 0
2020-05-27T11:14:18: === GCTAModelIrfBackground ===
2020-05-27T11:14:18:  Name ......................: CTABackgroundModel
2020-05-27T11:14:18:  Instruments ...............: CTA
2020-05-27T11:14:18:  Observation identifiers ...: all
2020-05-27T11:14:18:  Model type ................: "PowerLaw" * "Constant"
2020-05-27T11:14:18:  Number of parameters ......: 4
2020-05-27T11:14:18:  Number of spectral par's ..: 3
2020-05-27T11:14:18:   Prefactor ................: 1 +/- 0 [0.001,1000] ph/cm2/s/MeV (free,scale=1,gradient)
2020-05-27T11:14:18:   Index ....................: 0 +/- 0 [-5,5]  (free,scale=1,gradient)
2020-05-27T11:14:18:   PivotEnergy ..............: 1000000 [10000,1000000000000] MeV (fixed,scale=1000000,gradient)
2020-05-27T11:14:18:  Number of temporal par's ..: 1
2020-05-27T11:14:18:   Normalization ............: 1 (relative value) (fixed,scale=1,gradient)
2020-05-27T11:14:18: 
2020-05-27T11:14:18: +==============+
2020-05-27T11:14:18: | Input models |
2020-05-27T11:14:18: +==============+
2020-05-27T11:14:18: === GModels ===
2020-05-27T11:14:18:  Number of models ..........: 2
2020-05-27T11:14:18:  Number of parameters ......: 10
2020-05-27T11:14:18: === GModelSky ===
2020-05-27T11:14:18:  Name ......................: GRB
2020-05-27T11:14:18:  Instruments ...............: all
2020-05-27T11:14:18:  Test Statistic ............: Computation requested
2020-05-27T11:14:18:  Observation identifiers ...: all
2020-05-27T11:14:18:  Model type ................: PointSource
2020-05-27T11:14:18:  Model components ..........: "PointSource" * "PowerLaw" * "Constant"
2020-05-27T11:14:18:  Number of parameters ......: 6
2020-05-27T11:14:18:  Number of spatial par's ...: 2
2020-05-27T11:14:18:   RA .......................: 266.404994802193 [-360,360] deg (fixed,scale=1)
2020-05-27T11:14:18:   DEC ......................: -28.9361739597975 [-90,90] deg (fixed,scale=1)
2020-05-27T11:14:18:  Number of spectral par's ..: 3
2020-05-27T11:14:18:   Prefactor ................: 5.7e-07 +/- 0 [1e-17,1000] ph/cm2/s/MeV (free,scale=1e-07,gradient)
2020-05-27T11:14:18:   Index ....................: -2.1 [-0,-5]  (fixed,scale=-1,gradient)
2020-05-27T11:14:18:   PivotEnergy ..............: 1000 [10,1000000] MeV (fixed,scale=1000,gradient)
2020-05-27T11:14:18:  Number of temporal par's ..: 1
2020-05-27T11:14:18:   Normalization ............: 1 (relative value) (fixed,scale=1,gradient)
2020-05-27T11:14:18:  Number of scale par's .....: 0
2020-05-27T11:14:18: === GCTAModelIrfBackground ===
2020-05-27T11:14:18:  Name ......................: CTABackgroundModel
2020-05-27T11:14:18:  Instruments ...............: CTA
2020-05-27T11:14:18:  Observation identifiers ...: all
2020-05-27T11:14:18:  Model type ................: "PowerLaw" * "Constant"
2020-05-27T11:14:18:  Number of parameters ......: 4
2020-05-27T11:14:18:  Number of spectral par's ..: 3
2020-05-27T11:14:18:   Prefactor ................: 1 +/- 0 [0.001,1000] ph/cm2/s/MeV (free,scale=1,gradient)
2020-05-27T11:14:18:   Index ....................: 0 +/- 0 [-5,5]  (free,scale=1,gradient)
2020-05-27T11:14:18:   PivotEnergy ..............: 1000000 [10000,1000000000000] MeV (fixed,scale=1000000,gradient)
2020-05-27T11:14:18:  Number of temporal par's ..: 1
2020-05-27T11:14:18:   Normalization ............: 1 (relative value) (fixed,scale=1,gradient)
2020-05-27T11:14:18: 
2020-05-27T11:14:18: +===========================+
2020-05-27T11:14:18: | Sensitivity determination |
2020-05-27T11:14:18: +===========================+
2020-05-27T11:14:18:  Type ......................: Integral
2020-05-27T11:14:18: 
2020-05-27T11:14:18: +---------------------------+
2020-05-27T11:14:18: | Energies: 30 GeV - 10 TeV |
2020-05-27T11:14:18: +---------------------------+
2020-05-27T11:14:18: === Initial parameters ===
2020-05-27T11:14:18:  Crab flux .................: 3.4886245596327748e-09 ph/cm2/s
2020-05-27T11:14:18:  Source model flux .........: 1.2272113477562559e-05 ph/cm2/s
2020-05-27T11:14:18:  Crab unit factor ..........: 0.0002842725147555979
2020-05-27T11:14:18: === Iterations ===
2020-05-27T11:14:18: +-------------+
2020-05-27T11:14:18: | Iteration 1 |
2020-05-27T11:14:18: +-------------+
2020-05-27T11:14:36: === Simulation ===
2020-05-27T11:14:36:  Number of simulated events : 160.0
2020-05-27T11:14:37:  Iteration 1 ...............: TS=   -0.0000  Sim= 100.0000 mCrab  Fit=   0.0001 mCrab  Sens=8.528139e-18 erg/cm2/s
2020-05-27T11:14:37: Non positive TS, increase test flux and start over.
2020-05-27T11:14:37: +-------------+
2020-05-27T11:14:37: | Iteration 2 |
2020-05-27T11:14:37: +-------------+
2020-05-27T11:14:55: === Simulation ===
2020-05-27T11:14:55:  Number of simulated events : 175.0
2020-05-27T11:14:56:  Iteration 2 ...............: TS=   49.2815  Sim= 300.0000 mCrab  Fit= 477.4147 mCrab  Sens=6.597202e-11 erg/cm2/s
2020-05-27T11:14:56: +-------------+
2020-05-27T11:14:56: | Iteration 3 |
2020-05-27T11:14:56: +-------------+
2020-05-27T11:15:13: === Simulation ===
2020-05-27T11:15:13:  Number of simulated events : 151.0
2020-05-27T11:15:14:  Iteration 3 ...............: TS=   19.1211  Sim= 340.0352 mCrab  Fit= 174.9667 mCrab  Sens=2.417795e-11 erg/cm2/s
2020-05-27T11:15:14: +-------------+
2020-05-27T11:15:14: | Iteration 4 |
2020-05-27T11:15:14: +-------------+
2020-05-27T11:15:31: === Simulation ===
2020-05-27T11:15:31:  Number of simulated events : 166.0
2020-05-27T11:15:32:  Iteration 4 ...............: TS=   23.1276  Sim= 232.4857 mCrab  Fit= 160.0837 mCrab  Sens=2.212132e-11 erg/cm2/s
2020-05-27T11:15:32: +-------------+
2020-05-27T11:15:32: | Iteration 5 |
2020-05-27T11:15:32: +-------------+
2020-05-27T11:15:49: === Simulation ===
2020-05-27T11:15:49:  Number of simulated events : 169.0
2020-05-27T11:15:50:  Iteration 5 ...............: TS=    4.3992  Sim= 208.4783 mCrab  Fit= 102.3516 mCrab  Sens=1.414355e-11 erg/cm2/s
2020-05-27T11:15:50: +-------------+
2020-05-27T11:15:50: | Iteration 6 |
2020-05-27T11:15:50: +-------------+
2020-05-27T11:16:07: === Simulation ===
2020-05-27T11:16:07:  Number of simulated events : 143.0
2020-05-27T11:16:08:  Iteration 6 ...............: TS=   38.7398  Sim= 235.1362 mCrab  Fit= 342.2274 mCrab  Sens=4.729103e-11 erg/cm2/s
2020-05-27T11:16:08:  Converged result ..........: TS=   38.7398  Sim= 242.1098 mCrab                       Sens=3.345617e-11 erg/cm2/s
2020-05-27T11:16:08:  Converged flux ratio ......: 1.0296572929595555
2020-05-27T11:16:08:  Regression coefficient ....: 0.8204680968245587
2020-05-27T11:16:08: === Fit results ===
2020-05-27T11:16:08:  Photon flux ...............: 8.446300283711704e-10 ph/cm2/s
2020-05-27T11:16:08:  Energy flux ...............: 1.970960218748286e-10 erg/cm2/s
2020-05-27T11:16:08:  Crab flux .................: 242.10975240628332 mCrab
2020-05-27T11:16:08:  Differential sensitivity ..: 3.345617431303241e-11 erg/cm2/s
2020-05-27T11:16:08:  Number of simulated events : 143.0
2020-05-27T11:16:08: === Test source model fitting ===
2020-05-27T11:16:08:  log likelihood ............: 618.4989242582053
2020-05-27T11:16:08:  Number of predicted events : 142.9825733691395
2020-05-27T11:16:08:  Model .....................: GRB
2020-05-27T11:16:08:   RA .......................: 266.404994802193 [-360,360] deg (fixed,scale=1)
2020-05-27T11:16:08:   DEC ......................: -28.9361739597975 [-90,90] deg (fixed,scale=1)
2020-05-27T11:16:08:   Prefactor ................: 5.54529360802142e-11 +/- 2.23272096256783e-11 [1e-17,1000] ph/cm2/s/MeV (free,scale=1e-07,gradient)
2020-05-27T11:16:08:   Index ....................: -2.1 [-0,-5]  (fixed,scale=-1,gradient)
2020-05-27T11:16:08:   PivotEnergy ..............: 1000 [10,1000000] MeV (fixed,scale=1000,gradient)
2020-05-27T11:16:08:   Normalization ............: 1 (relative value) (fixed,scale=1,gradient)
2020-05-27T11:16:08:  Model .....................: CTABackgroundModel
2020-05-27T11:16:08:   Prefactor ................: 0.770267174661824 +/- 0.248081436908731 [0.001,1000] ph/cm2/s/MeV (free,scale=1,gradient)
2020-05-27T11:16:08:   Index ....................: -0.047561868460991 +/- 0.111356106802864 [-5,5]  (free,scale=1,gradient)
2020-05-27T11:16:08:   PivotEnergy ..............: 1000000 [10000,1000000000000] MeV (fixed,scale=1000000,gradient)
2020-05-27T11:16:08:   Normalization ............: 1 (relative value) (fixed,scale=1,gradient)
2020-05-27T11:16:08: 
2020-05-27T11:16:08: Application "cssens" terminated after 110 wall clock seconds, consuming 110.391 seconds of CPU time.
