2020-05-27T11:11:33: ********************************************************************************
2020-05-27T11:11:33: *                                    cssens                                    *
2020-05-27T11:11:33: * ---------------------------------------------------------------------------- *
2020-05-27T11:11:33: * Version: 1.6.3                                                               *
2020-05-27T11:11:33: ********************************************************************************
2020-05-27T11:11:33: +============+
2020-05-27T11:11:33: | Parameters |
2020-05-27T11:11:33: +============+
2020-05-27T11:11:33:  inobs .....................: NONE
2020-05-27T11:11:33:  inmodel ...................: /astri01/data1/gershon/ctools_patricelli/notebooks/grb.xml
2020-05-27T11:11:33:  srcname ...................: GRB
2020-05-27T11:11:33:  caldb .....................: prod2
2020-05-27T11:11:33:  irf .......................: North_0.5h
2020-05-27T11:11:33:  edisp .....................: no
2020-05-27T11:11:33:  deadc .....................: 0.98
2020-05-27T11:11:33:  outfile ...................: /astri01/data1/gershon/ctools_patricelli/notebooks/outputs/sensi-5.0sigma_obstime-7.0_irf-North_0.5h.txt
2020-05-27T11:11:33:  offset ....................: 0
2020-05-27T11:11:33:  duration ..................: 7
2020-05-27T11:11:33:  rad .......................: 2.25
2020-05-27T11:11:33:  emin ......................: 0.03
2020-05-27T11:11:33:  emax ......................: 10
2020-05-27T11:11:33:  bins ......................: 1
2020-05-27T11:11:33:  enumbins ..................: 0
2020-05-27T11:11:33:  npix ......................: 200
2020-05-27T11:11:33:  binsz .....................: 0.2
2020-05-27T11:11:33:  type ......................: Integral
2020-05-27T11:11:33:  sigma .....................: 5
2020-05-27T11:11:33:  max_iter ..................: 50
2020-05-27T11:11:33:  statistic .................: DEFAULT
2020-05-27T11:11:33:  nthreads ..................: 0
2020-05-27T11:11:33:  chatter ...................: 4
2020-05-27T11:11:33:  clobber ...................: yes
2020-05-27T11:11:33:  debug .....................: no
2020-05-27T11:11:33:  mode ......................: ql
2020-05-27T11:11:33:  logfile ...................: /astri01/data1/gershon/ctools_patricelli/notebooks/logs/sensi-5.0sigma_obstime-7.0_irf-North_0.5h.log
2020-05-27T11:11:33: 
2020-05-27T11:11:33: WARNING: Energy dispersion will *NOT* be considered for the computation. To consider
2020-05-27T11:11:33:          energy dispersion, please set the "edisp" parameter to "yes". Be aware that
2020-05-27T11:11:33:          using energy dispersion will considerably slow down the computations.
2020-05-27T11:11:33: 
2020-05-27T11:11:33: +=================+
2020-05-27T11:11:33: | Multiprocessing |
2020-05-27T11:11:33: +=================+
2020-05-27T11:11:33:  Multiprocessing ...........: available
2020-05-27T11:11:33:  CPUs available ............: 64
2020-05-27T11:11:33:  Processes available .......: 64
2020-05-27T11:11:33: 
2020-05-27T11:11:33: +===================+
2020-05-27T11:11:33: | Input observation |
2020-05-27T11:11:33: +===================+
2020-05-27T11:11:33: === GObservations ===
2020-05-27T11:11:33:  Number of observations ....: 1
2020-05-27T11:11:33:  Number of models ..........: 2
2020-05-27T11:11:33:  Number of observed events .: 0
2020-05-27T11:11:33:  Number of predicted events : 0
2020-05-27T11:11:33: === GCTAObservation ===
2020-05-27T11:11:33:  Name ......................: 
2020-05-27T11:11:33:  Identifier ................: 000000
2020-05-27T11:11:33:  Instrument ................: CTA
2020-05-27T11:11:33:  Event file ................: 
2020-05-27T11:11:33:  Event type ................: EventList
2020-05-27T11:11:33:  Statistic .................: cstat
2020-05-27T11:11:33:  Ontime ....................: 7 s
2020-05-27T11:11:33:  Livetime ..................: 6.86 s
2020-05-27T11:11:33:  Deadtime correction .......: 0.98
2020-05-27T11:11:33:  User energy range .........: undefined
2020-05-27T11:11:33: === GCTAPointing ===
2020-05-27T11:11:33:  Pointing direction ........: (l,b)=(0,0)
2020-05-27T11:11:33: === GCTAResponseIrf ===
2020-05-27T11:11:33:  Caldb mission .............: cta
2020-05-27T11:11:33:  Caldb instrument ..........: prod2
2020-05-27T11:11:33:  Response name .............: North_0.5h
2020-05-27T11:11:33:  Energy dispersion .........: Not used
2020-05-27T11:11:33:  Safe energy range .........: undefined
2020-05-27T11:11:33: === GCaldb ===
2020-05-27T11:11:33:  Database root .............: /astri01/data1/gershon/anaconda3/envs/ctools/share/caldb
2020-05-27T11:11:33:  Selected Mission ..........: CTA
2020-05-27T11:11:33:  Selected Instrument .......: PROD2
2020-05-27T11:11:33:  Calibration Index File ....: /astri01/data1/gershon/anaconda3/envs/ctools/share/caldb/data/cta/prod2/caldb.indx
2020-05-27T11:11:33:  Number of entries .........: 24
2020-05-27T11:11:33: === GCTAAeff2D ===
2020-05-27T11:11:33:  Filename ..................: /astri01/data1/gershon/anaconda3/envs/ctools/share/caldb/data/cta/prod2/bcf/North_0.5h/irf_file.fits
2020-05-27T11:11:33:  Number of energy bins .....: 500
2020-05-27T11:11:33:  Number of offset bins .....: 45
2020-05-27T11:11:33:  Log10(Energy) range .......: 0.00501187238842249 - 501.187225341797 TeV
2020-05-27T11:11:33:  Offset angle range ........: 0 - 4.5 deg
2020-05-27T11:11:33:  Lower energy threshold ....: not specified
2020-05-27T11:11:33:  Upper energy threshold ....: not specified
2020-05-27T11:11:33:  Radius cut ................: none
2020-05-27T11:11:33: === GCTAPsf2D ===
2020-05-27T11:11:33:  Filename ..................: /astri01/data1/gershon/anaconda3/envs/ctools/share/caldb/data/cta/prod2/bcf/North_0.5h/irf_file.fits
2020-05-27T11:11:33:  Number of energy bins .....: 21
2020-05-27T11:11:33:  Number of offset bins .....: 2
2020-05-27T11:11:33:  Log10(Energy) range .......: 0.0125892544165254 - 199.526214599609 TeV
2020-05-27T11:11:33:  Offset angle range ........: 0 - 9 deg
2020-05-27T11:11:33: === GCTAEdisp2D ===
2020-05-27T11:11:33:  Filename ..................: /astri01/data1/gershon/anaconda3/envs/ctools/share/caldb/data/cta/prod2/bcf/North_0.5h/irf_file.fits
2020-05-27T11:11:33:  Number of energy bins .....: 500
2020-05-27T11:11:33:  Number of migration bins ..: 300
2020-05-27T11:11:33:  Number of offset bins .....: 2
2020-05-27T11:11:33:  Log10(Energy) range .......: 0.00501187238842249 - 501.187225341797 TeV
2020-05-27T11:11:33:  Migration range ...........: 0 - 3
2020-05-27T11:11:33:  Offset angle range ........: 0 - 9 deg
2020-05-27T11:11:33: === GCTABackground3D ===
2020-05-27T11:11:33:  Filename ..................: /astri01/data1/gershon/anaconda3/envs/ctools/share/caldb/data/cta/prod2/bcf/North_0.5h/irf_file.fits
2020-05-27T11:11:33:  Number of DETX bins .......: 90
2020-05-27T11:11:33:  Number of DETY bins .......: 90
2020-05-27T11:11:33:  Number of energy bins .....: 21
2020-05-27T11:11:33:  DETX range ................: -4.5 - 4.5 deg
2020-05-27T11:11:33:  DETX range ................: -4.5 - 4.5 deg
2020-05-27T11:11:33:  Energy range ..............: 0.0125892544165254 - 199.526214599609 TeV
2020-05-27T11:11:33: === GCTAResponseCache ===
2020-05-27T11:11:33:  Number of cached values ...: 0
2020-05-27T11:11:33: === GCTAResponseCache ===
2020-05-27T11:11:33:  Number of cached values ...: 0
2020-05-27T11:11:33: === GCTAEventList ===
2020-05-27T11:11:33:  Number of events ..........: 0 (disposed without possibility to recover)
2020-05-27T11:11:33:  Time interval .............: 51544.5 - 51544.5000810185 days
2020-05-27T11:11:33: === GEbounds ===
2020-05-27T11:11:33:  Number of intervals .......: 1
2020-05-27T11:11:33:  Energy range ..............: 30 GeV - 10 TeV
2020-05-27T11:11:33: === GCTARoi ===
2020-05-27T11:11:33:  RoI centre ................: RA=266.404994802193, DEC=-28.9361739597975 [0,0]
2020-05-27T11:11:33:  RoI radius ................: 2.25 deg
2020-05-27T11:11:33: === GSkyRegions ===
2020-05-27T11:11:33:  Number of regions .........: 0
2020-05-27T11:11:33: === GModels ===
2020-05-27T11:11:33:  Number of models ..........: 2
2020-05-27T11:11:33:  Number of parameters ......: 10
2020-05-27T11:11:33: === GModelSky ===
2020-05-27T11:11:33:  Name ......................: GRB
2020-05-27T11:11:33:  Instruments ...............: all
2020-05-27T11:11:33:  Observation identifiers ...: all
2020-05-27T11:11:33:  Model type ................: PointSource
2020-05-27T11:11:33:  Model components ..........: "PointSource" * "PowerLaw" * "Constant"
2020-05-27T11:11:33:  Number of parameters ......: 6
2020-05-27T11:11:33:  Number of spatial par's ...: 2
2020-05-27T11:11:33:   RA .......................: 83.6331 [-360,360] deg (fixed,scale=1)
2020-05-27T11:11:33:   DEC ......................: 22.0145 [-90,90] deg (fixed,scale=1)
2020-05-27T11:11:33:  Number of spectral par's ..: 3
2020-05-27T11:11:33:   Prefactor ................: 5.7e-07 +/- 0 [1e-17,1000] ph/cm2/s/MeV (free,scale=1e-07,gradient)
2020-05-27T11:11:33:   Index ....................: -2.1 +/- 0 [-0,-5]  (free,scale=-1,gradient)
2020-05-27T11:11:33:   PivotEnergy ..............: 1000 [10,1000000] MeV (fixed,scale=1000,gradient)
2020-05-27T11:11:33:  Number of temporal par's ..: 1
2020-05-27T11:11:33:   Normalization ............: 1 (relative value) (fixed,scale=1,gradient)
2020-05-27T11:11:33:  Number of scale par's .....: 0
2020-05-27T11:11:33: === GCTAModelIrfBackground ===
2020-05-27T11:11:33:  Name ......................: CTABackgroundModel
2020-05-27T11:11:33:  Instruments ...............: CTA
2020-05-27T11:11:33:  Observation identifiers ...: all
2020-05-27T11:11:33:  Model type ................: "PowerLaw" * "Constant"
2020-05-27T11:11:33:  Number of parameters ......: 4
2020-05-27T11:11:33:  Number of spectral par's ..: 3
2020-05-27T11:11:33:   Prefactor ................: 1 +/- 0 [0.001,1000] ph/cm2/s/MeV (free,scale=1,gradient)
2020-05-27T11:11:33:   Index ....................: 0 +/- 0 [-5,5]  (free,scale=1,gradient)
2020-05-27T11:11:33:   PivotEnergy ..............: 1000000 [10000,1000000000000] MeV (fixed,scale=1000000,gradient)
2020-05-27T11:11:33:  Number of temporal par's ..: 1
2020-05-27T11:11:33:   Normalization ............: 1 (relative value) (fixed,scale=1,gradient)
2020-05-27T11:11:33: 
2020-05-27T11:11:33: +==============+
2020-05-27T11:11:33: | Input models |
2020-05-27T11:11:33: +==============+
2020-05-27T11:11:33: === GModels ===
2020-05-27T11:11:33:  Number of models ..........: 2
2020-05-27T11:11:33:  Number of parameters ......: 10
2020-05-27T11:11:33: === GModelSky ===
2020-05-27T11:11:33:  Name ......................: GRB
2020-05-27T11:11:33:  Instruments ...............: all
2020-05-27T11:11:33:  Test Statistic ............: Computation requested
2020-05-27T11:11:33:  Observation identifiers ...: all
2020-05-27T11:11:33:  Model type ................: PointSource
2020-05-27T11:11:33:  Model components ..........: "PointSource" * "PowerLaw" * "Constant"
2020-05-27T11:11:33:  Number of parameters ......: 6
2020-05-27T11:11:33:  Number of spatial par's ...: 2
2020-05-27T11:11:33:   RA .......................: 266.404994802193 [-360,360] deg (fixed,scale=1)
2020-05-27T11:11:33:   DEC ......................: -28.9361739597975 [-90,90] deg (fixed,scale=1)
2020-05-27T11:11:33:  Number of spectral par's ..: 3
2020-05-27T11:11:33:   Prefactor ................: 5.7e-07 +/- 0 [1e-17,1000] ph/cm2/s/MeV (free,scale=1e-07,gradient)
2020-05-27T11:11:33:   Index ....................: -2.1 [-0,-5]  (fixed,scale=-1,gradient)
2020-05-27T11:11:33:   PivotEnergy ..............: 1000 [10,1000000] MeV (fixed,scale=1000,gradient)
2020-05-27T11:11:33:  Number of temporal par's ..: 1
2020-05-27T11:11:33:   Normalization ............: 1 (relative value) (fixed,scale=1,gradient)
2020-05-27T11:11:33:  Number of scale par's .....: 0
2020-05-27T11:11:33: === GCTAModelIrfBackground ===
2020-05-27T11:11:33:  Name ......................: CTABackgroundModel
2020-05-27T11:11:33:  Instruments ...............: CTA
2020-05-27T11:11:33:  Observation identifiers ...: all
2020-05-27T11:11:33:  Model type ................: "PowerLaw" * "Constant"
2020-05-27T11:11:33:  Number of parameters ......: 4
2020-05-27T11:11:33:  Number of spectral par's ..: 3
2020-05-27T11:11:33:   Prefactor ................: 1 +/- 0 [0.001,1000] ph/cm2/s/MeV (free,scale=1,gradient)
2020-05-27T11:11:33:   Index ....................: 0 +/- 0 [-5,5]  (free,scale=1,gradient)
2020-05-27T11:11:33:   PivotEnergy ..............: 1000000 [10000,1000000000000] MeV (fixed,scale=1000000,gradient)
2020-05-27T11:11:33:  Number of temporal par's ..: 1
2020-05-27T11:11:33:   Normalization ............: 1 (relative value) (fixed,scale=1,gradient)
2020-05-27T11:11:33: 
2020-05-27T11:11:33: +===========================+
2020-05-27T11:11:33: | Sensitivity determination |
2020-05-27T11:11:33: +===========================+
2020-05-27T11:11:33:  Type ......................: Integral
2020-05-27T11:11:33: 
2020-05-27T11:11:33: +---------------------------+
2020-05-27T11:11:33: | Energies: 30 GeV - 10 TeV |
2020-05-27T11:11:33: +---------------------------+
2020-05-27T11:11:33: === Initial parameters ===
2020-05-27T11:11:33:  Crab flux .................: 3.4886245596327748e-09 ph/cm2/s
2020-05-27T11:11:33:  Source model flux .........: 1.2272113477562559e-05 ph/cm2/s
2020-05-27T11:11:33:  Crab unit factor ..........: 0.0002842725147555979
2020-05-27T11:11:33: === Iterations ===
2020-05-27T11:11:33: +-------------+
2020-05-27T11:11:33: | Iteration 1 |
2020-05-27T11:11:33: +-------------+
2020-05-27T11:11:51: === Simulation ===
2020-05-27T11:11:51:  Number of simulated events : 129.0
2020-05-27T11:11:51:  Iteration 1 ...............: TS=   16.4907  Sim= 100.0000 mCrab  Fit= 172.3521 mCrab  Sens=2.381664e-11 erg/cm2/s
2020-05-27T11:11:51: +-------------+
2020-05-27T11:11:51: | Iteration 2 |
2020-05-27T11:11:51: +-------------+
2020-05-27T11:12:09: === Simulation ===
2020-05-27T11:12:09:  Number of simulated events : 135.0
2020-05-27T11:12:10:  Iteration 2 ...............: TS=   22.7510  Sim= 212.2107 mCrab  Fit= 299.6663 mCrab  Sens=4.140968e-11 erg/cm2/s
2020-05-27T11:12:10: +-------------+
2020-05-27T11:12:10: | Iteration 3 |
2020-05-27T11:12:10: +-------------+
2020-05-27T11:12:27: === Simulation ===
2020-05-27T11:12:27:  Number of simulated events : 123.0
2020-05-27T11:12:28:  Iteration 3 ...............: TS=    6.4842  Sim= 352.3745 mCrab  Fit= 154.8705 mCrab  Sens=2.140093e-11 erg/cm2/s
2020-05-27T11:12:28: +-------------+
2020-05-27T11:12:28: | Iteration 4 |
2020-05-27T11:12:28: +-------------+
2020-05-27T11:12:45: === Simulation ===
2020-05-27T11:12:45:  Number of simulated events : 127.0
2020-05-27T11:12:46:  Iteration 4 ...............: TS=    2.9851  Sim= 261.7006 mCrab  Fit= 105.2626 mCrab  Sens=1.454582e-11 erg/cm2/s
2020-05-27T11:12:46:  Converged result ..........: TS=    2.9851  Sim= 261.1417 mCrab                       Sens=3.608612e-11 erg/cm2/s
2020-05-27T11:12:46:  Converged flux ratio ......: 0.9978643508196617
2020-05-27T11:12:46:  Regression coefficient ....: 0.8373498255052124
2020-05-27T11:12:46: === Fit results ===
2020-05-27T11:12:46:  Photon flux ...............: 9.11025282307964e-10 ph/cm2/s
2020-05-27T11:12:46:  Energy flux ...............: 2.1258948052861015e-10 erg/cm2/s
2020-05-27T11:12:46:  Crab flux .................: 261.141681122563 mCrab
2020-05-27T11:12:46:  Differential sensitivity ..: 3.608612010545368e-11 erg/cm2/s
2020-05-27T11:12:46:  Number of simulated events : 127.0
2020-05-27T11:12:46: === Test source model fitting ===
2020-05-27T11:12:46:  log likelihood ............: 546.3952440480692
2020-05-27T11:12:46:  Number of predicted events : 126.99833436026418
2020-05-27T11:12:46:  Model .....................: GRB
2020-05-27T11:12:46:   RA .......................: 266.404994802193 [-360,360] deg (fixed,scale=1)
2020-05-27T11:12:46:   DEC ......................: -28.9361739597975 [-90,90] deg (fixed,scale=1)
2020-05-27T11:12:46:   Prefactor ................: 1.70562626339438e-11 +/- 1.54860720320187e-11 [1e-17,1000] ph/cm2/s/MeV (free,scale=1e-07,gradient)
2020-05-27T11:12:46:   Index ....................: -2.1 [-0,-5]  (fixed,scale=-1,gradient)
2020-05-27T11:12:46:   PivotEnergy ..............: 1000 [10,1000000] MeV (fixed,scale=1000,gradient)
2020-05-27T11:12:46:   Normalization ............: 1 (relative value) (fixed,scale=1,gradient)
2020-05-27T11:12:46:  Model .....................: CTABackgroundModel
2020-05-27T11:12:46:   Prefactor ................: 1.21701115302736 +/- 0.381249130245091 [0.001,1000] ph/cm2/s/MeV (free,scale=1,gradient)
2020-05-27T11:12:46:   Index ....................: 0.0571989233549409 +/- 0.110262188706089 [-5,5]  (free,scale=1,gradient)
2020-05-27T11:12:46:   PivotEnergy ..............: 1000000 [10000,1000000000000] MeV (fixed,scale=1000000,gradient)
2020-05-27T11:12:46:   Normalization ............: 1 (relative value) (fixed,scale=1,gradient)
2020-05-27T11:12:46: 
2020-05-27T11:12:46: Application "cssens" terminated after 73 wall clock seconds, consuming 73.8596 seconds of CPU time.
