2020-05-27T11:03:55: ********************************************************************************
2020-05-27T11:03:55: *                                    cssens                                    *
2020-05-27T11:03:55: * ---------------------------------------------------------------------------- *
2020-05-27T11:03:55: * Version: 1.6.3                                                               *
2020-05-27T11:03:55: ********************************************************************************
2020-05-27T11:03:55: +============+
2020-05-27T11:03:55: | Parameters |
2020-05-27T11:03:55: +============+
2020-05-27T11:03:55:  inobs .....................: NONE
2020-05-27T11:03:55:  inmodel ...................: /astri01/data1/gershon/ctools_patricelli/notebooks/grb.xml
2020-05-27T11:03:55:  srcname ...................: GRB
2020-05-27T11:03:55:  caldb .....................: prod2
2020-05-27T11:03:55:  irf .......................: North_0.5h
2020-05-27T11:03:55:  edisp .....................: no
2020-05-27T11:03:55:  deadc .....................: 0.98
2020-05-27T11:03:55:  outfile ...................: /astri01/data1/gershon/ctools_patricelli/notebooks/outputs/sensi-5.0sigma_obstime-2.0_irf-North_0.5h.txt
2020-05-27T11:03:55:  offset ....................: 0
2020-05-27T11:03:55:  duration ..................: 2
2020-05-27T11:03:55:  rad .......................: 2.25
2020-05-27T11:03:55:  emin ......................: 0.03
2020-05-27T11:03:55:  emax ......................: 10
2020-05-27T11:03:55:  bins ......................: 1
2020-05-27T11:03:55:  enumbins ..................: 0
2020-05-27T11:03:55:  npix ......................: 200
2020-05-27T11:03:55:  binsz .....................: 0.2
2020-05-27T11:03:55:  type ......................: Integral
2020-05-27T11:03:55:  sigma .....................: 5
2020-05-27T11:03:55:  max_iter ..................: 50
2020-05-27T11:03:55:  statistic .................: DEFAULT
2020-05-27T11:03:55:  nthreads ..................: 0
2020-05-27T11:03:55:  chatter ...................: 4
2020-05-27T11:03:55:  clobber ...................: yes
2020-05-27T11:03:55:  debug .....................: no
2020-05-27T11:03:55:  mode ......................: ql
2020-05-27T11:03:55:  logfile ...................: /astri01/data1/gershon/ctools_patricelli/notebooks/logs/sensi-5.0sigma_obstime-2.0_irf-North_0.5h.log
2020-05-27T11:03:55: 
2020-05-27T11:03:55: WARNING: Energy dispersion will *NOT* be considered for the computation. To consider
2020-05-27T11:03:55:          energy dispersion, please set the "edisp" parameter to "yes". Be aware that
2020-05-27T11:03:55:          using energy dispersion will considerably slow down the computations.
2020-05-27T11:03:55: 
2020-05-27T11:03:55: +=================+
2020-05-27T11:03:55: | Multiprocessing |
2020-05-27T11:03:55: +=================+
2020-05-27T11:03:55:  Multiprocessing ...........: available
2020-05-27T11:03:55:  CPUs available ............: 64
2020-05-27T11:03:55:  Processes available .......: 64
2020-05-27T11:03:55: 
2020-05-27T11:03:55: +===================+
2020-05-27T11:03:55: | Input observation |
2020-05-27T11:03:55: +===================+
2020-05-27T11:03:55: === GObservations ===
2020-05-27T11:03:55:  Number of observations ....: 1
2020-05-27T11:03:55:  Number of models ..........: 2
2020-05-27T11:03:55:  Number of observed events .: 0
2020-05-27T11:03:55:  Number of predicted events : 0
2020-05-27T11:03:55: === GCTAObservation ===
2020-05-27T11:03:55:  Name ......................: 
2020-05-27T11:03:55:  Identifier ................: 000000
2020-05-27T11:03:55:  Instrument ................: CTA
2020-05-27T11:03:55:  Event file ................: 
2020-05-27T11:03:55:  Event type ................: EventList
2020-05-27T11:03:55:  Statistic .................: cstat
2020-05-27T11:03:55:  Ontime ....................: 2 s
2020-05-27T11:03:55:  Livetime ..................: 1.96 s
2020-05-27T11:03:55:  Deadtime correction .......: 0.98
2020-05-27T11:03:55:  User energy range .........: undefined
2020-05-27T11:03:55: === GCTAPointing ===
2020-05-27T11:03:55:  Pointing direction ........: (l,b)=(0,0)
2020-05-27T11:03:55: === GCTAResponseIrf ===
2020-05-27T11:03:55:  Caldb mission .............: cta
2020-05-27T11:03:55:  Caldb instrument ..........: prod2
2020-05-27T11:03:55:  Response name .............: North_0.5h
2020-05-27T11:03:55:  Energy dispersion .........: Not used
2020-05-27T11:03:55:  Safe energy range .........: undefined
2020-05-27T11:03:55: === GCaldb ===
2020-05-27T11:03:55:  Database root .............: /astri01/data1/gershon/anaconda3/envs/ctools/share/caldb
2020-05-27T11:03:55:  Selected Mission ..........: CTA
2020-05-27T11:03:55:  Selected Instrument .......: PROD2
2020-05-27T11:03:55:  Calibration Index File ....: /astri01/data1/gershon/anaconda3/envs/ctools/share/caldb/data/cta/prod2/caldb.indx
2020-05-27T11:03:55:  Number of entries .........: 24
2020-05-27T11:03:55: === GCTAAeff2D ===
2020-05-27T11:03:55:  Filename ..................: /astri01/data1/gershon/anaconda3/envs/ctools/share/caldb/data/cta/prod2/bcf/North_0.5h/irf_file.fits
2020-05-27T11:03:55:  Number of energy bins .....: 500
2020-05-27T11:03:55:  Number of offset bins .....: 45
2020-05-27T11:03:55:  Log10(Energy) range .......: 0.00501187238842249 - 501.187225341797 TeV
2020-05-27T11:03:55:  Offset angle range ........: 0 - 4.5 deg
2020-05-27T11:03:55:  Lower energy threshold ....: not specified
2020-05-27T11:03:55:  Upper energy threshold ....: not specified
2020-05-27T11:03:55:  Radius cut ................: none
2020-05-27T11:03:55: === GCTAPsf2D ===
2020-05-27T11:03:55:  Filename ..................: /astri01/data1/gershon/anaconda3/envs/ctools/share/caldb/data/cta/prod2/bcf/North_0.5h/irf_file.fits
2020-05-27T11:03:55:  Number of energy bins .....: 21
2020-05-27T11:03:55:  Number of offset bins .....: 2
2020-05-27T11:03:55:  Log10(Energy) range .......: 0.0125892544165254 - 199.526214599609 TeV
2020-05-27T11:03:55:  Offset angle range ........: 0 - 9 deg
2020-05-27T11:03:55: === GCTAEdisp2D ===
2020-05-27T11:03:55:  Filename ..................: /astri01/data1/gershon/anaconda3/envs/ctools/share/caldb/data/cta/prod2/bcf/North_0.5h/irf_file.fits
2020-05-27T11:03:55:  Number of energy bins .....: 500
2020-05-27T11:03:55:  Number of migration bins ..: 300
2020-05-27T11:03:55:  Number of offset bins .....: 2
2020-05-27T11:03:55:  Log10(Energy) range .......: 0.00501187238842249 - 501.187225341797 TeV
2020-05-27T11:03:55:  Migration range ...........: 0 - 3
2020-05-27T11:03:55:  Offset angle range ........: 0 - 9 deg
2020-05-27T11:03:55: === GCTABackground3D ===
2020-05-27T11:03:55:  Filename ..................: /astri01/data1/gershon/anaconda3/envs/ctools/share/caldb/data/cta/prod2/bcf/North_0.5h/irf_file.fits
2020-05-27T11:03:55:  Number of DETX bins .......: 90
2020-05-27T11:03:55:  Number of DETY bins .......: 90
2020-05-27T11:03:55:  Number of energy bins .....: 21
2020-05-27T11:03:55:  DETX range ................: -4.5 - 4.5 deg
2020-05-27T11:03:55:  DETX range ................: -4.5 - 4.5 deg
2020-05-27T11:03:55:  Energy range ..............: 0.0125892544165254 - 199.526214599609 TeV
2020-05-27T11:03:55: === GCTAResponseCache ===
2020-05-27T11:03:55:  Number of cached values ...: 0
2020-05-27T11:03:55: === GCTAResponseCache ===
2020-05-27T11:03:55:  Number of cached values ...: 0
2020-05-27T11:03:55: === GCTAEventList ===
2020-05-27T11:03:55:  Number of events ..........: 0 (disposed without possibility to recover)
2020-05-27T11:03:55:  Time interval .............: 51544.5 - 51544.5000231481 days
2020-05-27T11:03:55: === GEbounds ===
2020-05-27T11:03:55:  Number of intervals .......: 1
2020-05-27T11:03:55:  Energy range ..............: 30 GeV - 10 TeV
2020-05-27T11:03:55: === GCTARoi ===
2020-05-27T11:03:55:  RoI centre ................: RA=266.404994802193, DEC=-28.9361739597975 [0,0]
2020-05-27T11:03:55:  RoI radius ................: 2.25 deg
2020-05-27T11:03:55: === GSkyRegions ===
2020-05-27T11:03:55:  Number of regions .........: 0
2020-05-27T11:03:55: === GModels ===
2020-05-27T11:03:55:  Number of models ..........: 2
2020-05-27T11:03:55:  Number of parameters ......: 10
2020-05-27T11:03:55: === GModelSky ===
2020-05-27T11:03:55:  Name ......................: GRB
2020-05-27T11:03:55:  Instruments ...............: all
2020-05-27T11:03:55:  Observation identifiers ...: all
2020-05-27T11:03:55:  Model type ................: PointSource
2020-05-27T11:03:55:  Model components ..........: "PointSource" * "PowerLaw" * "Constant"
2020-05-27T11:03:55:  Number of parameters ......: 6
2020-05-27T11:03:55:  Number of spatial par's ...: 2
2020-05-27T11:03:55:   RA .......................: 83.6331 [-360,360] deg (fixed,scale=1)
2020-05-27T11:03:55:   DEC ......................: 22.0145 [-90,90] deg (fixed,scale=1)
2020-05-27T11:03:55:  Number of spectral par's ..: 3
2020-05-27T11:03:55:   Prefactor ................: 5.7e-07 +/- 0 [1e-17,1000] ph/cm2/s/MeV (free,scale=1e-07,gradient)
2020-05-27T11:03:55:   Index ....................: -2.1 +/- 0 [-0,-5]  (free,scale=-1,gradient)
2020-05-27T11:03:55:   PivotEnergy ..............: 1000 [10,1000000] MeV (fixed,scale=1000,gradient)
2020-05-27T11:03:55:  Number of temporal par's ..: 1
2020-05-27T11:03:55:   Normalization ............: 1 (relative value) (fixed,scale=1,gradient)
2020-05-27T11:03:55:  Number of scale par's .....: 0
2020-05-27T11:03:55: === GCTAModelIrfBackground ===
2020-05-27T11:03:55:  Name ......................: CTABackgroundModel
2020-05-27T11:03:55:  Instruments ...............: CTA
2020-05-27T11:03:55:  Observation identifiers ...: all
2020-05-27T11:03:55:  Model type ................: "PowerLaw" * "Constant"
2020-05-27T11:03:55:  Number of parameters ......: 4
2020-05-27T11:03:55:  Number of spectral par's ..: 3
2020-05-27T11:03:55:   Prefactor ................: 1 +/- 0 [0.001,1000] ph/cm2/s/MeV (free,scale=1,gradient)
2020-05-27T11:03:55:   Index ....................: 0 +/- 0 [-5,5]  (free,scale=1,gradient)
2020-05-27T11:03:55:   PivotEnergy ..............: 1000000 [10000,1000000000000] MeV (fixed,scale=1000000,gradient)
2020-05-27T11:03:55:  Number of temporal par's ..: 1
2020-05-27T11:03:55:   Normalization ............: 1 (relative value) (fixed,scale=1,gradient)
2020-05-27T11:03:55: 
2020-05-27T11:03:55: +==============+
2020-05-27T11:03:55: | Input models |
2020-05-27T11:03:55: +==============+
2020-05-27T11:03:55: === GModels ===
2020-05-27T11:03:55:  Number of models ..........: 2
2020-05-27T11:03:55:  Number of parameters ......: 10
2020-05-27T11:03:55: === GModelSky ===
2020-05-27T11:03:55:  Name ......................: GRB
2020-05-27T11:03:55:  Instruments ...............: all
2020-05-27T11:03:55:  Test Statistic ............: Computation requested
2020-05-27T11:03:55:  Observation identifiers ...: all
2020-05-27T11:03:55:  Model type ................: PointSource
2020-05-27T11:03:55:  Model components ..........: "PointSource" * "PowerLaw" * "Constant"
2020-05-27T11:03:55:  Number of parameters ......: 6
2020-05-27T11:03:55:  Number of spatial par's ...: 2
2020-05-27T11:03:55:   RA .......................: 266.404994802193 [-360,360] deg (fixed,scale=1)
2020-05-27T11:03:55:   DEC ......................: -28.9361739597975 [-90,90] deg (fixed,scale=1)
2020-05-27T11:03:55:  Number of spectral par's ..: 3
2020-05-27T11:03:55:   Prefactor ................: 5.7e-07 +/- 0 [1e-17,1000] ph/cm2/s/MeV (free,scale=1e-07,gradient)
2020-05-27T11:03:55:   Index ....................: -2.1 [-0,-5]  (fixed,scale=-1,gradient)
2020-05-27T11:03:55:   PivotEnergy ..............: 1000 [10,1000000] MeV (fixed,scale=1000,gradient)
2020-05-27T11:03:55:  Number of temporal par's ..: 1
2020-05-27T11:03:55:   Normalization ............: 1 (relative value) (fixed,scale=1,gradient)
2020-05-27T11:03:55:  Number of scale par's .....: 0
2020-05-27T11:03:55: === GCTAModelIrfBackground ===
2020-05-27T11:03:55:  Name ......................: CTABackgroundModel
2020-05-27T11:03:55:  Instruments ...............: CTA
2020-05-27T11:03:55:  Observation identifiers ...: all
2020-05-27T11:03:55:  Model type ................: "PowerLaw" * "Constant"
2020-05-27T11:03:55:  Number of parameters ......: 4
2020-05-27T11:03:55:  Number of spectral par's ..: 3
2020-05-27T11:03:55:   Prefactor ................: 1 +/- 0 [0.001,1000] ph/cm2/s/MeV (free,scale=1,gradient)
2020-05-27T11:03:55:   Index ....................: 0 +/- 0 [-5,5]  (free,scale=1,gradient)
2020-05-27T11:03:55:   PivotEnergy ..............: 1000000 [10000,1000000000000] MeV (fixed,scale=1000000,gradient)
2020-05-27T11:03:55:  Number of temporal par's ..: 1
2020-05-27T11:03:55:   Normalization ............: 1 (relative value) (fixed,scale=1,gradient)
2020-05-27T11:03:55: 
2020-05-27T11:03:55: +===========================+
2020-05-27T11:03:55: | Sensitivity determination |
2020-05-27T11:03:55: +===========================+
2020-05-27T11:03:55:  Type ......................: Integral
2020-05-27T11:03:55: 
2020-05-27T11:03:55: +---------------------------+
2020-05-27T11:03:55: | Energies: 30 GeV - 10 TeV |
2020-05-27T11:03:55: +---------------------------+
2020-05-27T11:03:55: === Initial parameters ===
2020-05-27T11:03:55:  Crab flux .................: 3.4886245596327748e-09 ph/cm2/s
2020-05-27T11:03:55:  Source model flux .........: 1.2272113477562559e-05 ph/cm2/s
2020-05-27T11:03:55:  Crab unit factor ..........: 0.0002842725147555979
2020-05-27T11:03:55: === Iterations ===
2020-05-27T11:03:55: +-------------+
2020-05-27T11:03:55: | Iteration 1 |
2020-05-27T11:03:55: +-------------+
2020-05-27T11:04:12: === Simulation ===
2020-05-27T11:04:12:  Number of simulated events : 35.0
2020-05-27T11:04:13:  Iteration 1 ...............: TS=   -0.0022  Sim= 100.0000 mCrab  Fit=   0.0001 mCrab  Sens=8.528139e-18 erg/cm2/s
2020-05-27T11:04:13: Non positive TS, increase test flux and start over.
2020-05-27T11:04:13: +-------------+
2020-05-27T11:04:13: | Iteration 2 |
2020-05-27T11:04:13: +-------------+
2020-05-27T11:04:30: === Simulation ===
2020-05-27T11:04:30:  Number of simulated events : 36.0
2020-05-27T11:04:31:  Iteration 2 ...............: TS=    0.4929  Sim= 300.0000 mCrab  Fit= 134.4395 mCrab  Sens=1.857766e-11 erg/cm2/s
2020-05-27T11:04:31: +-------------+
2020-05-27T11:04:31: | Iteration 3 |
2020-05-27T11:04:31: +-------------+
2020-05-27T11:04:48: === Simulation ===
2020-05-27T11:04:48:  Number of simulated events : 35.0
2020-05-27T11:04:49:  Iteration 3 ...............: TS=   30.2533  Sim= 957.4510 mCrab  Fit=1075.6317 mCrab  Sens=1.486372e-10 erg/cm2/s
2020-05-27T11:04:49: +-------------+
2020-05-27T11:04:49: | Iteration 4 |
2020-05-27T11:04:49: +-------------+
2020-05-27T11:05:06: === Simulation ===
2020-05-27T11:05:06:  Number of simulated events : 42.0
2020-05-27T11:05:07:  Iteration 4 ...............: TS=   24.6593  Sim= 976.8415 mCrab  Fit=1002.5565 mCrab  Sens=1.385393e-10 erg/cm2/s
2020-05-27T11:05:07: +-------------+
2020-05-27T11:05:07: | Iteration 5 |
2020-05-27T11:05:07: +-------------+
2020-05-27T11:05:25: === Simulation ===
2020-05-27T11:05:25:  Number of simulated events : 33.0
2020-05-27T11:05:26:  Iteration 5 ...............: TS=    7.4522  Sim= 992.2929 mCrab  Fit= 426.4116 mCrab  Sens=5.892411e-11 erg/cm2/s
2020-05-27T11:05:26: +-------------+
2020-05-27T11:05:26: | Iteration 6 |
2020-05-27T11:05:26: +-------------+
2020-05-27T11:05:43: === Simulation ===
2020-05-27T11:05:43:  Number of simulated events : 30.0
2020-05-27T11:05:44:  Iteration 6 ...............: TS=   10.7002  Sim= 936.4270 mCrab  Fit= 511.0144 mCrab  Sens=7.061502e-11 erg/cm2/s
2020-05-27T11:05:44:  Converged result ..........: TS=   10.7002  Sim= 899.0847 mCrab                       Sens=1.242409e-10 erg/cm2/s
2020-05-27T11:05:44:  Converged flux ratio ......: 0.9601226136630598
2020-05-27T11:05:44:  Regression coefficient ....: 0.9773801382802166
2020-05-27T11:05:44: === Fit results ===
2020-05-27T11:05:44:  Photon flux ...............: 3.136568949650366e-09 ph/cm2/s
2020-05-27T11:05:44:  Energy flux ...............: 7.319243237235796e-10 erg/cm2/s
2020-05-27T11:05:44:  Crab flux .................: 899.0846954252172 mCrab
2020-05-27T11:05:44:  Differential sensitivity ..: 1.2424090311673487e-10 erg/cm2/s
2020-05-27T11:05:44:  Number of simulated events : 30.0
2020-05-27T11:05:44: === Test source model fitting ===
2020-05-27T11:05:44:  log likelihood ............: 145.8964080702621
2020-05-27T11:05:44:  Number of predicted events : 29.998423116834413
2020-05-27T11:05:44:  Model .....................: GRB
2020-05-27T11:05:44:   RA .......................: 266.404994802193 [-360,360] deg (fixed,scale=1)
2020-05-27T11:05:44:   DEC ......................: -28.9361739597975 [-90,90] deg (fixed,scale=1)
2020-05-27T11:05:44:   Prefactor ................: 8.28023825394601e-11 +/- 5.87404672229124e-11 [1e-17,1000] ph/cm2/s/MeV (free,scale=1e-07,gradient)
2020-05-27T11:05:44:   Index ....................: -2.1 [-0,-5]  (fixed,scale=-1,gradient)
2020-05-27T11:05:44:   PivotEnergy ..............: 1000 [10,1000000] MeV (fixed,scale=1000,gradient)
2020-05-27T11:05:44:   Normalization ............: 1 (relative value) (fixed,scale=1,gradient)
2020-05-27T11:05:44:  Model .....................: CTABackgroundModel
2020-05-27T11:05:44:   Prefactor ................: 0.844078603209314 +/- 0.569734879055109 [0.001,1000] ph/cm2/s/MeV (free,scale=1,gradient)
2020-05-27T11:05:44:   Index ....................: 0.017231520250822 +/- 0.235123339361833 [-5,5]  (free,scale=1,gradient)
2020-05-27T11:05:44:   PivotEnergy ..............: 1000000 [10000,1000000000000] MeV (fixed,scale=1000000,gradient)
2020-05-27T11:05:44:   Normalization ............: 1 (relative value) (fixed,scale=1,gradient)
2020-05-27T11:05:44: 
2020-05-27T11:05:44: Application "cssens" terminated after 109 wall clock seconds, consuming 109.759 seconds of CPU time.
