2020-05-27T09:48:48: ********************************************************************************
2020-05-27T09:48:48: *                                    cssens                                    *
2020-05-27T09:48:48: * ---------------------------------------------------------------------------- *
2020-05-27T09:48:48: * Version: 1.6.3                                                               *
2020-05-27T09:48:48: ********************************************************************************
2020-05-27T09:48:49: +============+
2020-05-27T09:48:49: | Parameters |
2020-05-27T09:48:49: +============+
2020-05-27T09:48:49:  inobs .....................: NONE
2020-05-27T09:48:49:  inmodel ...................: /astri01/data1/gershon/ctools_patricelli/notebooks/grb.xml
2020-05-27T09:48:49:  srcname ...................: GRB
2020-05-27T09:48:49:  caldb .....................: prod2
2020-05-27T09:48:49:  irf .......................: North_0.5h
2020-05-27T09:48:49:  edisp .....................: no
2020-05-27T09:48:49:  deadc .....................: 0.98
2020-05-27T09:48:49:  outfile ...................: /astri01/data1/gershon/ctools_patricelli/notebooks/outputs/sensi-5.0sigma_obstime-12.0_irf-North_0.5h.txt
2020-05-27T09:48:49:  offset ....................: 0
2020-05-27T09:48:49:  duration ..................: 12
2020-05-27T09:48:49:  rad .......................: 2.25
2020-05-27T09:48:49:  emin ......................: 0.03
2020-05-27T09:48:49:  emax ......................: 10
2020-05-27T09:48:49:  bins ......................: 1
2020-05-27T09:48:49:  enumbins ..................: 0
2020-05-27T09:48:49:  npix ......................: 200
2020-05-27T09:48:49:  binsz .....................: 0.2
2020-05-27T09:48:49:  type ......................: Integral
2020-05-27T09:48:49:  sigma .....................: 5
2020-05-27T09:48:49:  max_iter ..................: 50
2020-05-27T09:48:49:  statistic .................: DEFAULT
2020-05-27T09:48:49:  nthreads ..................: 0
2020-05-27T09:48:49:  chatter ...................: 4
2020-05-27T09:48:49:  clobber ...................: yes
2020-05-27T09:48:49:  debug .....................: no
2020-05-27T09:48:49:  mode ......................: ql
2020-05-27T09:48:49:  logfile ...................: /astri01/data1/gershon/ctools_patricelli/notebooks/logs/sensi-5.0sigma_obstime-12.0_irf-North_0.5h.log
2020-05-27T09:48:49: 
2020-05-27T09:48:49: WARNING: Energy dispersion will *NOT* be considered for the computation. To consider
2020-05-27T09:48:49:          energy dispersion, please set the "edisp" parameter to "yes". Be aware that
2020-05-27T09:48:49:          using energy dispersion will considerably slow down the computations.
2020-05-27T09:48:49: 
2020-05-27T09:48:49: +=================+
2020-05-27T09:48:49: | Multiprocessing |
2020-05-27T09:48:49: +=================+
2020-05-27T09:48:49:  Multiprocessing ...........: available
2020-05-27T09:48:49:  CPUs available ............: 64
2020-05-27T09:48:49:  Processes available .......: 64
2020-05-27T09:48:49: 
2020-05-27T09:48:49: +===================+
2020-05-27T09:48:49: | Input observation |
2020-05-27T09:48:49: +===================+
2020-05-27T09:48:49: === GObservations ===
2020-05-27T09:48:49:  Number of observations ....: 1
2020-05-27T09:48:49:  Number of models ..........: 2
2020-05-27T09:48:49:  Number of observed events .: 0
2020-05-27T09:48:49:  Number of predicted events : 0
2020-05-27T09:48:49: === GCTAObservation ===
2020-05-27T09:48:49:  Name ......................: 
2020-05-27T09:48:49:  Identifier ................: 000000
2020-05-27T09:48:49:  Instrument ................: CTA
2020-05-27T09:48:49:  Event file ................: 
2020-05-27T09:48:49:  Event type ................: EventList
2020-05-27T09:48:49:  Statistic .................: cstat
2020-05-27T09:48:49:  Ontime ....................: 12 s
2020-05-27T09:48:49:  Livetime ..................: 11.76 s
2020-05-27T09:48:49:  Deadtime correction .......: 0.98
2020-05-27T09:48:49:  User energy range .........: undefined
2020-05-27T09:48:49: === GCTAPointing ===
2020-05-27T09:48:49:  Pointing direction ........: (l,b)=(0,0)
2020-05-27T09:48:49: === GCTAResponseIrf ===
2020-05-27T09:48:49:  Caldb mission .............: cta
2020-05-27T09:48:49:  Caldb instrument ..........: prod2
2020-05-27T09:48:49:  Response name .............: North_0.5h
2020-05-27T09:48:49:  Energy dispersion .........: Not used
2020-05-27T09:48:49:  Safe energy range .........: undefined
2020-05-27T09:48:49: === GCaldb ===
2020-05-27T09:48:49:  Database root .............: /astri01/data1/gershon/anaconda3/envs/ctools/share/caldb
2020-05-27T09:48:49:  Selected Mission ..........: CTA
2020-05-27T09:48:49:  Selected Instrument .......: PROD2
2020-05-27T09:48:49:  Calibration Index File ....: /astri01/data1/gershon/anaconda3/envs/ctools/share/caldb/data/cta/prod2/caldb.indx
2020-05-27T09:48:49:  Number of entries .........: 24
2020-05-27T09:48:49: === GCTAAeff2D ===
2020-05-27T09:48:49:  Filename ..................: /astri01/data1/gershon/anaconda3/envs/ctools/share/caldb/data/cta/prod2/bcf/North_0.5h/irf_file.fits
2020-05-27T09:48:49:  Number of energy bins .....: 500
2020-05-27T09:48:49:  Number of offset bins .....: 45
2020-05-27T09:48:49:  Log10(Energy) range .......: 0.00501187238842249 - 501.187225341797 TeV
2020-05-27T09:48:49:  Offset angle range ........: 0 - 4.5 deg
2020-05-27T09:48:49:  Lower energy threshold ....: not specified
2020-05-27T09:48:49:  Upper energy threshold ....: not specified
2020-05-27T09:48:49:  Radius cut ................: none
2020-05-27T09:48:49: === GCTAPsf2D ===
2020-05-27T09:48:49:  Filename ..................: /astri01/data1/gershon/anaconda3/envs/ctools/share/caldb/data/cta/prod2/bcf/North_0.5h/irf_file.fits
2020-05-27T09:48:49:  Number of energy bins .....: 21
2020-05-27T09:48:49:  Number of offset bins .....: 2
2020-05-27T09:48:49:  Log10(Energy) range .......: 0.0125892544165254 - 199.526214599609 TeV
2020-05-27T09:48:49:  Offset angle range ........: 0 - 9 deg
2020-05-27T09:48:49: === GCTAEdisp2D ===
2020-05-27T09:48:49:  Filename ..................: /astri01/data1/gershon/anaconda3/envs/ctools/share/caldb/data/cta/prod2/bcf/North_0.5h/irf_file.fits
2020-05-27T09:48:49:  Number of energy bins .....: 500
2020-05-27T09:48:49:  Number of migration bins ..: 300
2020-05-27T09:48:49:  Number of offset bins .....: 2
2020-05-27T09:48:49:  Log10(Energy) range .......: 0.00501187238842249 - 501.187225341797 TeV
2020-05-27T09:48:49:  Migration range ...........: 0 - 3
2020-05-27T09:48:49:  Offset angle range ........: 0 - 9 deg
2020-05-27T09:48:49: === GCTABackground3D ===
2020-05-27T09:48:49:  Filename ..................: /astri01/data1/gershon/anaconda3/envs/ctools/share/caldb/data/cta/prod2/bcf/North_0.5h/irf_file.fits
2020-05-27T09:48:49:  Number of DETX bins .......: 90
2020-05-27T09:48:49:  Number of DETY bins .......: 90
2020-05-27T09:48:49:  Number of energy bins .....: 21
2020-05-27T09:48:49:  DETX range ................: -4.5 - 4.5 deg
2020-05-27T09:48:49:  DETX range ................: -4.5 - 4.5 deg
2020-05-27T09:48:49:  Energy range ..............: 0.0125892544165254 - 199.526214599609 TeV
2020-05-27T09:48:49: === GCTAResponseCache ===
2020-05-27T09:48:49:  Number of cached values ...: 0
2020-05-27T09:48:49: === GCTAResponseCache ===
2020-05-27T09:48:49:  Number of cached values ...: 0
2020-05-27T09:48:49: === GCTAEventList ===
2020-05-27T09:48:49:  Number of events ..........: 0 (disposed without possibility to recover)
2020-05-27T09:48:49:  Time interval .............: 51544.5 - 51544.5001388889 days
2020-05-27T09:48:49: === GEbounds ===
2020-05-27T09:48:49:  Number of intervals .......: 1
2020-05-27T09:48:49:  Energy range ..............: 30 GeV - 10 TeV
2020-05-27T09:48:49: === GCTARoi ===
2020-05-27T09:48:49:  RoI centre ................: RA=266.404994802193, DEC=-28.9361739597975 [0,0]
2020-05-27T09:48:49:  RoI radius ................: 2.25 deg
2020-05-27T09:48:49: === GSkyRegions ===
2020-05-27T09:48:49:  Number of regions .........: 0
2020-05-27T09:48:49: === GModels ===
2020-05-27T09:48:49:  Number of models ..........: 2
2020-05-27T09:48:49:  Number of parameters ......: 10
2020-05-27T09:48:49: === GModelSky ===
2020-05-27T09:48:49:  Name ......................: GRB
2020-05-27T09:48:49:  Instruments ...............: all
2020-05-27T09:48:49:  Observation identifiers ...: all
2020-05-27T09:48:49:  Model type ................: PointSource
2020-05-27T09:48:49:  Model components ..........: "PointSource" * "PowerLaw" * "Constant"
2020-05-27T09:48:49:  Number of parameters ......: 6
2020-05-27T09:48:49:  Number of spatial par's ...: 2
2020-05-27T09:48:49:   RA .......................: 83.6331 [-360,360] deg (fixed,scale=1)
2020-05-27T09:48:49:   DEC ......................: 22.0145 [-90,90] deg (fixed,scale=1)
2020-05-27T09:48:49:  Number of spectral par's ..: 3
2020-05-27T09:48:49:   Prefactor ................: 5.7e-07 +/- 0 [1e-17,1000] ph/cm2/s/MeV (free,scale=1e-07,gradient)
2020-05-27T09:48:49:   Index ....................: -2.1 +/- 0 [-0,-5]  (free,scale=-1,gradient)
2020-05-27T09:48:49:   PivotEnergy ..............: 1000 [10,1000000] MeV (fixed,scale=1000,gradient)
2020-05-27T09:48:49:  Number of temporal par's ..: 1
2020-05-27T09:48:49:   Normalization ............: 1 (relative value) (fixed,scale=1,gradient)
2020-05-27T09:48:49:  Number of scale par's .....: 0
2020-05-27T09:48:49: === GCTAModelIrfBackground ===
2020-05-27T09:48:49:  Name ......................: CTABackgroundModel
2020-05-27T09:48:49:  Instruments ...............: CTA
2020-05-27T09:48:49:  Observation identifiers ...: all
2020-05-27T09:48:49:  Model type ................: "PowerLaw" * "Constant"
2020-05-27T09:48:49:  Number of parameters ......: 4
2020-05-27T09:48:49:  Number of spectral par's ..: 3
2020-05-27T09:48:49:   Prefactor ................: 1 +/- 0 [0.001,1000] ph/cm2/s/MeV (free,scale=1,gradient)
2020-05-27T09:48:49:   Index ....................: 0 +/- 0 [-5,5]  (free,scale=1,gradient)
2020-05-27T09:48:49:   PivotEnergy ..............: 1000000 [10000,1000000000000] MeV (fixed,scale=1000000,gradient)
2020-05-27T09:48:49:  Number of temporal par's ..: 1
2020-05-27T09:48:49:   Normalization ............: 1 (relative value) (fixed,scale=1,gradient)
2020-05-27T09:48:49: 
2020-05-27T09:48:49: +==============+
2020-05-27T09:48:49: | Input models |
2020-05-27T09:48:49: +==============+
2020-05-27T09:48:49: === GModels ===
2020-05-27T09:48:49:  Number of models ..........: 2
2020-05-27T09:48:49:  Number of parameters ......: 10
2020-05-27T09:48:49: === GModelSky ===
2020-05-27T09:48:49:  Name ......................: GRB
2020-05-27T09:48:49:  Instruments ...............: all
2020-05-27T09:48:49:  Test Statistic ............: Computation requested
2020-05-27T09:48:49:  Observation identifiers ...: all
2020-05-27T09:48:49:  Model type ................: PointSource
2020-05-27T09:48:49:  Model components ..........: "PointSource" * "PowerLaw" * "Constant"
2020-05-27T09:48:49:  Number of parameters ......: 6
2020-05-27T09:48:49:  Number of spatial par's ...: 2
2020-05-27T09:48:49:   RA .......................: 266.404994802193 [-360,360] deg (fixed,scale=1)
2020-05-27T09:48:49:   DEC ......................: -28.9361739597975 [-90,90] deg (fixed,scale=1)
2020-05-27T09:48:49:  Number of spectral par's ..: 3
2020-05-27T09:48:49:   Prefactor ................: 5.7e-07 +/- 0 [1e-17,1000] ph/cm2/s/MeV (free,scale=1e-07,gradient)
2020-05-27T09:48:49:   Index ....................: -2.1 [-0,-5]  (fixed,scale=-1,gradient)
2020-05-27T09:48:49:   PivotEnergy ..............: 1000 [10,1000000] MeV (fixed,scale=1000,gradient)
2020-05-27T09:48:49:  Number of temporal par's ..: 1
2020-05-27T09:48:49:   Normalization ............: 1 (relative value) (fixed,scale=1,gradient)
2020-05-27T09:48:49:  Number of scale par's .....: 0
2020-05-27T09:48:49: === GCTAModelIrfBackground ===
2020-05-27T09:48:49:  Name ......................: CTABackgroundModel
2020-05-27T09:48:49:  Instruments ...............: CTA
2020-05-27T09:48:49:  Observation identifiers ...: all
2020-05-27T09:48:49:  Model type ................: "PowerLaw" * "Constant"
2020-05-27T09:48:49:  Number of parameters ......: 4
2020-05-27T09:48:49:  Number of spectral par's ..: 3
2020-05-27T09:48:49:   Prefactor ................: 1 +/- 0 [0.001,1000] ph/cm2/s/MeV (free,scale=1,gradient)
2020-05-27T09:48:49:   Index ....................: 0 +/- 0 [-5,5]  (free,scale=1,gradient)
2020-05-27T09:48:49:   PivotEnergy ..............: 1000000 [10000,1000000000000] MeV (fixed,scale=1000000,gradient)
2020-05-27T09:48:49:  Number of temporal par's ..: 1
2020-05-27T09:48:49:   Normalization ............: 1 (relative value) (fixed,scale=1,gradient)
2020-05-27T09:48:49: 
2020-05-27T09:48:49: +===========================+
2020-05-27T09:48:49: | Sensitivity determination |
2020-05-27T09:48:49: +===========================+
2020-05-27T09:48:49:  Type ......................: Integral
2020-05-27T09:48:49: 
2020-05-27T09:48:49: +---------------------------+
2020-05-27T09:48:49: | Energies: 30 GeV - 10 TeV |
2020-05-27T09:48:49: +---------------------------+
2020-05-27T09:48:49: === Initial parameters ===
2020-05-27T09:48:49:  Crab flux .................: 3.4886245596327748e-09 ph/cm2/s
2020-05-27T09:48:49:  Source model flux .........: 1.2272113477562559e-05 ph/cm2/s
2020-05-27T09:48:49:  Crab unit factor ..........: 0.0002842725147555979
2020-05-27T09:48:49: === Iterations ===
2020-05-27T09:48:49: +-------------+
2020-05-27T09:48:49: | Iteration 1 |
2020-05-27T09:48:49: +-------------+
2020-05-27T09:49:06: === Simulation ===
2020-05-27T09:49:06:  Number of simulated events : 228.0
2020-05-27T09:49:07:  Iteration 1 ...............: TS=   10.9171  Sim= 100.0000 mCrab  Fit= 167.7848 mCrab  Sens=2.318551e-11 erg/cm2/s
2020-05-27T09:49:07: +-------------+
2020-05-27T09:49:07: | Iteration 2 |
2020-05-27T09:49:07: +-------------+
2020-05-27T09:49:24: === Simulation ===
2020-05-27T09:49:24:  Number of simulated events : 226.0
2020-05-27T09:49:25:  Iteration 2 ...............: TS=   50.6614  Sim= 253.9033 mCrab  Fit= 392.4844 mCrab  Sens=5.423584e-11 erg/cm2/s
2020-05-27T09:49:25: +-------------+
2020-05-27T09:49:25: | Iteration 3 |
2020-05-27T09:49:25: +-------------+
2020-05-27T09:49:42: === Simulation ===
2020-05-27T09:49:42:  Number of simulated events : 209.0
2020-05-27T09:49:43:  Iteration 3 ...............: TS=   20.2197  Sim= 265.4521 mCrab  Fit= 257.6853 mCrab  Sens=3.560850e-11 erg/cm2/s
2020-05-27T09:49:43: +-------------+
2020-05-27T09:49:43: | Iteration 4 |
2020-05-27T09:49:43: +-------------+
2020-05-27T09:50:00: === Simulation ===
2020-05-27T09:50:00:  Number of simulated events : 220.0
2020-05-27T09:50:01:  Iteration 4 ...............: TS=   31.9728  Sim= 273.1106 mCrab  Fit= 244.1910 mCrab  Sens=3.374377e-11 erg/cm2/s
2020-05-27T09:50:01: +-------------+
2020-05-27T09:50:01: | Iteration 5 |
2020-05-27T09:50:01: +-------------+
2020-05-27T09:50:18: === Simulation ===
2020-05-27T09:50:18:  Number of simulated events : 225.0
2020-05-27T09:50:19:  Iteration 5 ...............: TS=   31.1902  Sim= 256.5093 mCrab  Fit= 195.1353 mCrab  Sens=2.696496e-11 erg/cm2/s
2020-05-27T09:50:19: +-------------+
2020-05-27T09:50:19: | Iteration 6 |
2020-05-27T09:50:19: +-------------+
2020-05-27T09:50:36: === Simulation ===
2020-05-27T09:50:36:  Number of simulated events : 190.0
2020-05-27T09:50:37:  Iteration 6 ...............: TS=   23.7923  Sim= 237.9473 mCrab  Fit= 247.9067 mCrab  Sens=3.425724e-11 erg/cm2/s
2020-05-27T09:50:37:  Converged result ..........: TS=   23.7923  Sim= 240.4588 mCrab                       Sens=3.322804e-11 erg/cm2/s
2020-05-27T09:50:37:  Converged flux ratio ......: 1.0105551950400924
2020-05-27T09:50:37:  Regression coefficient ....: 0.6093493931588613
2020-05-27T09:50:37: === Fit results ===
2020-05-27T09:50:37:  Photon flux ...............: 8.388705808429033e-10 ph/cm2/s
2020-05-27T09:50:37:  Energy flux ...............: 1.9575204385144791e-10 erg/cm2/s
2020-05-27T09:50:37:  Crab flux .................: 240.45883026495858 mCrab
2020-05-27T09:50:37:  Differential sensitivity ..: 3.322804001282991e-11 erg/cm2/s
2020-05-27T09:50:37:  Number of simulated events : 190.0
2020-05-27T09:50:37: === Test source model fitting ===
2020-05-27T09:50:37:  log likelihood ............: 818.6392171069646
2020-05-27T09:50:37:  Number of predicted events : 189.99913868703865
2020-05-27T09:50:37:  Model .....................: GRB
2020-05-27T09:50:37:   RA .......................: 266.404994802193 [-360,360] deg (fixed,scale=1)
2020-05-27T09:50:37:   DEC ......................: -28.9361739597975 [-90,90] deg (fixed,scale=1)
2020-05-27T09:50:37:   Prefactor ................: 4.01696525433154e-11 +/- 1.79579973742523e-11 [1e-17,1000] ph/cm2/s/MeV (free,scale=1e-07,gradient)
2020-05-27T09:50:37:   Index ....................: -2.1 [-0,-5]  (fixed,scale=-1,gradient)
2020-05-27T09:50:37:   PivotEnergy ..............: 1000 [10,1000000] MeV (fixed,scale=1000,gradient)
2020-05-27T09:50:37:   Normalization ............: 1 (relative value) (fixed,scale=1,gradient)
2020-05-27T09:50:37:  Model .....................: CTABackgroundModel
2020-05-27T09:50:37:   Prefactor ................: 0.796995729689759 +/- 0.221070180334581 [0.001,1000] ph/cm2/s/MeV (free,scale=1,gradient)
2020-05-27T09:50:37:   Index ....................: -0.0390027225657273 +/- 0.0960534786297676 [-5,5]  (free,scale=1,gradient)
2020-05-27T09:50:37:   PivotEnergy ..............: 1000000 [10000,1000000000000] MeV (fixed,scale=1000000,gradient)
2020-05-27T09:50:37:   Normalization ............: 1 (relative value) (fixed,scale=1,gradient)
2020-05-27T09:50:37: 
2020-05-27T09:50:37: Application "cssens" terminated after 109 wall clock seconds, consuming 108.904 seconds of CPU time.
