2020-05-27T09:50:37: ********************************************************************************
2020-05-27T09:50:37: *                                    cssens                                    *
2020-05-27T09:50:37: * ---------------------------------------------------------------------------- *
2020-05-27T09:50:37: * Version: 1.6.3                                                               *
2020-05-27T09:50:37: ********************************************************************************
2020-05-27T09:50:38: +============+
2020-05-27T09:50:38: | Parameters |
2020-05-27T09:50:38: +============+
2020-05-27T09:50:38:  inobs .....................: NONE
2020-05-27T09:50:38:  inmodel ...................: /astri01/data1/gershon/ctools_patricelli/notebooks/grb.xml
2020-05-27T09:50:38:  srcname ...................: GRB
2020-05-27T09:50:38:  caldb .....................: prod2
2020-05-27T09:50:38:  irf .......................: North_0.5h
2020-05-27T09:50:38:  edisp .....................: no
2020-05-27T09:50:38:  deadc .....................: 0.98
2020-05-27T09:50:38:  outfile ...................: /astri01/data1/gershon/ctools_patricelli/notebooks/outputs/sensi-5.0sigma_obstime-13.0_irf-North_0.5h.txt
2020-05-27T09:50:38:  offset ....................: 0
2020-05-27T09:50:38:  duration ..................: 13
2020-05-27T09:50:38:  rad .......................: 2.25
2020-05-27T09:50:38:  emin ......................: 0.03
2020-05-27T09:50:38:  emax ......................: 10
2020-05-27T09:50:38:  bins ......................: 1
2020-05-27T09:50:38:  enumbins ..................: 0
2020-05-27T09:50:38:  npix ......................: 200
2020-05-27T09:50:38:  binsz .....................: 0.2
2020-05-27T09:50:38:  type ......................: Integral
2020-05-27T09:50:38:  sigma .....................: 5
2020-05-27T09:50:38:  max_iter ..................: 50
2020-05-27T09:50:38:  statistic .................: DEFAULT
2020-05-27T09:50:38:  nthreads ..................: 0
2020-05-27T09:50:38:  chatter ...................: 4
2020-05-27T09:50:38:  clobber ...................: yes
2020-05-27T09:50:38:  debug .....................: no
2020-05-27T09:50:38:  mode ......................: ql
2020-05-27T09:50:38:  logfile ...................: /astri01/data1/gershon/ctools_patricelli/notebooks/logs/sensi-5.0sigma_obstime-13.0_irf-North_0.5h.log
2020-05-27T09:50:38: 
2020-05-27T09:50:38: WARNING: Energy dispersion will *NOT* be considered for the computation. To consider
2020-05-27T09:50:38:          energy dispersion, please set the "edisp" parameter to "yes". Be aware that
2020-05-27T09:50:38:          using energy dispersion will considerably slow down the computations.
2020-05-27T09:50:38: 
2020-05-27T09:50:38: +=================+
2020-05-27T09:50:38: | Multiprocessing |
2020-05-27T09:50:38: +=================+
2020-05-27T09:50:38:  Multiprocessing ...........: available
2020-05-27T09:50:38:  CPUs available ............: 64
2020-05-27T09:50:38:  Processes available .......: 64
2020-05-27T09:50:38: 
2020-05-27T09:50:38: +===================+
2020-05-27T09:50:38: | Input observation |
2020-05-27T09:50:38: +===================+
2020-05-27T09:50:38: === GObservations ===
2020-05-27T09:50:38:  Number of observations ....: 1
2020-05-27T09:50:38:  Number of models ..........: 2
2020-05-27T09:50:38:  Number of observed events .: 0
2020-05-27T09:50:38:  Number of predicted events : 0
2020-05-27T09:50:38: === GCTAObservation ===
2020-05-27T09:50:38:  Name ......................: 
2020-05-27T09:50:38:  Identifier ................: 000000
2020-05-27T09:50:38:  Instrument ................: CTA
2020-05-27T09:50:38:  Event file ................: 
2020-05-27T09:50:38:  Event type ................: EventList
2020-05-27T09:50:38:  Statistic .................: cstat
2020-05-27T09:50:38:  Ontime ....................: 13 s
2020-05-27T09:50:38:  Livetime ..................: 12.74 s
2020-05-27T09:50:38:  Deadtime correction .......: 0.98
2020-05-27T09:50:38:  User energy range .........: undefined
2020-05-27T09:50:38: === GCTAPointing ===
2020-05-27T09:50:38:  Pointing direction ........: (l,b)=(0,0)
2020-05-27T09:50:38: === GCTAResponseIrf ===
2020-05-27T09:50:38:  Caldb mission .............: cta
2020-05-27T09:50:38:  Caldb instrument ..........: prod2
2020-05-27T09:50:38:  Response name .............: North_0.5h
2020-05-27T09:50:38:  Energy dispersion .........: Not used
2020-05-27T09:50:38:  Safe energy range .........: undefined
2020-05-27T09:50:38: === GCaldb ===
2020-05-27T09:50:38:  Database root .............: /astri01/data1/gershon/anaconda3/envs/ctools/share/caldb
2020-05-27T09:50:38:  Selected Mission ..........: CTA
2020-05-27T09:50:38:  Selected Instrument .......: PROD2
2020-05-27T09:50:38:  Calibration Index File ....: /astri01/data1/gershon/anaconda3/envs/ctools/share/caldb/data/cta/prod2/caldb.indx
2020-05-27T09:50:38:  Number of entries .........: 24
2020-05-27T09:50:38: === GCTAAeff2D ===
2020-05-27T09:50:38:  Filename ..................: /astri01/data1/gershon/anaconda3/envs/ctools/share/caldb/data/cta/prod2/bcf/North_0.5h/irf_file.fits
2020-05-27T09:50:38:  Number of energy bins .....: 500
2020-05-27T09:50:38:  Number of offset bins .....: 45
2020-05-27T09:50:38:  Log10(Energy) range .......: 0.00501187238842249 - 501.187225341797 TeV
2020-05-27T09:50:38:  Offset angle range ........: 0 - 4.5 deg
2020-05-27T09:50:38:  Lower energy threshold ....: not specified
2020-05-27T09:50:38:  Upper energy threshold ....: not specified
2020-05-27T09:50:38:  Radius cut ................: none
2020-05-27T09:50:38: === GCTAPsf2D ===
2020-05-27T09:50:38:  Filename ..................: /astri01/data1/gershon/anaconda3/envs/ctools/share/caldb/data/cta/prod2/bcf/North_0.5h/irf_file.fits
2020-05-27T09:50:38:  Number of energy bins .....: 21
2020-05-27T09:50:38:  Number of offset bins .....: 2
2020-05-27T09:50:38:  Log10(Energy) range .......: 0.0125892544165254 - 199.526214599609 TeV
2020-05-27T09:50:38:  Offset angle range ........: 0 - 9 deg
2020-05-27T09:50:38: === GCTAEdisp2D ===
2020-05-27T09:50:38:  Filename ..................: /astri01/data1/gershon/anaconda3/envs/ctools/share/caldb/data/cta/prod2/bcf/North_0.5h/irf_file.fits
2020-05-27T09:50:38:  Number of energy bins .....: 500
2020-05-27T09:50:38:  Number of migration bins ..: 300
2020-05-27T09:50:38:  Number of offset bins .....: 2
2020-05-27T09:50:38:  Log10(Energy) range .......: 0.00501187238842249 - 501.187225341797 TeV
2020-05-27T09:50:38:  Migration range ...........: 0 - 3
2020-05-27T09:50:38:  Offset angle range ........: 0 - 9 deg
2020-05-27T09:50:38: === GCTABackground3D ===
2020-05-27T09:50:38:  Filename ..................: /astri01/data1/gershon/anaconda3/envs/ctools/share/caldb/data/cta/prod2/bcf/North_0.5h/irf_file.fits
2020-05-27T09:50:38:  Number of DETX bins .......: 90
2020-05-27T09:50:38:  Number of DETY bins .......: 90
2020-05-27T09:50:38:  Number of energy bins .....: 21
2020-05-27T09:50:38:  DETX range ................: -4.5 - 4.5 deg
2020-05-27T09:50:38:  DETX range ................: -4.5 - 4.5 deg
2020-05-27T09:50:38:  Energy range ..............: 0.0125892544165254 - 199.526214599609 TeV
2020-05-27T09:50:38: === GCTAResponseCache ===
2020-05-27T09:50:38:  Number of cached values ...: 0
2020-05-27T09:50:38: === GCTAResponseCache ===
2020-05-27T09:50:38:  Number of cached values ...: 0
2020-05-27T09:50:38: === GCTAEventList ===
2020-05-27T09:50:38:  Number of events ..........: 0 (disposed without possibility to recover)
2020-05-27T09:50:38:  Time interval .............: 51544.5 - 51544.500150463 days
2020-05-27T09:50:38: === GEbounds ===
2020-05-27T09:50:38:  Number of intervals .......: 1
2020-05-27T09:50:38:  Energy range ..............: 30 GeV - 10 TeV
2020-05-27T09:50:38: === GCTARoi ===
2020-05-27T09:50:38:  RoI centre ................: RA=266.404994802193, DEC=-28.9361739597975 [0,0]
2020-05-27T09:50:38:  RoI radius ................: 2.25 deg
2020-05-27T09:50:38: === GSkyRegions ===
2020-05-27T09:50:38:  Number of regions .........: 0
2020-05-27T09:50:38: === GModels ===
2020-05-27T09:50:38:  Number of models ..........: 2
2020-05-27T09:50:38:  Number of parameters ......: 10
2020-05-27T09:50:38: === GModelSky ===
2020-05-27T09:50:38:  Name ......................: GRB
2020-05-27T09:50:38:  Instruments ...............: all
2020-05-27T09:50:38:  Observation identifiers ...: all
2020-05-27T09:50:38:  Model type ................: PointSource
2020-05-27T09:50:38:  Model components ..........: "PointSource" * "PowerLaw" * "Constant"
2020-05-27T09:50:38:  Number of parameters ......: 6
2020-05-27T09:50:38:  Number of spatial par's ...: 2
2020-05-27T09:50:38:   RA .......................: 83.6331 [-360,360] deg (fixed,scale=1)
2020-05-27T09:50:38:   DEC ......................: 22.0145 [-90,90] deg (fixed,scale=1)
2020-05-27T09:50:38:  Number of spectral par's ..: 3
2020-05-27T09:50:38:   Prefactor ................: 5.7e-07 +/- 0 [1e-17,1000] ph/cm2/s/MeV (free,scale=1e-07,gradient)
2020-05-27T09:50:38:   Index ....................: -2.1 +/- 0 [-0,-5]  (free,scale=-1,gradient)
2020-05-27T09:50:38:   PivotEnergy ..............: 1000 [10,1000000] MeV (fixed,scale=1000,gradient)
2020-05-27T09:50:38:  Number of temporal par's ..: 1
2020-05-27T09:50:38:   Normalization ............: 1 (relative value) (fixed,scale=1,gradient)
2020-05-27T09:50:38:  Number of scale par's .....: 0
2020-05-27T09:50:38: === GCTAModelIrfBackground ===
2020-05-27T09:50:38:  Name ......................: CTABackgroundModel
2020-05-27T09:50:38:  Instruments ...............: CTA
2020-05-27T09:50:38:  Observation identifiers ...: all
2020-05-27T09:50:38:  Model type ................: "PowerLaw" * "Constant"
2020-05-27T09:50:38:  Number of parameters ......: 4
2020-05-27T09:50:38:  Number of spectral par's ..: 3
2020-05-27T09:50:38:   Prefactor ................: 1 +/- 0 [0.001,1000] ph/cm2/s/MeV (free,scale=1,gradient)
2020-05-27T09:50:38:   Index ....................: 0 +/- 0 [-5,5]  (free,scale=1,gradient)
2020-05-27T09:50:38:   PivotEnergy ..............: 1000000 [10000,1000000000000] MeV (fixed,scale=1000000,gradient)
2020-05-27T09:50:38:  Number of temporal par's ..: 1
2020-05-27T09:50:38:   Normalization ............: 1 (relative value) (fixed,scale=1,gradient)
2020-05-27T09:50:38: 
2020-05-27T09:50:38: +==============+
2020-05-27T09:50:38: | Input models |
2020-05-27T09:50:38: +==============+
2020-05-27T09:50:38: === GModels ===
2020-05-27T09:50:38:  Number of models ..........: 2
2020-05-27T09:50:38:  Number of parameters ......: 10
2020-05-27T09:50:38: === GModelSky ===
2020-05-27T09:50:38:  Name ......................: GRB
2020-05-27T09:50:38:  Instruments ...............: all
2020-05-27T09:50:38:  Test Statistic ............: Computation requested
2020-05-27T09:50:38:  Observation identifiers ...: all
2020-05-27T09:50:38:  Model type ................: PointSource
2020-05-27T09:50:38:  Model components ..........: "PointSource" * "PowerLaw" * "Constant"
2020-05-27T09:50:38:  Number of parameters ......: 6
2020-05-27T09:50:38:  Number of spatial par's ...: 2
2020-05-27T09:50:38:   RA .......................: 266.404994802193 [-360,360] deg (fixed,scale=1)
2020-05-27T09:50:38:   DEC ......................: -28.9361739597975 [-90,90] deg (fixed,scale=1)
2020-05-27T09:50:38:  Number of spectral par's ..: 3
2020-05-27T09:50:38:   Prefactor ................: 5.7e-07 +/- 0 [1e-17,1000] ph/cm2/s/MeV (free,scale=1e-07,gradient)
2020-05-27T09:50:38:   Index ....................: -2.1 [-0,-5]  (fixed,scale=-1,gradient)
2020-05-27T09:50:38:   PivotEnergy ..............: 1000 [10,1000000] MeV (fixed,scale=1000,gradient)
2020-05-27T09:50:38:  Number of temporal par's ..: 1
2020-05-27T09:50:38:   Normalization ............: 1 (relative value) (fixed,scale=1,gradient)
2020-05-27T09:50:38:  Number of scale par's .....: 0
2020-05-27T09:50:38: === GCTAModelIrfBackground ===
2020-05-27T09:50:38:  Name ......................: CTABackgroundModel
2020-05-27T09:50:38:  Instruments ...............: CTA
2020-05-27T09:50:38:  Observation identifiers ...: all
2020-05-27T09:50:38:  Model type ................: "PowerLaw" * "Constant"
2020-05-27T09:50:38:  Number of parameters ......: 4
2020-05-27T09:50:38:  Number of spectral par's ..: 3
2020-05-27T09:50:38:   Prefactor ................: 1 +/- 0 [0.001,1000] ph/cm2/s/MeV (free,scale=1,gradient)
2020-05-27T09:50:38:   Index ....................: 0 +/- 0 [-5,5]  (free,scale=1,gradient)
2020-05-27T09:50:38:   PivotEnergy ..............: 1000000 [10000,1000000000000] MeV (fixed,scale=1000000,gradient)
2020-05-27T09:50:38:  Number of temporal par's ..: 1
2020-05-27T09:50:38:   Normalization ............: 1 (relative value) (fixed,scale=1,gradient)
2020-05-27T09:50:38: 
2020-05-27T09:50:38: +===========================+
2020-05-27T09:50:38: | Sensitivity determination |
2020-05-27T09:50:38: +===========================+
2020-05-27T09:50:38:  Type ......................: Integral
2020-05-27T09:50:38: 
2020-05-27T09:50:38: +---------------------------+
2020-05-27T09:50:38: | Energies: 30 GeV - 10 TeV |
2020-05-27T09:50:38: +---------------------------+
2020-05-27T09:50:38: === Initial parameters ===
2020-05-27T09:50:38:  Crab flux .................: 3.4886245596327748e-09 ph/cm2/s
2020-05-27T09:50:38:  Source model flux .........: 1.2272113477562559e-05 ph/cm2/s
2020-05-27T09:50:38:  Crab unit factor ..........: 0.0002842725147555979
2020-05-27T09:50:38: === Iterations ===
2020-05-27T09:50:38: +-------------+
2020-05-27T09:50:38: | Iteration 1 |
2020-05-27T09:50:38: +-------------+
2020-05-27T09:50:55: === Simulation ===
2020-05-27T09:50:55:  Number of simulated events : 250.0
2020-05-27T09:50:56:  Iteration 1 ...............: TS=   16.2919  Sim= 100.0000 mCrab  Fit= 159.1374 mCrab  Sens=2.199056e-11 erg/cm2/s
2020-05-27T09:50:56: +-------------+
2020-05-27T09:50:56: | Iteration 2 |
2020-05-27T09:50:56: +-------------+
2020-05-27T09:51:13: === Simulation ===
2020-05-27T09:51:13:  Number of simulated events : 231.0
2020-05-27T09:51:14:  Iteration 2 ...............: TS=   28.6963  Sim= 197.1318 mCrab  Fit= 234.2626 mCrab  Sens=3.237181e-11 erg/cm2/s
2020-05-27T09:51:14: +-------------+
2020-05-27T09:51:14: | Iteration 3 |
2020-05-27T09:51:14: +-------------+
2020-05-27T09:51:31: === Simulation ===
2020-05-27T09:51:31:  Number of simulated events : 231.0
2020-05-27T09:51:32:  Iteration 3 ...............: TS=   15.6227  Sim= 213.2052 mCrab  Fit= 189.5560 mCrab  Sens=2.619399e-11 erg/cm2/s
2020-05-27T09:51:32: +-------------+
2020-05-27T09:51:32: | Iteration 4 |
2020-05-27T09:51:32: +-------------+
2020-05-27T09:51:49: === Simulation ===
2020-05-27T09:51:49:  Number of simulated events : 236.0
2020-05-27T09:51:50:  Iteration 4 ...............: TS=    4.3551  Sim= 217.3780 mCrab  Fit=  58.1079 mCrab  Sens=8.029695e-12 erg/cm2/s
2020-05-27T09:51:50: +-------------+
2020-05-27T09:51:50: | Iteration 5 |
2020-05-27T09:51:50: +-------------+
2020-05-27T09:52:07: === Simulation ===
2020-05-27T09:52:07:  Number of simulated events : 242.0
2020-05-27T09:52:08:  Iteration 5 ...............: TS=   30.6591  Sim= 229.5893 mCrab  Fit= 177.2785 mCrab  Sens=2.449740e-11 erg/cm2/s
2020-05-27T09:52:08: +-------------+
2020-05-27T09:52:08: | Iteration 6 |
2020-05-27T09:52:08: +-------------+
2020-05-27T09:52:26: === Simulation ===
2020-05-27T09:52:26:  Number of simulated events : 205.0
2020-05-27T09:52:26:  Iteration 6 ...............: TS=   22.4225  Sim= 200.7049 mCrab  Fit= 232.3300 mCrab  Sens=3.210475e-11 erg/cm2/s
2020-05-27T09:52:26:  Converged result ..........: TS=   22.4225  Sim= 210.1909 mCrab                       Sens=2.904544e-11 erg/cm2/s
2020-05-27T09:52:26:  Converged flux ratio ......: 1.0472634413752557
2020-05-27T09:52:26:  Regression coefficient ....: 0.864826582106889
2020-05-27T09:52:26: === Fit results ===
2020-05-27T09:52:26:  Photon flux ...............: 7.332772733988281e-10 ph/cm2/s
2020-05-27T09:52:26:  Energy flux ...............: 1.711116449374193e-10 erg/cm2/s
2020-05-27T09:52:26:  Crab flux .................: 210.1909393987685 mCrab
2020-05-27T09:52:26:  Differential sensitivity ..: 2.9045441737285132e-11 erg/cm2/s
2020-05-27T09:52:26:  Number of simulated events : 205.0
2020-05-27T09:52:26: === Test source model fitting ===
2020-05-27T09:52:26:  log likelihood ............: 897.5900971918296
2020-05-27T09:52:26:  Number of predicted events : 204.9984499279781
2020-05-27T09:52:26:  Model .....................: GRB
2020-05-27T09:52:26:   RA .......................: 266.404994802193 [-360,360] deg (fixed,scale=1)
2020-05-27T09:52:26:   DEC ......................: -28.9361739597975 [-90,90] deg (fixed,scale=1)
2020-05-27T09:52:26:   Prefactor ................: 3.76456732678396e-11 +/- 1.7001248535471e-11 [1e-17,1000] ph/cm2/s/MeV (free,scale=1e-07,gradient)
2020-05-27T09:52:26:   Index ....................: -2.1 [-0,-5]  (fixed,scale=-1,gradient)
2020-05-27T09:52:26:   PivotEnergy ..............: 1000 [10,1000000] MeV (fixed,scale=1000,gradient)
2020-05-27T09:52:26:   Normalization ............: 1 (relative value) (fixed,scale=1,gradient)
2020-05-27T09:52:26:  Model .....................: CTABackgroundModel
2020-05-27T09:52:26:   Prefactor ................: 0.932830901445968 +/- 0.227018342757143 [0.001,1000] ph/cm2/s/MeV (free,scale=1,gradient)
2020-05-27T09:52:26:   Index ....................: 0.0186728070922136 +/- 0.0847144685849284 [-5,5]  (free,scale=1,gradient)
2020-05-27T09:52:26:   PivotEnergy ..............: 1000000 [10000,1000000000000] MeV (fixed,scale=1000000,gradient)
2020-05-27T09:52:26:   Normalization ............: 1 (relative value) (fixed,scale=1,gradient)
2020-05-27T09:52:26: 
2020-05-27T09:52:26: Application "cssens" terminated after 109 wall clock seconds, consuming 109.276 seconds of CPU time.
