2020-05-20T11:43:20: ********************************************************************************
2020-05-20T11:43:20: *                                    cssens                                    *
2020-05-20T11:43:20: * ---------------------------------------------------------------------------- *
2020-05-20T11:43:20: * Version: 1.6.3                                                               *
2020-05-20T11:43:20: ********************************************************************************
2020-05-20T11:43:21: +============+
2020-05-20T11:43:21: | Parameters |
2020-05-20T11:43:21: +============+
2020-05-20T11:43:21:  inobs .....................: NONE
2020-05-20T11:43:21:  inmodel ...................: grb.xml
2020-05-20T11:43:21:  srcname ...................: GRB
2020-05-20T11:43:21:  caldb .....................: prod2
2020-05-20T11:43:21:  irf .......................: North_0.5h
2020-05-20T11:43:21:  edisp .....................: no
2020-05-20T11:43:21:  deadc .....................: 0.98
2020-05-20T11:43:21:  outfile ...................: /astri01/data1/gershon/ctools_patricelli/notebooks/outputs/sensi-5.0sigma_obstime-2.0_irf-North_0.5h.txt
2020-05-20T11:43:21:  offset ....................: 0
2020-05-20T11:43:21:  duration ..................: 2
2020-05-20T11:43:21:  rad .......................: 2.25
2020-05-20T11:43:21:  emin ......................: 0.03
2020-05-20T11:43:21:  emax ......................: 10
2020-05-20T11:43:21:  bins ......................: 1
2020-05-20T11:43:21:  enumbins ..................: 0
2020-05-20T11:43:21:  npix ......................: 200
2020-05-20T11:43:21:  binsz .....................: 0.2
2020-05-20T11:43:21:  type ......................: Integral
2020-05-20T11:43:21:  sigma .....................: 5
2020-05-20T11:43:21:  max_iter ..................: 50
2020-05-20T11:43:21:  statistic .................: DEFAULT
2020-05-20T11:43:21:  nthreads ..................: 0
2020-05-20T11:43:21:  chatter ...................: 2
2020-05-20T11:43:21:  clobber ...................: yes
2020-05-20T11:43:21:  debug .....................: no
2020-05-20T11:43:21:  mode ......................: ql
2020-05-20T11:43:21:  logfile ...................: /astri01/data1/gershon/ctools_patricelli/notebooks/logs/sensi-5.0sigma_obstime-2.0_irf-North_0.5h.log
2020-05-20T11:43:21: 
2020-05-20T11:43:21: WARNING: Energy dispersion will *NOT* be considered for the computation. To consider
2020-05-20T11:43:21:          energy dispersion, please set the "edisp" parameter to "yes". Be aware that
2020-05-20T11:43:21:          using energy dispersion will considerably slow down the computations.
2020-05-20T11:43:21: 
2020-05-20T11:43:21: +=================+
2020-05-20T11:43:21: | Multiprocessing |
2020-05-20T11:43:21: +=================+
2020-05-20T11:43:21:  Multiprocessing ...........: available
2020-05-20T11:43:21:  Processes available .......: 64
2020-05-20T11:43:21: 
2020-05-20T11:43:21: +===================+
2020-05-20T11:43:21: | Input observation |
2020-05-20T11:43:21: +===================+
2020-05-20T11:43:21: === GObservations ===
2020-05-20T11:43:21:  Number of observations ....: 1
2020-05-20T11:43:21:  Number of models ..........: 2
2020-05-20T11:43:21:  Number of observed events .: 0
2020-05-20T11:43:21:  Number of predicted events : 0
2020-05-20T11:43:21: 
2020-05-20T11:43:21: +==============+
2020-05-20T11:43:21: | Input models |
2020-05-20T11:43:21: +==============+
2020-05-20T11:43:21: === GModels ===
2020-05-20T11:43:21:  Number of models ..........: 2
2020-05-20T11:43:21:  Number of parameters ......: 10
2020-05-20T11:43:21: === GModelSky ===
2020-05-20T11:43:21:  Name ......................: GRB
2020-05-20T11:43:21:  Instruments ...............: all
2020-05-20T11:43:21:  Test Statistic ............: Computation requested
2020-05-20T11:43:21:  Observation identifiers ...: all
2020-05-20T11:43:21:  Model type ................: PointSource
2020-05-20T11:43:21:  Model components ..........: "PointSource" * "PowerLaw" * "Constant"
2020-05-20T11:43:21:  Number of parameters ......: 6
2020-05-20T11:43:21:  Number of spatial par's ...: 2
2020-05-20T11:43:21:   RA .......................: 266.404994802193 [-360,360] deg (fixed,scale=1)
2020-05-20T11:43:21:   DEC ......................: -28.9361739597975 [-90,90] deg (fixed,scale=1)
2020-05-20T11:43:21:  Number of spectral par's ..: 3
2020-05-20T11:43:21:   Prefactor ................: 5.7e-07 +/- 0 [1e-17,1000] ph/cm2/s/MeV (free,scale=1e-07,gradient)
2020-05-20T11:43:21:   Index ....................: -2.1 [-0,-5]  (fixed,scale=-1,gradient)
2020-05-20T11:43:21:   PivotEnergy ..............: 1000 [10,1000000] MeV (fixed,scale=1000,gradient)
2020-05-20T11:43:21:  Number of temporal par's ..: 1
2020-05-20T11:43:21:   Normalization ............: 1 (relative value) (fixed,scale=1,gradient)
2020-05-20T11:43:21:  Number of scale par's .....: 0
2020-05-20T11:43:21: === GCTAModelIrfBackground ===
2020-05-20T11:43:21:  Name ......................: CTABackgroundModel
2020-05-20T11:43:21:  Instruments ...............: CTA
2020-05-20T11:43:21:  Observation identifiers ...: all
2020-05-20T11:43:21:  Model type ................: "PowerLaw" * "Constant"
2020-05-20T11:43:21:  Number of parameters ......: 4
2020-05-20T11:43:21:  Number of spectral par's ..: 3
2020-05-20T11:43:21:   Prefactor ................: 1 +/- 0 [0.001,1000] ph/cm2/s/MeV (free,scale=1,gradient)
2020-05-20T11:43:21:   Index ....................: 0 +/- 0 [-5,5]  (free,scale=1,gradient)
2020-05-20T11:43:21:   PivotEnergy ..............: 1000000 [10000,1000000000000] MeV (fixed,scale=1000000,gradient)
2020-05-20T11:43:21:  Number of temporal par's ..: 1
2020-05-20T11:43:21:   Normalization ............: 1 (relative value) (fixed,scale=1,gradient)
2020-05-20T11:43:21: 
2020-05-20T11:43:21: +===========================+
2020-05-20T11:43:21: | Sensitivity determination |
2020-05-20T11:43:21: +===========================+
2020-05-20T11:43:21:  Type ......................: Integral
2020-05-20T11:43:21: 
2020-05-20T11:43:21: +---------------------------+
2020-05-20T11:43:21: | Energies: 30 GeV - 10 TeV |
2020-05-20T11:43:21: +---------------------------+
2020-05-20T11:43:21: === Initial parameters ===
2020-05-20T11:43:21:  Crab flux .................: 3.4886245596327748e-09 ph/cm2/s
2020-05-20T11:43:21:  Source model flux .........: 1.2272113477562559e-05 ph/cm2/s
2020-05-20T11:43:21:  Crab unit factor ..........: 0.0002842725147555979
2020-05-20T11:43:21: === Iterations ===
2020-05-20T11:43:38:  Iteration 1 ...............: TS=   -0.0022  Sim= 100.0000 mCrab  Fit=   0.0001 mCrab  Sens=8.528139e-18 erg/cm2/s
2020-05-20T11:43:56:  Iteration 2 ...............: TS=    0.4929  Sim= 300.0000 mCrab  Fit= 134.4395 mCrab  Sens=1.857766e-11 erg/cm2/s
2020-05-20T11:44:15:  Iteration 3 ...............: TS=   30.2533  Sim= 957.4510 mCrab  Fit=1075.6317 mCrab  Sens=1.486372e-10 erg/cm2/s
2020-05-20T11:44:33:  Iteration 4 ...............: TS=   24.6593  Sim= 976.8415 mCrab  Fit=1002.5565 mCrab  Sens=1.385393e-10 erg/cm2/s
2020-05-20T11:44:52:  Iteration 5 ...............: TS=    7.4522  Sim= 992.2929 mCrab  Fit= 426.4116 mCrab  Sens=5.892411e-11 erg/cm2/s
2020-05-20T11:45:10:  Iteration 6 ...............: TS=   10.7002  Sim= 936.4270 mCrab  Fit= 511.0144 mCrab  Sens=7.061502e-11 erg/cm2/s
2020-05-20T11:45:10:  Converged result ..........: TS=   10.7002  Sim= 899.0847 mCrab                       Sens=1.242409e-10 erg/cm2/s
2020-05-20T11:45:10:  Converged flux ratio ......: 0.9601226136630598
2020-05-20T11:45:10:  Regression coefficient ....: 0.9773801382802166
2020-05-20T11:45:10: === Fit results ===
2020-05-20T11:45:10:  Photon flux ...............: 3.136568949650366e-09 ph/cm2/s
2020-05-20T11:45:10:  Energy flux ...............: 7.319243237235796e-10 erg/cm2/s
2020-05-20T11:45:10:  Crab flux .................: 899.0846954252172 mCrab
2020-05-20T11:45:10:  Differential sensitivity ..: 1.2424090311673487e-10 erg/cm2/s
2020-05-20T11:45:10:  Number of simulated events : 30.0
2020-05-20T11:45:10: === Test source model fitting ===
2020-05-20T11:45:10:  log likelihood ............: 145.8964080702621
2020-05-20T11:45:10:  Number of predicted events : 29.998423116834413
2020-05-20T11:45:10:  Model .....................: GRB
2020-05-20T11:45:10:   RA .......................: 266.404994802193 [-360,360] deg (fixed,scale=1)
2020-05-20T11:45:10:   DEC ......................: -28.9361739597975 [-90,90] deg (fixed,scale=1)
2020-05-20T11:45:10:   Prefactor ................: 8.28023825394601e-11 +/- 5.87404672229124e-11 [1e-17,1000] ph/cm2/s/MeV (free,scale=1e-07,gradient)
2020-05-20T11:45:10:   Index ....................: -2.1 [-0,-5]  (fixed,scale=-1,gradient)
2020-05-20T11:45:10:   PivotEnergy ..............: 1000 [10,1000000] MeV (fixed,scale=1000,gradient)
2020-05-20T11:45:10:   Normalization ............: 1 (relative value) (fixed,scale=1,gradient)
2020-05-20T11:45:10:  Model .....................: CTABackgroundModel
2020-05-20T11:45:10:   Prefactor ................: 0.844078603209314 +/- 0.569734879055109 [0.001,1000] ph/cm2/s/MeV (free,scale=1,gradient)
2020-05-20T11:45:10:   Index ....................: 0.017231520250822 +/- 0.235123339361833 [-5,5]  (free,scale=1,gradient)
2020-05-20T11:45:10:   PivotEnergy ..............: 1000000 [10000,1000000000000] MeV (fixed,scale=1000000,gradient)
2020-05-20T11:45:10:   Normalization ............: 1 (relative value) (fixed,scale=1,gradient)
2020-05-20T11:45:10: 
2020-05-20T11:45:10: Application "cssens" terminated after 110 wall clock seconds, consuming 109.581 seconds of CPU time.
