2020-05-26T11:40:34: ********************************************************************************
2020-05-26T11:40:34: *                                    cssens                                    *
2020-05-26T11:40:34: * ---------------------------------------------------------------------------- *
2020-05-26T11:40:34: * Version: 1.6.3                                                               *
2020-05-26T11:40:34: ********************************************************************************
2020-05-26T11:40:35: +============+
2020-05-26T11:40:35: | Parameters |
2020-05-26T11:40:35: +============+
2020-05-26T11:40:35:  inobs .....................: NONE
2020-05-26T11:40:35:  inmodel ...................: /astri01/data1/gershon/ctools_patricelli/notebooks/grb.xml
2020-05-26T11:40:35:  srcname ...................: GRB
2020-05-26T11:40:35:  caldb .....................: prod2
2020-05-26T11:40:35:  irf .......................: North_0.5h
2020-05-26T11:40:35:  edisp .....................: no
2020-05-26T11:40:35:  deadc .....................: 0.98
2020-05-26T11:40:35:  outfile ...................: /astri01/data1/gershon/ctools_patricelli/notebooks/outputs/sensi-5.0sigma_obstime-100.0_irf-North_0.5h.txt
2020-05-26T11:40:35:  offset ....................: 0
2020-05-26T11:40:35:  duration ..................: 100
2020-05-26T11:40:35:  rad .......................: 2.25
2020-05-26T11:40:35:  emin ......................: 0.03
2020-05-26T11:40:35:  emax ......................: 10
2020-05-26T11:40:35:  bins ......................: 1
2020-05-26T11:40:35:  enumbins ..................: 0
2020-05-26T11:40:35:  npix ......................: 200
2020-05-26T11:40:35:  binsz .....................: 0.2
2020-05-26T11:40:35:  type ......................: Integral
2020-05-26T11:40:35:  sigma .....................: 5
2020-05-26T11:40:35:  max_iter ..................: 50
2020-05-26T11:40:35:  statistic .................: DEFAULT
2020-05-26T11:40:35:  nthreads ..................: 0
2020-05-26T11:40:35:  chatter ...................: 2
2020-05-26T11:40:35:  clobber ...................: yes
2020-05-26T11:40:35:  debug .....................: no
2020-05-26T11:40:35:  mode ......................: ql
2020-05-26T11:40:35:  logfile ...................: /astri01/data1/gershon/ctools_patricelli/notebooks/logs/sensi-5.0sigma_obstime-100.0_irf-North_0.5h.log
2020-05-26T11:40:35: 
2020-05-26T11:40:35: WARNING: Energy dispersion will *NOT* be considered for the computation. To consider
2020-05-26T11:40:35:          energy dispersion, please set the "edisp" parameter to "yes". Be aware that
2020-05-26T11:40:35:          using energy dispersion will considerably slow down the computations.
2020-05-26T11:40:35: 
2020-05-26T11:40:35: +=================+
2020-05-26T11:40:35: | Multiprocessing |
2020-05-26T11:40:35: +=================+
2020-05-26T11:40:35:  Multiprocessing ...........: available
2020-05-26T11:40:35:  Processes available .......: 64
2020-05-26T11:40:35: 
2020-05-26T11:40:35: +===================+
2020-05-26T11:40:35: | Input observation |
2020-05-26T11:40:35: +===================+
2020-05-26T11:40:35: === GObservations ===
2020-05-26T11:40:35:  Number of observations ....: 1
2020-05-26T11:40:35:  Number of models ..........: 2
2020-05-26T11:40:35:  Number of observed events .: 0
2020-05-26T11:40:35:  Number of predicted events : 0
2020-05-26T11:40:35: 
2020-05-26T11:40:35: +==============+
2020-05-26T11:40:35: | Input models |
2020-05-26T11:40:35: +==============+
2020-05-26T11:40:35: === GModels ===
2020-05-26T11:40:35:  Number of models ..........: 2
2020-05-26T11:40:35:  Number of parameters ......: 10
2020-05-26T11:40:35: === GModelSky ===
2020-05-26T11:40:35:  Name ......................: GRB
2020-05-26T11:40:35:  Instruments ...............: all
2020-05-26T11:40:35:  Test Statistic ............: Computation requested
2020-05-26T11:40:35:  Observation identifiers ...: all
2020-05-26T11:40:35:  Model type ................: PointSource
2020-05-26T11:40:35:  Model components ..........: "PointSource" * "PowerLaw" * "Constant"
2020-05-26T11:40:35:  Number of parameters ......: 6
2020-05-26T11:40:35:  Number of spatial par's ...: 2
2020-05-26T11:40:35:   RA .......................: 266.404994802193 [-360,360] deg (fixed,scale=1)
2020-05-26T11:40:35:   DEC ......................: -28.9361739597975 [-90,90] deg (fixed,scale=1)
2020-05-26T11:40:35:  Number of spectral par's ..: 3
2020-05-26T11:40:35:   Prefactor ................: 5.7e-07 +/- 0 [1e-17,1000] ph/cm2/s/MeV (free,scale=1e-07,gradient)
2020-05-26T11:40:35:   Index ....................: -2.1 [-0,-5]  (fixed,scale=-1,gradient)
2020-05-26T11:40:35:   PivotEnergy ..............: 1000 [10,1000000] MeV (fixed,scale=1000,gradient)
2020-05-26T11:40:35:  Number of temporal par's ..: 1
2020-05-26T11:40:35:   Normalization ............: 1 (relative value) (fixed,scale=1,gradient)
2020-05-26T11:40:35:  Number of scale par's .....: 0
2020-05-26T11:40:35: === GCTAModelIrfBackground ===
2020-05-26T11:40:35:  Name ......................: CTABackgroundModel
2020-05-26T11:40:35:  Instruments ...............: CTA
2020-05-26T11:40:35:  Observation identifiers ...: all
2020-05-26T11:40:35:  Model type ................: "PowerLaw" * "Constant"
2020-05-26T11:40:35:  Number of parameters ......: 4
2020-05-26T11:40:35:  Number of spectral par's ..: 3
2020-05-26T11:40:35:   Prefactor ................: 1 +/- 0 [0.001,1000] ph/cm2/s/MeV (free,scale=1,gradient)
2020-05-26T11:40:35:   Index ....................: 0 +/- 0 [-5,5]  (free,scale=1,gradient)
2020-05-26T11:40:35:   PivotEnergy ..............: 1000000 [10000,1000000000000] MeV (fixed,scale=1000000,gradient)
2020-05-26T11:40:35:  Number of temporal par's ..: 1
2020-05-26T11:40:35:   Normalization ............: 1 (relative value) (fixed,scale=1,gradient)
2020-05-26T11:40:35: 
2020-05-26T11:40:35: +===========================+
2020-05-26T11:40:35: | Sensitivity determination |
2020-05-26T11:40:35: +===========================+
2020-05-26T11:40:35:  Type ......................: Integral
2020-05-26T11:40:35: 
2020-05-26T11:40:35: +---------------------------+
2020-05-26T11:40:35: | Energies: 30 GeV - 10 TeV |
2020-05-26T11:40:35: +---------------------------+
2020-05-26T11:40:35: === Initial parameters ===
2020-05-26T11:40:35:  Crab flux .................: 3.4886245596327748e-09 ph/cm2/s
2020-05-26T11:40:35:  Source model flux .........: 1.2272113477562559e-05 ph/cm2/s
2020-05-26T11:40:35:  Crab unit factor ..........: 0.0002842725147555979
2020-05-26T11:40:35: === Iterations ===
2020-05-26T11:40:53:  Iteration 1 ...............: TS=  102.3888  Sim= 100.0000 mCrab  Fit= 137.9854 mCrab  Sens=1.906765e-11 erg/cm2/s
2020-05-26T11:41:11:  Iteration 2 ...............: TS=   31.3347  Sim=  68.1831 mCrab  Fit=  70.4136 mCrab  Sens=9.730178e-12 erg/cm2/s
2020-05-26T11:41:29:  Iteration 3 ...............: TS=   39.8754  Sim=  61.9335 mCrab  Fit=  45.3971 mCrab  Sens=6.273246e-12 erg/cm2/s
2020-05-26T11:41:46:  Iteration 4 ...............: TS=   28.7139  Sim=  45.3085 mCrab  Fit=  50.9280 mCrab  Sens=7.037541e-12 erg/cm2/s
2020-05-26T11:41:46:  Converged result ..........: TS=   28.7139  Sim=  45.6236 mCrab                       Sens=6.304541e-12 erg/cm2/s
2020-05-26T11:41:46:  Converged flux ratio ......: 1.0069543610548828
2020-05-26T11:41:46:  Regression coefficient ....: 0.7353241051424615
2020-05-26T11:41:46: === Fit results ===
2020-05-26T11:41:46:  Photon flux ...............: 1.5916359096574157e-10 ph/cm2/s
2020-05-26T11:41:46:  Energy flux ...............: 3.714112635464386e-11 erg/cm2/s
2020-05-26T11:41:46:  Crab flux .................: 45.623594125730655 mCrab
2020-05-26T11:41:46:  Differential sensitivity ..: 6.304541236720015e-12 erg/cm2/s
2020-05-26T11:41:46:  Number of simulated events : 1803.0
2020-05-26T11:41:46: === Test source model fitting ===
2020-05-26T11:41:46:  log likelihood ............: 7596.359436505349
2020-05-26T11:41:46:  Number of predicted events : 1802.9853678406535
2020-05-26T11:41:46:  Model .....................: GRB
2020-05-26T11:41:46:   RA .......................: 266.404994802193 [-360,360] deg (fixed,scale=1)
2020-05-26T11:41:46:   DEC ......................: -28.9361739597975 [-90,90] deg (fixed,scale=1)
2020-05-26T11:41:46:   Prefactor ................: 8.25214167453896e-12 +/- 2.93509187427833e-12 [1e-17,1000] ph/cm2/s/MeV (free,scale=1e-07,gradient)
2020-05-26T11:41:46:   Index ....................: -2.1 [-0,-5]  (fixed,scale=-1,gradient)
2020-05-26T11:41:46:   PivotEnergy ..............: 1000 [10,1000000] MeV (fixed,scale=1000,gradient)
2020-05-26T11:41:46:   Normalization ............: 1 (relative value) (fixed,scale=1,gradient)
2020-05-26T11:41:46:  Model .....................: CTABackgroundModel
2020-05-26T11:41:46:   Prefactor ................: 0.991374576990399 +/- 0.0857544219939178 [0.001,1000] ph/cm2/s/MeV (free,scale=1,gradient)
2020-05-26T11:41:46:   Index ....................: -0.0177680765578323 +/- 0.0300591809256885 [-5,5]  (free,scale=1,gradient)
2020-05-26T11:41:46:   PivotEnergy ..............: 1000000 [10000,1000000000000] MeV (fixed,scale=1000000,gradient)
2020-05-26T11:41:46:   Normalization ............: 1 (relative value) (fixed,scale=1,gradient)
2020-05-26T11:41:47: 
2020-05-26T11:41:47: Application "cssens" terminated after 73 wall clock seconds, consuming 72.6497 seconds of CPU time.
