2020-05-27T09:31:42: ********************************************************************************
2020-05-27T09:31:42: *                                    cssens                                    *
2020-05-27T09:31:42: * ---------------------------------------------------------------------------- *
2020-05-27T09:31:42: * Version: 1.6.3                                                               *
2020-05-27T09:31:42: ********************************************************************************
2020-05-27T09:31:43: +============+
2020-05-27T09:31:43: | Parameters |
2020-05-27T09:31:43: +============+
2020-05-27T09:31:43:  inobs .....................: NONE
2020-05-27T09:31:43:  inmodel ...................: /astri01/data1/gershon/ctools_patricelli/notebooks/grb.xml
2020-05-27T09:31:43:  srcname ...................: GRB
2020-05-27T09:31:43:  caldb .....................: prod2
2020-05-27T09:31:43:  irf .......................: North_0.5h
2020-05-27T09:31:43:  edisp .....................: no
2020-05-27T09:31:43:  deadc .....................: 0.98
2020-05-27T09:31:43:  outfile ...................: /astri01/data1/gershon/ctools_patricelli/notebooks/outputs/sensi-5.0sigma_obstime-8.0_irf-North_0.5h.txt
2020-05-27T09:31:43:  offset ....................: 0
2020-05-27T09:31:43:  duration ..................: 8
2020-05-27T09:31:43:  rad .......................: 2.25
2020-05-27T09:31:43:  emin ......................: 0.03
2020-05-27T09:31:43:  emax ......................: 10
2020-05-27T09:31:43:  bins ......................: 1
2020-05-27T09:31:43:  enumbins ..................: 0
2020-05-27T09:31:43:  npix ......................: 200
2020-05-27T09:31:43:  binsz .....................: 0.2
2020-05-27T09:31:43:  type ......................: Integral
2020-05-27T09:31:43:  sigma .....................: 5
2020-05-27T09:31:43:  max_iter ..................: 50
2020-05-27T09:31:43:  statistic .................: DEFAULT
2020-05-27T09:31:43:  nthreads ..................: 0
2020-05-27T09:31:43:  chatter ...................: 4
2020-05-27T09:31:43:  clobber ...................: yes
2020-05-27T09:31:43:  debug .....................: no
2020-05-27T09:31:43:  mode ......................: ql
2020-05-27T09:31:43:  logfile ...................: /astri01/data1/gershon/ctools_patricelli/notebooks/logs/sensi-5.0sigma_obstime-8.0_irf-North_0.5h.log
2020-05-27T09:31:43: 
2020-05-27T09:31:43: WARNING: Energy dispersion will *NOT* be considered for the computation. To consider
2020-05-27T09:31:43:          energy dispersion, please set the "edisp" parameter to "yes". Be aware that
2020-05-27T09:31:43:          using energy dispersion will considerably slow down the computations.
2020-05-27T09:31:43: 
2020-05-27T09:31:43: +=================+
2020-05-27T09:31:43: | Multiprocessing |
2020-05-27T09:31:43: +=================+
2020-05-27T09:31:43:  Multiprocessing ...........: available
2020-05-27T09:31:43:  CPUs available ............: 64
2020-05-27T09:31:43:  Processes available .......: 64
2020-05-27T09:31:43: 
2020-05-27T09:31:43: +===================+
2020-05-27T09:31:43: | Input observation |
2020-05-27T09:31:43: +===================+
2020-05-27T09:31:43: === GObservations ===
2020-05-27T09:31:43:  Number of observations ....: 1
2020-05-27T09:31:43:  Number of models ..........: 2
2020-05-27T09:31:43:  Number of observed events .: 0
2020-05-27T09:31:43:  Number of predicted events : 0
2020-05-27T09:31:43: === GCTAObservation ===
2020-05-27T09:31:43:  Name ......................: 
2020-05-27T09:31:43:  Identifier ................: 000000
2020-05-27T09:31:43:  Instrument ................: CTA
2020-05-27T09:31:43:  Event file ................: 
2020-05-27T09:31:43:  Event type ................: EventList
2020-05-27T09:31:43:  Statistic .................: cstat
2020-05-27T09:31:43:  Ontime ....................: 8 s
2020-05-27T09:31:43:  Livetime ..................: 7.84 s
2020-05-27T09:31:43:  Deadtime correction .......: 0.98
2020-05-27T09:31:43:  User energy range .........: undefined
2020-05-27T09:31:43: === GCTAPointing ===
2020-05-27T09:31:43:  Pointing direction ........: (l,b)=(0,0)
2020-05-27T09:31:43: === GCTAResponseIrf ===
2020-05-27T09:31:43:  Caldb mission .............: cta
2020-05-27T09:31:43:  Caldb instrument ..........: prod2
2020-05-27T09:31:43:  Response name .............: North_0.5h
2020-05-27T09:31:43:  Energy dispersion .........: Not used
2020-05-27T09:31:43:  Safe energy range .........: undefined
2020-05-27T09:31:43: === GCaldb ===
2020-05-27T09:31:43:  Database root .............: /astri01/data1/gershon/anaconda3/envs/ctools/share/caldb
2020-05-27T09:31:43:  Selected Mission ..........: CTA
2020-05-27T09:31:43:  Selected Instrument .......: PROD2
2020-05-27T09:31:43:  Calibration Index File ....: /astri01/data1/gershon/anaconda3/envs/ctools/share/caldb/data/cta/prod2/caldb.indx
2020-05-27T09:31:43:  Number of entries .........: 24
2020-05-27T09:31:43: === GCTAAeff2D ===
2020-05-27T09:31:43:  Filename ..................: /astri01/data1/gershon/anaconda3/envs/ctools/share/caldb/data/cta/prod2/bcf/North_0.5h/irf_file.fits
2020-05-27T09:31:43:  Number of energy bins .....: 500
2020-05-27T09:31:43:  Number of offset bins .....: 45
2020-05-27T09:31:43:  Log10(Energy) range .......: 0.00501187238842249 - 501.187225341797 TeV
2020-05-27T09:31:43:  Offset angle range ........: 0 - 4.5 deg
2020-05-27T09:31:43:  Lower energy threshold ....: not specified
2020-05-27T09:31:43:  Upper energy threshold ....: not specified
2020-05-27T09:31:43:  Radius cut ................: none
2020-05-27T09:31:43: === GCTAPsf2D ===
2020-05-27T09:31:43:  Filename ..................: /astri01/data1/gershon/anaconda3/envs/ctools/share/caldb/data/cta/prod2/bcf/North_0.5h/irf_file.fits
2020-05-27T09:31:43:  Number of energy bins .....: 21
2020-05-27T09:31:43:  Number of offset bins .....: 2
2020-05-27T09:31:43:  Log10(Energy) range .......: 0.0125892544165254 - 199.526214599609 TeV
2020-05-27T09:31:43:  Offset angle range ........: 0 - 9 deg
2020-05-27T09:31:43: === GCTAEdisp2D ===
2020-05-27T09:31:43:  Filename ..................: /astri01/data1/gershon/anaconda3/envs/ctools/share/caldb/data/cta/prod2/bcf/North_0.5h/irf_file.fits
2020-05-27T09:31:43:  Number of energy bins .....: 500
2020-05-27T09:31:43:  Number of migration bins ..: 300
2020-05-27T09:31:43:  Number of offset bins .....: 2
2020-05-27T09:31:43:  Log10(Energy) range .......: 0.00501187238842249 - 501.187225341797 TeV
2020-05-27T09:31:43:  Migration range ...........: 0 - 3
2020-05-27T09:31:43:  Offset angle range ........: 0 - 9 deg
2020-05-27T09:31:43: === GCTABackground3D ===
2020-05-27T09:31:43:  Filename ..................: /astri01/data1/gershon/anaconda3/envs/ctools/share/caldb/data/cta/prod2/bcf/North_0.5h/irf_file.fits
2020-05-27T09:31:43:  Number of DETX bins .......: 90
2020-05-27T09:31:43:  Number of DETY bins .......: 90
2020-05-27T09:31:43:  Number of energy bins .....: 21
2020-05-27T09:31:43:  DETX range ................: -4.5 - 4.5 deg
2020-05-27T09:31:43:  DETX range ................: -4.5 - 4.5 deg
2020-05-27T09:31:43:  Energy range ..............: 0.0125892544165254 - 199.526214599609 TeV
2020-05-27T09:31:43: === GCTAResponseCache ===
2020-05-27T09:31:43:  Number of cached values ...: 0
2020-05-27T09:31:43: === GCTAResponseCache ===
2020-05-27T09:31:43:  Number of cached values ...: 0
2020-05-27T09:31:43: === GCTAEventList ===
2020-05-27T09:31:43:  Number of events ..........: 0 (disposed without possibility to recover)
2020-05-27T09:31:43:  Time interval .............: 51544.5 - 51544.5000925926 days
2020-05-27T09:31:43: === GEbounds ===
2020-05-27T09:31:43:  Number of intervals .......: 1
2020-05-27T09:31:43:  Energy range ..............: 30 GeV - 10 TeV
2020-05-27T09:31:43: === GCTARoi ===
2020-05-27T09:31:43:  RoI centre ................: RA=266.404994802193, DEC=-28.9361739597975 [0,0]
2020-05-27T09:31:43:  RoI radius ................: 2.25 deg
2020-05-27T09:31:43: === GSkyRegions ===
2020-05-27T09:31:43:  Number of regions .........: 0
2020-05-27T09:31:43: === GModels ===
2020-05-27T09:31:43:  Number of models ..........: 2
2020-05-27T09:31:43:  Number of parameters ......: 10
2020-05-27T09:31:43: === GModelSky ===
2020-05-27T09:31:43:  Name ......................: GRB
2020-05-27T09:31:43:  Instruments ...............: all
2020-05-27T09:31:43:  Observation identifiers ...: all
2020-05-27T09:31:43:  Model type ................: PointSource
2020-05-27T09:31:43:  Model components ..........: "PointSource" * "PowerLaw" * "Constant"
2020-05-27T09:31:43:  Number of parameters ......: 6
2020-05-27T09:31:43:  Number of spatial par's ...: 2
2020-05-27T09:31:43:   RA .......................: 83.6331 [-360,360] deg (fixed,scale=1)
2020-05-27T09:31:43:   DEC ......................: 22.0145 [-90,90] deg (fixed,scale=1)
2020-05-27T09:31:43:  Number of spectral par's ..: 3
2020-05-27T09:31:43:   Prefactor ................: 5.7e-07 +/- 0 [1e-17,1000] ph/cm2/s/MeV (free,scale=1e-07,gradient)
2020-05-27T09:31:43:   Index ....................: -2.1 +/- 0 [-0,-5]  (free,scale=-1,gradient)
2020-05-27T09:31:43:   PivotEnergy ..............: 1000 [10,1000000] MeV (fixed,scale=1000,gradient)
2020-05-27T09:31:43:  Number of temporal par's ..: 1
2020-05-27T09:31:43:   Normalization ............: 1 (relative value) (fixed,scale=1,gradient)
2020-05-27T09:31:43:  Number of scale par's .....: 0
2020-05-27T09:31:43: === GCTAModelIrfBackground ===
2020-05-27T09:31:43:  Name ......................: CTABackgroundModel
2020-05-27T09:31:43:  Instruments ...............: CTA
2020-05-27T09:31:43:  Observation identifiers ...: all
2020-05-27T09:31:43:  Model type ................: "PowerLaw" * "Constant"
2020-05-27T09:31:43:  Number of parameters ......: 4
2020-05-27T09:31:43:  Number of spectral par's ..: 3
2020-05-27T09:31:43:   Prefactor ................: 1 +/- 0 [0.001,1000] ph/cm2/s/MeV (free,scale=1,gradient)
2020-05-27T09:31:43:   Index ....................: 0 +/- 0 [-5,5]  (free,scale=1,gradient)
2020-05-27T09:31:43:   PivotEnergy ..............: 1000000 [10000,1000000000000] MeV (fixed,scale=1000000,gradient)
2020-05-27T09:31:43:  Number of temporal par's ..: 1
2020-05-27T09:31:43:   Normalization ............: 1 (relative value) (fixed,scale=1,gradient)
2020-05-27T09:31:43: 
2020-05-27T09:31:43: +==============+
2020-05-27T09:31:43: | Input models |
2020-05-27T09:31:43: +==============+
2020-05-27T09:31:43: === GModels ===
2020-05-27T09:31:43:  Number of models ..........: 2
2020-05-27T09:31:43:  Number of parameters ......: 10
2020-05-27T09:31:43: === GModelSky ===
2020-05-27T09:31:43:  Name ......................: GRB
2020-05-27T09:31:43:  Instruments ...............: all
2020-05-27T09:31:43:  Test Statistic ............: Computation requested
2020-05-27T09:31:43:  Observation identifiers ...: all
2020-05-27T09:31:43:  Model type ................: PointSource
2020-05-27T09:31:43:  Model components ..........: "PointSource" * "PowerLaw" * "Constant"
2020-05-27T09:31:43:  Number of parameters ......: 6
2020-05-27T09:31:43:  Number of spatial par's ...: 2
2020-05-27T09:31:43:   RA .......................: 266.404994802193 [-360,360] deg (fixed,scale=1)
2020-05-27T09:31:43:   DEC ......................: -28.9361739597975 [-90,90] deg (fixed,scale=1)
2020-05-27T09:31:43:  Number of spectral par's ..: 3
2020-05-27T09:31:43:   Prefactor ................: 5.7e-07 +/- 0 [1e-17,1000] ph/cm2/s/MeV (free,scale=1e-07,gradient)
2020-05-27T09:31:43:   Index ....................: -2.1 [-0,-5]  (fixed,scale=-1,gradient)
2020-05-27T09:31:43:   PivotEnergy ..............: 1000 [10,1000000] MeV (fixed,scale=1000,gradient)
2020-05-27T09:31:43:  Number of temporal par's ..: 1
2020-05-27T09:31:43:   Normalization ............: 1 (relative value) (fixed,scale=1,gradient)
2020-05-27T09:31:43:  Number of scale par's .....: 0
2020-05-27T09:31:43: === GCTAModelIrfBackground ===
2020-05-27T09:31:43:  Name ......................: CTABackgroundModel
2020-05-27T09:31:43:  Instruments ...............: CTA
2020-05-27T09:31:43:  Observation identifiers ...: all
2020-05-27T09:31:43:  Model type ................: "PowerLaw" * "Constant"
2020-05-27T09:31:43:  Number of parameters ......: 4
2020-05-27T09:31:43:  Number of spectral par's ..: 3
2020-05-27T09:31:43:   Prefactor ................: 1 +/- 0 [0.001,1000] ph/cm2/s/MeV (free,scale=1,gradient)
2020-05-27T09:31:43:   Index ....................: 0 +/- 0 [-5,5]  (free,scale=1,gradient)
2020-05-27T09:31:43:   PivotEnergy ..............: 1000000 [10000,1000000000000] MeV (fixed,scale=1000000,gradient)
2020-05-27T09:31:43:  Number of temporal par's ..: 1
2020-05-27T09:31:43:   Normalization ............: 1 (relative value) (fixed,scale=1,gradient)
2020-05-27T09:31:43: 
2020-05-27T09:31:43: +===========================+
2020-05-27T09:31:43: | Sensitivity determination |
2020-05-27T09:31:43: +===========================+
2020-05-27T09:31:43:  Type ......................: Integral
2020-05-27T09:31:43: 
2020-05-27T09:31:43: +---------------------------+
2020-05-27T09:31:43: | Energies: 30 GeV - 10 TeV |
2020-05-27T09:31:43: +---------------------------+
2020-05-27T09:31:43: === Initial parameters ===
2020-05-27T09:31:43:  Crab flux .................: 3.4886245596327748e-09 ph/cm2/s
2020-05-27T09:31:43:  Source model flux .........: 1.2272113477562559e-05 ph/cm2/s
2020-05-27T09:31:43:  Crab unit factor ..........: 0.0002842725147555979
2020-05-27T09:31:43: === Iterations ===
2020-05-27T09:31:43: +-------------+
2020-05-27T09:31:43: | Iteration 1 |
2020-05-27T09:31:43: +-------------+
2020-05-27T09:32:00: === Simulation ===
2020-05-27T09:32:00:  Number of simulated events : 147.0
2020-05-27T09:32:01:  Iteration 1 ...............: TS=   16.1489  Sim= 100.0000 mCrab  Fit= 153.9598 mCrab  Sens=2.127509e-11 erg/cm2/s
2020-05-27T09:32:01: +-------------+
2020-05-27T09:32:01: | Iteration 2 |
2020-05-27T09:32:01: +-------------+
2020-05-27T09:32:18: === Simulation ===
2020-05-27T09:32:18:  Number of simulated events : 153.0
2020-05-27T09:32:19:  Iteration 2 ...............: TS=   22.1214  Sim= 191.5602 mCrab  Fit= 275.1424 mCrab  Sens=3.802082e-11 erg/cm2/s
2020-05-27T09:32:19: +-------------+
2020-05-27T09:32:19: | Iteration 3 |
2020-05-27T09:32:19: +-------------+
2020-05-27T09:32:36: === Simulation ===
2020-05-27T09:32:36:  Number of simulated events : 136.0
2020-05-27T09:32:37:  Iteration 3 ...............: TS=   21.3274  Sim= 344.8069 mCrab  Fit= 373.0277 mCrab  Sens=5.154720e-11 erg/cm2/s
2020-05-27T09:32:37: +-------------+
2020-05-27T09:32:37: | Iteration 4 |
2020-05-27T09:32:37: +-------------+
2020-05-27T09:32:54: === Simulation ===
2020-05-27T09:32:54:  Number of simulated events : 145.0
2020-05-27T09:32:55:  Iteration 4 ...............: TS=   84.4133  Sim= 440.5025 mCrab  Fit= 522.0463 mCrab  Sens=7.213948e-11 erg/cm2/s
2020-05-27T09:32:55: +-------------+
2020-05-27T09:32:55: | Iteration 5 |
2020-05-27T09:32:55: +-------------+
2020-05-27T09:33:12: === Simulation ===
2020-05-27T09:33:12:  Number of simulated events : 149.0
2020-05-27T09:33:14:  Iteration 5 ...............: TS=    4.6213  Sim= 280.7244 mCrab  Fit=  71.0883 mCrab  Sens=9.823411e-12 erg/cm2/s
2020-05-27T09:33:14:  Converged result ..........: TS=    4.6213  Sim= 267.2454 mCrab                       Sens=3.692957e-11 erg/cm2/s
2020-05-27T09:33:14:  Converged flux ratio ......: 0.9519849700587504
2020-05-27T09:33:14:  Regression coefficient ....: 0.8689906471319416
2020-05-27T09:33:14: === Fit results ===
2020-05-27T09:33:14:  Photon flux ...............: 9.323187801543915e-10 ph/cm2/s
2020-05-27T09:33:14:  Energy flux ...............: 2.17558358707645e-10 erg/cm2/s
2020-05-27T09:33:14:  Crab flux .................: 267.2453754245572 mCrab
2020-05-27T09:33:14:  Differential sensitivity ..: 3.6929565107116816e-11 erg/cm2/s
2020-05-27T09:33:14:  Number of simulated events : 149.0
2020-05-27T09:33:14: === Test source model fitting ===
2020-05-27T09:33:14:  log likelihood ............: 646.1520649621857
2020-05-27T09:33:14:  Number of predicted events : 148.99814900165
2020-05-27T09:33:14:  Model .....................: GRB
2020-05-27T09:33:14:   RA .......................: 266.404994802193 [-360,360] deg (fixed,scale=1)
2020-05-27T09:33:14:   DEC ......................: -28.9361739597975 [-90,90] deg (fixed,scale=1)
2020-05-27T09:33:14:   Prefactor ................: 1.15188218927899e-11 +/- 1.16428892489762e-11 [1e-17,1000] ph/cm2/s/MeV (free,scale=1e-07,gradient)
2020-05-27T09:33:14:   Index ....................: -2.1 [-0,-5]  (fixed,scale=-1,gradient)
2020-05-27T09:33:14:   PivotEnergy ..............: 1000 [10,1000000] MeV (fixed,scale=1000,gradient)
2020-05-27T09:33:14:   Normalization ............: 1 (relative value) (fixed,scale=1,gradient)
2020-05-27T09:33:14:  Model .....................: CTABackgroundModel
2020-05-27T09:33:14:   Prefactor ................: 1.35623715150098 +/- 0.401923382803737 [0.001,1000] ph/cm2/s/MeV (free,scale=1,gradient)
2020-05-27T09:33:14:   Index ....................: 0.0858450795267985 +/- 0.105506713637062 [-5,5]  (free,scale=1,gradient)
2020-05-27T09:33:14:   PivotEnergy ..............: 1000000 [10000,1000000000000] MeV (fixed,scale=1000000,gradient)
2020-05-27T09:33:14:   Normalization ............: 1 (relative value) (fixed,scale=1,gradient)
2020-05-27T09:33:14: 
2020-05-27T09:33:14: Application "cssens" terminated after 92 wall clock seconds, consuming 91.6007 seconds of CPU time.
