2020-05-26T11:28:13: ********************************************************************************
2020-05-26T11:28:13: *                                    cssens                                    *
2020-05-26T11:28:13: * ---------------------------------------------------------------------------- *
2020-05-26T11:28:13: * Version: 1.6.3                                                               *
2020-05-26T11:28:13: ********************************************************************************
2020-05-26T11:28:13: +============+
2020-05-26T11:28:13: | Parameters |
2020-05-26T11:28:13: +============+
2020-05-26T11:28:13:  inobs .....................: NONE
2020-05-26T11:28:13:  inmodel ...................: /astri01/data1/gershon/ctools_patricelli/notebooks/grb.xml
2020-05-26T11:28:13:  srcname ...................: GRB
2020-05-26T11:28:13:  caldb .....................: prod2
2020-05-26T11:28:13:  irf .......................: North_0.5h
2020-05-26T11:28:13:  edisp .....................: no
2020-05-26T11:28:13:  deadc .....................: 0.98
2020-05-26T11:28:13:  outfile ...................: /astri01/data1/gershon/ctools_patricelli/notebooks/outputs/sensi-5.0sigma_obstime-10.0_irf-North_0.5h.txt
2020-05-26T11:28:13:  offset ....................: 0
2020-05-26T11:28:13:  duration ..................: 10
2020-05-26T11:28:13:  rad .......................: 2.25
2020-05-26T11:28:13:  emin ......................: 0.03
2020-05-26T11:28:13:  emax ......................: 10
2020-05-26T11:28:13:  bins ......................: 1
2020-05-26T11:28:13:  enumbins ..................: 0
2020-05-26T11:28:13:  npix ......................: 200
2020-05-26T11:28:13:  binsz .....................: 0.2
2020-05-26T11:28:13:  type ......................: Integral
2020-05-26T11:28:13:  sigma .....................: 5
2020-05-26T11:28:13:  max_iter ..................: 50
2020-05-26T11:28:13:  statistic .................: DEFAULT
2020-05-26T11:28:13:  nthreads ..................: 0
2020-05-26T11:28:13:  chatter ...................: 2
2020-05-26T11:28:13:  clobber ...................: yes
2020-05-26T11:28:13:  debug .....................: no
2020-05-26T11:28:13:  mode ......................: ql
2020-05-26T11:28:13:  logfile ...................: /astri01/data1/gershon/ctools_patricelli/notebooks/logs/sensi-5.0sigma_obstime-10.0_irf-North_0.5h.log
2020-05-26T11:28:13: 
2020-05-26T11:28:13: WARNING: Energy dispersion will *NOT* be considered for the computation. To consider
2020-05-26T11:28:13:          energy dispersion, please set the "edisp" parameter to "yes". Be aware that
2020-05-26T11:28:13:          using energy dispersion will considerably slow down the computations.
2020-05-26T11:28:13: 
2020-05-26T11:28:13: +=================+
2020-05-26T11:28:13: | Multiprocessing |
2020-05-26T11:28:13: +=================+
2020-05-26T11:28:13:  Multiprocessing ...........: available
2020-05-26T11:28:13:  Processes available .......: 64
2020-05-26T11:28:13: 
2020-05-26T11:28:13: +===================+
2020-05-26T11:28:13: | Input observation |
2020-05-26T11:28:13: +===================+
2020-05-26T11:28:13: === GObservations ===
2020-05-26T11:28:13:  Number of observations ....: 1
2020-05-26T11:28:13:  Number of models ..........: 2
2020-05-26T11:28:13:  Number of observed events .: 0
2020-05-26T11:28:13:  Number of predicted events : 0
2020-05-26T11:28:13: 
2020-05-26T11:28:13: +==============+
2020-05-26T11:28:13: | Input models |
2020-05-26T11:28:13: +==============+
2020-05-26T11:28:13: === GModels ===
2020-05-26T11:28:13:  Number of models ..........: 2
2020-05-26T11:28:13:  Number of parameters ......: 10
2020-05-26T11:28:13: === GModelSky ===
2020-05-26T11:28:13:  Name ......................: GRB
2020-05-26T11:28:13:  Instruments ...............: all
2020-05-26T11:28:13:  Test Statistic ............: Computation requested
2020-05-26T11:28:13:  Observation identifiers ...: all
2020-05-26T11:28:13:  Model type ................: PointSource
2020-05-26T11:28:13:  Model components ..........: "PointSource" * "PowerLaw" * "Constant"
2020-05-26T11:28:13:  Number of parameters ......: 6
2020-05-26T11:28:13:  Number of spatial par's ...: 2
2020-05-26T11:28:13:   RA .......................: 266.404994802193 [-360,360] deg (fixed,scale=1)
2020-05-26T11:28:13:   DEC ......................: -28.9361739597975 [-90,90] deg (fixed,scale=1)
2020-05-26T11:28:13:  Number of spectral par's ..: 3
2020-05-26T11:28:13:   Prefactor ................: 5.7e-07 +/- 0 [1e-17,1000] ph/cm2/s/MeV (free,scale=1e-07,gradient)
2020-05-26T11:28:13:   Index ....................: -2.1 [-0,-5]  (fixed,scale=-1,gradient)
2020-05-26T11:28:13:   PivotEnergy ..............: 1000 [10,1000000] MeV (fixed,scale=1000,gradient)
2020-05-26T11:28:13:  Number of temporal par's ..: 1
2020-05-26T11:28:13:   Normalization ............: 1 (relative value) (fixed,scale=1,gradient)
2020-05-26T11:28:13:  Number of scale par's .....: 0
2020-05-26T11:28:13: === GCTAModelIrfBackground ===
2020-05-26T11:28:13:  Name ......................: CTABackgroundModel
2020-05-26T11:28:13:  Instruments ...............: CTA
2020-05-26T11:28:13:  Observation identifiers ...: all
2020-05-26T11:28:13:  Model type ................: "PowerLaw" * "Constant"
2020-05-26T11:28:13:  Number of parameters ......: 4
2020-05-26T11:28:13:  Number of spectral par's ..: 3
2020-05-26T11:28:13:   Prefactor ................: 1 +/- 0 [0.001,1000] ph/cm2/s/MeV (free,scale=1,gradient)
2020-05-26T11:28:13:   Index ....................: 0 +/- 0 [-5,5]  (free,scale=1,gradient)
2020-05-26T11:28:13:   PivotEnergy ..............: 1000000 [10000,1000000000000] MeV (fixed,scale=1000000,gradient)
2020-05-26T11:28:13:  Number of temporal par's ..: 1
2020-05-26T11:28:13:   Normalization ............: 1 (relative value) (fixed,scale=1,gradient)
2020-05-26T11:28:13: 
2020-05-26T11:28:13: +===========================+
2020-05-26T11:28:13: | Sensitivity determination |
2020-05-26T11:28:13: +===========================+
2020-05-26T11:28:13:  Type ......................: Integral
2020-05-26T11:28:13: 
2020-05-26T11:28:13: +---------------------------+
2020-05-26T11:28:13: | Energies: 30 GeV - 10 TeV |
2020-05-26T11:28:13: +---------------------------+
2020-05-26T11:28:13: === Initial parameters ===
2020-05-26T11:28:13:  Crab flux .................: 3.4886245596327748e-09 ph/cm2/s
2020-05-26T11:28:13:  Source model flux .........: 1.2272113477562559e-05 ph/cm2/s
2020-05-26T11:28:13:  Crab unit factor ..........: 0.0002842725147555979
2020-05-26T11:28:13: === Iterations ===
2020-05-26T11:28:31:  Iteration 1 ...............: TS=    6.9866  Sim= 100.0000 mCrab  Fit=  71.4942 mCrab  Sens=9.879493e-12 erg/cm2/s
2020-05-26T11:28:49:  Iteration 2 ...............: TS=    7.4237  Sim= 135.2406 mCrab  Fit= 144.9414 mCrab  Sens=2.002887e-11 erg/cm2/s
2020-05-26T11:39:18:  Iteration 3 ...............: TS=76102219.7539  Sim=200961523.9819 mCrab  Fit=200979490.9690 mCrab  Sens=2.777255e-05 erg/cm2/s
2020-05-26T11:39:39:  Iteration 4 ...............: TS=   20.7244  Sim= 310.4297 mCrab  Fit= 155.2418 mCrab  Sens=2.145224e-11 erg/cm2/s
2020-05-26T11:39:57:  Iteration 5 ...............: TS=    2.4087  Sim= 264.8123 mCrab  Fit=  53.1512 mCrab  Sens=7.344757e-12 erg/cm2/s
2020-05-26T11:40:15:  Iteration 6 ...............: TS=   68.5155  Sim= 299.5544 mCrab  Fit= 519.0489 mCrab  Sens=7.172529e-11 erg/cm2/s
2020-05-26T11:40:33:  Iteration 7 ...............: TS=   46.2394  Sim= 281.7662 mCrab  Fit= 378.7846 mCrab  Sens=5.234272e-11 erg/cm2/s
2020-05-26T11:40:33:  Converged result ..........: TS=   46.2394  Sim= 271.1229 mCrab                       Sens=3.746539e-11 erg/cm2/s
2020-05-26T11:40:33:  Converged flux ratio ......: 0.9622264208401838
2020-05-26T11:40:33:  Regression coefficient ....: 0.9956670276377009
2020-05-26T11:40:33: === Fit results ===
2020-05-26T11:40:33:  Photon flux ...............: 9.458460693101176e-10 ph/cm2/s
2020-05-26T11:40:33:  Energy flux ...............: 2.2071497733330018e-10 erg/cm2/s
2020-05-26T11:40:33:  Crab flux .................: 271.1229176835471 mCrab
2020-05-26T11:40:33:  Differential sensitivity ..: 3.746538709872837e-11 erg/cm2/s
2020-05-26T11:40:33:  Number of simulated events : 163.0
2020-05-26T11:40:33: === Test source model fitting ===
2020-05-26T11:40:33:  log likelihood ............: 710.678975659973
2020-05-26T11:40:33:  Number of predicted events : 162.99866753871615
2020-05-26T11:40:33:  Model .....................: GRB
2020-05-26T11:40:33:   RA .......................: 266.404994802193 [-360,360] deg (fixed,scale=1)
2020-05-26T11:40:33:   DEC ......................: -28.9361739597975 [-90,90] deg (fixed,scale=1)
2020-05-26T11:40:33:   Prefactor ................: 6.13764827174428e-11 +/- 2.21809018883494e-11 [1e-17,1000] ph/cm2/s/MeV (free,scale=1e-07,gradient)
2020-05-26T11:40:33:   Index ....................: -2.1 [-0,-5]  (fixed,scale=-1,gradient)
2020-05-26T11:40:33:   PivotEnergy ..............: 1000 [10,1000000] MeV (fixed,scale=1000,gradient)
2020-05-26T11:40:33:   Normalization ............: 1 (relative value) (fixed,scale=1,gradient)
2020-05-26T11:40:33:  Model .....................: CTABackgroundModel
2020-05-26T11:40:33:   Prefactor ................: 0.853383647522839 +/- 0.230771809068944 [0.001,1000] ph/cm2/s/MeV (free,scale=1,gradient)
2020-05-26T11:40:33:   Index ....................: -0.0184071301449103 +/- 0.0932639554241788 [-5,5]  (free,scale=1,gradient)
2020-05-26T11:40:33:   PivotEnergy ..............: 1000000 [10000,1000000000000] MeV (fixed,scale=1000000,gradient)
2020-05-26T11:40:33:   Normalization ............: 1 (relative value) (fixed,scale=1,gradient)
2020-05-26T11:40:34: 
2020-05-26T11:40:34: Application "cssens" terminated after 741 wall clock seconds, consuming 742.8 seconds of CPU time.
